{"/Users/youki/lesson_manager/app/+not-found.tsx": {"path":"/Users/youki/lesson_manager/app/+not-found.tsx","statementMap":{"0":{"start":{"line":5,"column":2},"end":{"line":15,"column":4}},"1":{"start":{"line":18,"column":15},"end":{"line":33,"column":2}}},"fnMap":{"0":{"name":"NotFoundScreen","decl":{"start":{"line":4,"column":24},"end":{"line":4,"column":38}},"loc":{"start":{"line":4,"column":41},"end":{"line":16,"column":1}},"line":4}},"branchMap":{},"s":{"0":0,"1":0},"f":{"0":0},"b":{}}
,"/Users/youki/lesson_manager/app/App.tsx": {"path":"/Users/youki/lesson_manager/app/App.tsx","statementMap":{"0":{"start":{"line":9,"column":0},"end":{"line":9,"column":66}},"1":{"start":{"line":10,"column":0},"end":{"line":10,"column":93}},"2":{"start":{"line":11,"column":0},"end":{"line":11,"column":73}},"3":{"start":{"line":12,"column":0},"end":{"line":12,"column":76}},"4":{"start":{"line":13,"column":0},"end":{"line":13,"column":83}},"5":{"start":{"line":16,"column":0},"end":{"line":25,"column":1}},"6":{"start":{"line":17,"column":2},"end":{"line":17,"column":70}},"7":{"start":{"line":19,"column":2},"end":{"line":24,"column":3}},"8":{"start":{"line":20,"column":41},"end":{"line":20,"column":70}},"9":{"start":{"line":21,"column":4},"end":{"line":21,"column":59}},"10":{"start":{"line":23,"column":4},"end":{"line":23,"column":68}},"11":{"start":{"line":29,"column":2},"end":{"line":29,"column":14}}},"fnMap":{"0":{"name":"App","decl":{"start":{"line":28,"column":24},"end":{"line":28,"column":27}},"loc":{"start":{"line":28,"column":30},"end":{"line":30,"column":1}},"line":28}},"branchMap":{"0":{"loc":{"start":{"line":10,"column":53},"end":{"line":10,"column":91}},"type":"binary-expr","locations":[{"start":{"line":10,"column":53},"end":{"line":10,"column":70}},{"start":{"line":10,"column":74},"end":{"line":10,"column":91}}],"line":10},"1":{"loc":{"start":{"line":11,"column":40},"end":{"line":11,"column":71}},"type":"cond-expr","locations":[{"start":{"line":11,"column":47},"end":{"line":11,"column":60}},{"start":{"line":11,"column":63},"end":{"line":11,"column":71}}],"line":11},"2":{"loc":{"start":{"line":12,"column":45},"end":{"line":12,"column":74}},"type":"cond-expr","locations":[{"start":{"line":12,"column":50},"end":{"line":12,"column":63}},{"start":{"line":12,"column":66},"end":{"line":12,"column":74}}],"line":12},"3":{"loc":{"start":{"line":13,"column":45},"end":{"line":13,"column":81}},"type":"cond-expr","locations":[{"start":{"line":13,"column":57},"end":{"line":13,"column":70}},{"start":{"line":13,"column":73},"end":{"line":13,"column":81}}],"line":13},"4":{"loc":{"start":{"line":16,"column":0},"end":{"line":25,"column":1}},"type":"if","locations":[{"start":{"line":16,"column":0},"end":{"line":25,"column":1}},{"start":{},"end":{}}],"line":16},"5":{"loc":{"start":{"line":16,"column":4},"end":{"line":16,"column":55}},"type":"binary-expr","locations":[{"start":{"line":16,"column":4},"end":{"line":16,"column":11}},{"start":{"line":16,"column":15},"end":{"line":16,"column":55}}],"line":16}},"s":{"0":0,"1":0,"2":0,"3":0,"4":0,"5":0,"6":0,"7":0,"8":0,"9":0,"10":0,"11":0},"f":{"0":0},"b":{"0":[0,0],"1":[0,0],"2":[0,0],"3":[0,0],"4":[0,0],"5":[0,0]}}
,"/Users/youki/lesson_manager/app/_layout.tsx": {"path":"/Users/youki/lesson_manager/app/_layout.tsx","statementMap":{"0":{"start":{"line":26,"column":2},"end":{"line":26,"column":65}},"1":{"start":{"line":48,"column":0},"end":{"line":48,"column":36}},"2":{"start":{"line":51,"column":30},"end":{"line":51,"column":44}},"3":{"start":{"line":52,"column":31},"end":{"line":52,"column":49}},"4":{"start":{"line":53,"column":16},"end":{"line":53,"column":26}},"5":{"start":{"line":54,"column":35},"end":{"line":54,"column":50}},"6":{"start":{"line":55,"column":36},"end":{"line":55,"column":51}},"7":{"start":{"line":56,"column":60},"end":{"line":56,"column":90}},"8":{"start":{"line":59,"column":26},"end":{"line":59,"column":52}},"9":{"start":{"line":61,"column":20},"end":{"line":61,"column":34}},"10":{"start":{"line":62,"column":22},"end":{"line":62,"column":38}},"11":{"start":{"line":64,"column":2},"end":{"line":70,"column":9}},"12":{"start":{"line":65,"column":4},"end":{"line":67,"column":5}},"13":{"start":{"line":66,"column":6},"end":{"line":66,"column":32}},"14":{"start":{"line":69,"column":4},"end":{"line":69,"column":23}},"15":{"start":{"line":73,"column":2},"end":{"line":93,"column":24}},"16":{"start":{"line":74,"column":28},"end":{"line":88,"column":5}},"17":{"start":{"line":75,"column":6},"end":{"line":87,"column":7}},"18":{"start":{"line":76,"column":8},"end":{"line":86,"column":9}},"19":{"start":{"line":78,"column":10},"end":{"line":78,"column":33}},"20":{"start":{"line":80,"column":38},"end":{"line":80,"column":67}},"21":{"start":{"line":81,"column":10},"end":{"line":81,"column":56}},"22":{"start":{"line":82,"column":10},"end":{"line":82,"column":71}},"23":{"start":{"line":84,"column":10},"end":{"line":84,"column":60}},"24":{"start":{"line":85,"column":10},"end":{"line":85,"column":42}},"25":{"start":{"line":90,"column":4},"end":{"line":92,"column":5}},"26":{"start":{"line":91,"column":6},"end":{"line":91,"column":24}},"27":{"start":{"line":96,"column":2},"end":{"line":100,"column":18}},"28":{"start":{"line":97,"column":4},"end":{"line":99,"column":5}},"29":{"start":{"line":98,"column":6},"end":{"line":98,"column":31}},"30":{"start":{"line":103,"column":2},"end":{"line":115,"column":9}},"31":{"start":{"line":105,"column":25},"end":{"line":112,"column":5}},"32":{"start":{"line":106,"column":6},"end":{"line":111,"column":7}},"33":{"start":{"line":107,"column":8},"end":{"line":107,"column":44}},"34":{"start":{"line":108,"column":8},"end":{"line":108,"column":45}},"35":{"start":{"line":110,"column":8},"end":{"line":110,"column":55}},"36":{"start":{"line":114,"column":4},"end":{"line":114,"column":19}},"37":{"start":{"line":118,"column":2},"end":{"line":120,"column":14}},"38":{"start":{"line":119,"column":4},"end":{"line":119,"column":27}},"39":{"start":{"line":119,"column":15},"end":{"line":119,"column":27}},"40":{"start":{"line":122,"column":2},"end":{"line":158,"column":9}},"41":{"start":{"line":124,"column":24},"end":{"line":154,"column":6}},"42":{"start":{"line":126,"column":6},"end":{"line":150,"column":7}},"43":{"start":{"line":127,"column":8},"end":{"line":132,"column":11}},"44":{"start":{"line":135,"column":8},"end":{"line":140,"column":12}},"45":{"start":{"line":143,"column":8},"end":{"line":143,"column":44}},"46":{"start":{"line":146,"column":8},"end":{"line":146,"column":32}},"47":{"start":{"line":149,"column":8},"end":{"line":149,"column":46}},"48":{"start":{"line":153,"column":6},"end":{"line":153,"column":34}},"49":{"start":{"line":157,"column":4},"end":{"line":157,"column":31}},"50":{"start":{"line":157,"column":17},"end":{"line":157,"column":30}},"51":{"start":{"line":161,"column":2},"end":{"line":167,"column":47}},"52":{"start":{"line":163,"column":4},"end":{"line":166,"column":5}},"53":{"start":{"line":164,"column":6},"end":{"line":164,"column":49}},"54":{"start":{"line":165,"column":6},"end":{"line":165,"column":36}},"55":{"start":{"line":170,"column":2},"end":{"line":177,"column":3}},"56":{"start":{"line":171,"column":4},"end":{"line":176,"column":6}},"57":{"start":{"line":179,"column":2},"end":{"line":182,"column":3}},"58":{"start":{"line":181,"column":4},"end":{"line":181,"column":16}},"59":{"start":{"line":185,"column":2},"end":{"line":193,"column":3}},"60":{"start":{"line":186,"column":4},"end":{"line":192,"column":6}},"61":{"start":{"line":196,"column":2},"end":{"line":248,"column":4}},"62":{"start":{"line":251,"column":15},"end":{"line":265,"column":2}}},"fnMap":{"0":{"name":"TabBarIcon","decl":{"start":{"line":25,"column":9},"end":{"line":25,"column":19}},"loc":{"start":{"line":25,"column":70},"end":{"line":27,"column":1}},"line":25},"1":{"name":"RootLayout","decl":{"start":{"line":50,"column":24},"end":{"line":50,"column":34}},"loc":{"start":{"line":50,"column":37},"end":{"line":249,"column":1}},"line":50},"2":{"name":"(anonymous_2)","decl":{"start":{"line":64,"column":12},"end":{"line":64,"column":13}},"loc":{"start":{"line":64,"column":18},"end":{"line":70,"column":3}},"line":64},"3":{"name":"(anonymous_3)","decl":{"start":{"line":73,"column":12},"end":{"line":73,"column":13}},"loc":{"start":{"line":73,"column":18},"end":{"line":93,"column":3}},"line":73},"4":{"name":"(anonymous_4)","decl":{"start":{"line":74,"column":28},"end":{"line":74,"column":29}},"loc":{"start":{"line":74,"column":40},"end":{"line":88,"column":5}},"line":74},"5":{"name":"(anonymous_5)","decl":{"start":{"line":96,"column":12},"end":{"line":96,"column":13}},"loc":{"start":{"line":96,"column":18},"end":{"line":100,"column":3}},"line":96},"6":{"name":"(anonymous_6)","decl":{"start":{"line":103,"column":12},"end":{"line":103,"column":13}},"loc":{"start":{"line":103,"column":18},"end":{"line":115,"column":3}},"line":103},"7":{"name":"(anonymous_7)","decl":{"start":{"line":105,"column":25},"end":{"line":105,"column":26}},"loc":{"start":{"line":105,"column":37},"end":{"line":112,"column":5}},"line":105},"8":{"name":"(anonymous_8)","decl":{"start":{"line":118,"column":12},"end":{"line":118,"column":13}},"loc":{"start":{"line":118,"column":18},"end":{"line":120,"column":3}},"line":118},"9":{"name":"(anonymous_9)","decl":{"start":{"line":122,"column":12},"end":{"line":122,"column":13}},"loc":{"start":{"line":122,"column":18},"end":{"line":158,"column":3}},"line":122},"10":{"name":"(anonymous_10)","decl":{"start":{"line":124,"column":49},"end":{"line":124,"column":50}},"loc":{"start":{"line":124,"column":78},"end":{"line":154,"column":5}},"line":124},"11":{"name":"(anonymous_11)","decl":{"start":{"line":157,"column":11},"end":{"line":157,"column":12}},"loc":{"start":{"line":157,"column":17},"end":{"line":157,"column":30}},"line":157},"12":{"name":"(anonymous_12)","decl":{"start":{"line":161,"column":12},"end":{"line":161,"column":13}},"loc":{"start":{"line":161,"column":18},"end":{"line":167,"column":3}},"line":161}},"branchMap":{"0":{"loc":{"start":{"line":65,"column":4},"end":{"line":67,"column":5}},"type":"if","locations":[{"start":{"line":65,"column":4},"end":{"line":67,"column":5}},{"start":{},"end":{}}],"line":65},"1":{"loc":{"start":{"line":75,"column":6},"end":{"line":87,"column":7}},"type":"if","locations":[{"start":{"line":75,"column":6},"end":{"line":87,"column":7}},{"start":{},"end":{}}],"line":75},"2":{"loc":{"start":{"line":90,"column":4},"end":{"line":92,"column":5}},"type":"if","locations":[{"start":{"line":90,"column":4},"end":{"line":92,"column":5}},{"start":{},"end":{}}],"line":90},"3":{"loc":{"start":{"line":90,"column":8},"end":{"line":90,"column":25}},"type":"binary-expr","locations":[{"start":{"line":90,"column":8},"end":{"line":90,"column":17}},{"start":{"line":90,"column":21},"end":{"line":90,"column":25}}],"line":90},"4":{"loc":{"start":{"line":97,"column":4},"end":{"line":99,"column":5}},"type":"if","locations":[{"start":{"line":97,"column":4},"end":{"line":99,"column":5}},{"start":{},"end":{}}],"line":97},"5":{"loc":{"start":{"line":119,"column":4},"end":{"line":119,"column":27}},"type":"if","locations":[{"start":{"line":119,"column":4},"end":{"line":119,"column":27}},{"start":{},"end":{}}],"line":119},"6":{"loc":{"start":{"line":126,"column":6},"end":{"line":150,"column":7}},"type":"if","locations":[{"start":{"line":126,"column":6},"end":{"line":150,"column":7}},{"start":{"line":144,"column":13},"end":{"line":150,"column":7}}],"line":126},"7":{"loc":{"start":{"line":131,"column":20},"end":{"line":131,"column":41}},"type":"binary-expr","locations":[{"start":{"line":131,"column":20},"end":{"line":131,"column":33}},{"start":{"line":131,"column":37},"end":{"line":131,"column":41}}],"line":131},"8":{"loc":{"start":{"line":139,"column":20},"end":{"line":139,"column":41}},"type":"binary-expr","locations":[{"start":{"line":139,"column":20},"end":{"line":139,"column":33}},{"start":{"line":139,"column":37},"end":{"line":139,"column":41}}],"line":139},"9":{"loc":{"start":{"line":163,"column":4},"end":{"line":166,"column":5}},"type":"if","locations":[{"start":{"line":163,"column":4},"end":{"line":166,"column":5}},{"start":{},"end":{}}],"line":163},"10":{"loc":{"start":{"line":163,"column":8},"end":{"line":163,"column":60}},"type":"binary-expr","locations":[{"start":{"line":163,"column":8},"end":{"line":163,"column":12}},{"start":{"line":163,"column":16},"end":{"line":163,"column":47}},{"start":{"line":163,"column":51},"end":{"line":163,"column":60}}],"line":163},"11":{"loc":{"start":{"line":170,"column":2},"end":{"line":177,"column":3}},"type":"if","locations":[{"start":{"line":170,"column":2},"end":{"line":177,"column":3}},{"start":{},"end":{}}],"line":170},"12":{"loc":{"start":{"line":179,"column":2},"end":{"line":182,"column":3}},"type":"if","locations":[{"start":{"line":179,"column":2},"end":{"line":182,"column":3}},{"start":{},"end":{}}],"line":179},"13":{"loc":{"start":{"line":179,"column":6},"end":{"line":179,"column":36}},"type":"binary-expr","locations":[{"start":{"line":179,"column":6},"end":{"line":179,"column":13}},{"start":{"line":179,"column":17},"end":{"line":179,"column":36}}],"line":179},"14":{"loc":{"start":{"line":185,"column":2},"end":{"line":193,"column":3}},"type":"if","locations":[{"start":{"line":185,"column":2},"end":{"line":193,"column":3}},{"start":{},"end":{}}],"line":185},"15":{"loc":{"start":{"line":205,"column":9},"end":{"line":244,"column":9}},"type":"cond-expr","locations":[{"start":{"line":206,"column":10},"end":{"line":209,"column":13}},{"start":{"line":210,"column":12},"end":{"line":244,"column":9}}],"line":205},"16":{"loc":{"start":{"line":210,"column":12},"end":{"line":244,"column":9}},"type":"cond-expr","locations":[{"start":{"line":212,"column":10},"end":{"line":214,"column":13}},{"start":{"line":216,"column":10},"end":{"line":243,"column":13}}],"line":210},"17":{"loc":{"start":{"line":246,"column":24},"end":{"line":246,"column":63}},"type":"cond-expr","locations":[{"start":{"line":246,"column":47},"end":{"line":246,"column":54}},{"start":{"line":246,"column":57},"end":{"line":246,"column":63}}],"line":246}},"s":{"0":0,"1":0,"2":0,"3":0,"4":0,"5":0,"6":0,"7":0,"8":0,"9":0,"10":0,"11":0,"12":0,"13":0,"14":0,"15":0,"16":0,"17":0,"18":0,"19":0,"20":0,"21":0,"22":0,"23":0,"24":0,"25":0,"26":0,"27":0,"28":0,"29":0,"30":0,"31":0,"32":0,"33":0,"34":0,"35":0,"36":0,"37":0,"38":0,"39":0,"40":0,"41":0,"42":0,"43":0,"44":0,"45":0,"46":0,"47":0,"48":0,"49":0,"50":0,"51":0,"52":0,"53":0,"54":0,"55":0,"56":0,"57":0,"58":0,"59":0,"60":0,"61":0,"62":0},"f":{"0":0,"1":0,"2":0,"3":0,"4":0,"5":0,"6":0,"7":0,"8":0,"9":0,"10":0,"11":0,"12":0},"b":{"0":[0,0],"1":[0,0],"2":[0,0],"3":[0,0],"4":[0,0],"5":[0,0],"6":[0,0],"7":[0,0],"8":[0,0],"9":[0,0],"10":[0,0,0],"11":[0,0],"12":[0,0],"13":[0,0],"14":[0,0],"15":[0,0],"16":[0,0],"17":[0,0]}}
,"/Users/youki/lesson_manager/app/api-settings.tsx": {"path":"/Users/youki/lesson_manager/app/api-settings.tsx","statementMap":{"0":{"start":{"line":27,"column":37},"end":{"line":31,"column":1}},"1":{"start":{"line":34,"column":36},"end":{"line":34,"column":50}},"2":{"start":{"line":35,"column":34},"end":{"line":35,"column":72}},"3":{"start":{"line":36,"column":34},"end":{"line":36,"column":49}},"4":{"start":{"line":37,"column":17},"end":{"line":37,"column":28}},"5":{"start":{"line":38,"column":19},"end":{"line":38,"column":33}},"6":{"start":{"line":40,"column":2},"end":{"line":42,"column":9}},"7":{"start":{"line":41,"column":4},"end":{"line":41,"column":19}},"8":{"start":{"line":45,"column":23},"end":{"line":69,"column":3}},"9":{"start":{"line":46,"column":4},"end":{"line":49,"column":5}},"10":{"start":{"line":47,"column":6},"end":{"line":47,"column":26}},"11":{"start":{"line":48,"column":6},"end":{"line":48,"column":13}},"12":{"start":{"line":51,"column":4},"end":{"line":68,"column":5}},"13":{"start":{"line":52,"column":30},"end":{"line":52,"column":98}},"14":{"start":{"line":53,"column":26},"end":{"line":53,"column":55}},"15":{"start":{"line":55,"column":6},"end":{"line":62,"column":7}},"16":{"start":{"line":56,"column":21},"end":{"line":56,"column":54}},"17":{"start":{"line":57,"column":8},"end":{"line":61,"column":11}},"18":{"start":{"line":64,"column":6},"end":{"line":64,"column":42}},"19":{"start":{"line":65,"column":6},"end":{"line":65,"column":43}},"20":{"start":{"line":67,"column":6},"end":{"line":67,"column":26}},"21":{"start":{"line":72,"column":23},"end":{"line":89,"column":3}},"22":{"start":{"line":73,"column":4},"end":{"line":76,"column":5}},"23":{"start":{"line":74,"column":6},"end":{"line":74,"column":38}},"24":{"start":{"line":75,"column":6},"end":{"line":75,"column":13}},"25":{"start":{"line":78,"column":4},"end":{"line":78,"column":22}},"26":{"start":{"line":79,"column":4},"end":{"line":88,"column":5}},"27":{"start":{"line":80,"column":30},"end":{"line":80,"column":98}},"28":{"start":{"line":81,"column":6},"end":{"line":81,"column":63}},"29":{"start":{"line":82,"column":6},"end":{"line":82,"column":37}},"30":{"start":{"line":84,"column":6},"end":{"line":84,"column":40}},"31":{"start":{"line":85,"column":6},"end":{"line":85,"column":41}},"32":{"start":{"line":87,"column":6},"end":{"line":87,"column":25}},"33":{"start":{"line":92,"column":25},"end":{"line":97,"column":3}},"34":{"start":{"line":93,"column":4},"end":{"line":96,"column":8}},"35":{"start":{"line":93,"column":27},"end":{"line":96,"column":5}},"36":{"start":{"line":99,"column":2},"end":{"line":280,"column":4}},"37":{"start":{"line":103,"column":43},"end":{"line":103,"column":56}},"38":{"start":{"line":125,"column":31},"end":{"line":125,"column":69}},"39":{"start":{"line":141,"column":31},"end":{"line":141,"column":67}},"40":{"start":{"line":164,"column":35},"end":{"line":164,"column":80}},"41":{"start":{"line":180,"column":35},"end":{"line":180,"column":87}},"42":{"start":{"line":201,"column":35},"end":{"line":201,"column":71}},"43":{"start":{"line":217,"column":35},"end":{"line":217,"column":73}},"44":{"start":{"line":283,"column":15},"end":{"line":412,"column":2}}},"fnMap":{"0":{"name":"ApiSettingsScreen","decl":{"start":{"line":33,"column":24},"end":{"line":33,"column":41}},"loc":{"start":{"line":33,"column":44},"end":{"line":281,"column":1}},"line":33},"1":{"name":"(anonymous_1)","decl":{"start":{"line":40,"column":12},"end":{"line":40,"column":13}},"loc":{"start":{"line":40,"column":18},"end":{"line":42,"column":3}},"line":40},"2":{"name":"(anonymous_2)","decl":{"start":{"line":45,"column":23},"end":{"line":45,"column":24}},"loc":{"start":{"line":45,"column":35},"end":{"line":69,"column":3}},"line":45},"3":{"name":"(anonymous_3)","decl":{"start":{"line":72,"column":23},"end":{"line":72,"column":24}},"loc":{"start":{"line":72,"column":35},"end":{"line":89,"column":3}},"line":72},"4":{"name":"(anonymous_4)","decl":{"start":{"line":92,"column":25},"end":{"line":92,"column":26}},"loc":{"start":{"line":92,"column":65},"end":{"line":97,"column":3}},"line":92},"5":{"name":"(anonymous_5)","decl":{"start":{"line":93,"column":16},"end":{"line":93,"column":17}},"loc":{"start":{"line":93,"column":27},"end":{"line":96,"column":5}},"line":93},"6":{"name":"(anonymous_6)","decl":{"start":{"line":103,"column":37},"end":{"line":103,"column":38}},"loc":{"start":{"line":103,"column":43},"end":{"line":103,"column":56}},"line":103},"7":{"name":"(anonymous_7)","decl":{"start":{"line":125,"column":25},"end":{"line":125,"column":26}},"loc":{"start":{"line":125,"column":31},"end":{"line":125,"column":69}},"line":125},"8":{"name":"(anonymous_8)","decl":{"start":{"line":141,"column":25},"end":{"line":141,"column":26}},"loc":{"start":{"line":141,"column":31},"end":{"line":141,"column":67}},"line":141},"9":{"name":"(anonymous_9)","decl":{"start":{"line":164,"column":29},"end":{"line":164,"column":30}},"loc":{"start":{"line":164,"column":35},"end":{"line":164,"column":80}},"line":164},"10":{"name":"(anonymous_10)","decl":{"start":{"line":180,"column":29},"end":{"line":180,"column":30}},"loc":{"start":{"line":180,"column":35},"end":{"line":180,"column":87}},"line":180},"11":{"name":"(anonymous_11)","decl":{"start":{"line":201,"column":29},"end":{"line":201,"column":30}},"loc":{"start":{"line":201,"column":35},"end":{"line":201,"column":71}},"line":201},"12":{"name":"(anonymous_12)","decl":{"start":{"line":217,"column":29},"end":{"line":217,"column":30}},"loc":{"start":{"line":217,"column":35},"end":{"line":217,"column":73}},"line":217}},"branchMap":{"0":{"loc":{"start":{"line":46,"column":4},"end":{"line":49,"column":5}},"type":"if","locations":[{"start":{"line":46,"column":4},"end":{"line":49,"column":5}},{"start":{},"end":{}}],"line":46},"1":{"loc":{"start":{"line":55,"column":6},"end":{"line":62,"column":7}},"type":"if","locations":[{"start":{"line":55,"column":6},"end":{"line":62,"column":7}},{"start":{},"end":{}}],"line":55},"2":{"loc":{"start":{"line":58,"column":20},"end":{"line":58,"column":61}},"type":"binary-expr","locations":[{"start":{"line":58,"column":20},"end":{"line":58,"column":33}},{"start":{"line":58,"column":37},"end":{"line":58,"column":61}}],"line":58},"3":{"loc":{"start":{"line":59,"column":28},"end":{"line":59,"column":85}},"type":"binary-expr","locations":[{"start":{"line":59,"column":28},"end":{"line":59,"column":49}},{"start":{"line":59,"column":53},"end":{"line":59,"column":85}}],"line":59},"4":{"loc":{"start":{"line":60,"column":22},"end":{"line":60,"column":67}},"type":"binary-expr","locations":[{"start":{"line":60,"column":22},"end":{"line":60,"column":37}},{"start":{"line":60,"column":41},"end":{"line":60,"column":67}}],"line":60},"5":{"loc":{"start":{"line":73,"column":4},"end":{"line":76,"column":5}},"type":"if","locations":[{"start":{"line":73,"column":4},"end":{"line":76,"column":5}},{"start":{},"end":{}}],"line":73},"6":{"loc":{"start":{"line":109,"column":9},"end":{"line":277,"column":9}},"type":"cond-expr","locations":[{"start":{"line":110,"column":10},"end":{"line":113,"column":17}},{"start":{"line":115,"column":10},"end":{"line":276,"column":13}}],"line":109},"7":{"loc":{"start":{"line":123,"column":18},"end":{"line":123,"column":75}},"type":"binary-expr","locations":[{"start":{"line":123,"column":18},"end":{"line":123,"column":50}},{"start":{"line":123,"column":54},"end":{"line":123,"column":75}}],"line":123},"8":{"loc":{"start":{"line":131,"column":17},"end":{"line":133,"column":17}},"type":"binary-expr","locations":[{"start":{"line":131,"column":17},"end":{"line":131,"column":49}},{"start":{"line":132,"column":18},"end":{"line":132,"column":74}}],"line":131},"9":{"loc":{"start":{"line":139,"column":18},"end":{"line":139,"column":73}},"type":"binary-expr","locations":[{"start":{"line":139,"column":18},"end":{"line":139,"column":48}},{"start":{"line":139,"column":52},"end":{"line":139,"column":73}}],"line":139},"10":{"loc":{"start":{"line":147,"column":17},"end":{"line":149,"column":17}},"type":"binary-expr","locations":[{"start":{"line":147,"column":17},"end":{"line":147,"column":47}},{"start":{"line":148,"column":18},"end":{"line":148,"column":74}}],"line":147},"11":{"loc":{"start":{"line":153,"column":13},"end":{"line":229,"column":13}},"type":"binary-expr","locations":[{"start":{"line":153,"column":13},"end":{"line":153,"column":45}},{"start":{"line":154,"column":14},"end":{"line":228,"column":17}}],"line":153},"12":{"loc":{"start":{"line":162,"column":22},"end":{"line":162,"column":86}},"type":"binary-expr","locations":[{"start":{"line":162,"column":22},"end":{"line":162,"column":61}},{"start":{"line":162,"column":65},"end":{"line":162,"column":86}}],"line":162},"13":{"loc":{"start":{"line":170,"column":21},"end":{"line":172,"column":21}},"type":"binary-expr","locations":[{"start":{"line":170,"column":21},"end":{"line":170,"column":60}},{"start":{"line":171,"column":22},"end":{"line":171,"column":78}}],"line":170},"14":{"loc":{"start":{"line":178,"column":22},"end":{"line":178,"column":93}},"type":"binary-expr","locations":[{"start":{"line":178,"column":22},"end":{"line":178,"column":68}},{"start":{"line":178,"column":72},"end":{"line":178,"column":93}}],"line":178},"15":{"loc":{"start":{"line":186,"column":21},"end":{"line":188,"column":21}},"type":"binary-expr","locations":[{"start":{"line":186,"column":21},"end":{"line":186,"column":67}},{"start":{"line":187,"column":22},"end":{"line":187,"column":78}}],"line":186},"16":{"loc":{"start":{"line":199,"column":22},"end":{"line":199,"column":77}},"type":"binary-expr","locations":[{"start":{"line":199,"column":22},"end":{"line":199,"column":52}},{"start":{"line":199,"column":56},"end":{"line":199,"column":77}}],"line":199},"17":{"loc":{"start":{"line":207,"column":21},"end":{"line":209,"column":21}},"type":"binary-expr","locations":[{"start":{"line":207,"column":21},"end":{"line":207,"column":51}},{"start":{"line":208,"column":22},"end":{"line":208,"column":78}}],"line":207},"18":{"loc":{"start":{"line":215,"column":22},"end":{"line":215,"column":79}},"type":"binary-expr","locations":[{"start":{"line":215,"column":22},"end":{"line":215,"column":54}},{"start":{"line":215,"column":58},"end":{"line":215,"column":79}}],"line":215},"19":{"loc":{"start":{"line":223,"column":21},"end":{"line":225,"column":21}},"type":"binary-expr","locations":[{"start":{"line":223,"column":21},"end":{"line":223,"column":53}},{"start":{"line":224,"column":22},"end":{"line":224,"column":78}}],"line":223},"20":{"loc":{"start":{"line":231,"column":13},"end":{"line":260,"column":13}},"type":"binary-expr","locations":[{"start":{"line":231,"column":13},"end":{"line":231,"column":43}},{"start":{"line":232,"column":14},"end":{"line":259,"column":21}}],"line":231},"21":{"loc":{"start":{"line":263,"column":41},"end":{"line":263,"column":72}},"type":"binary-expr","locations":[{"start":{"line":263,"column":41},"end":{"line":263,"column":49}},{"start":{"line":263,"column":53},"end":{"line":263,"column":72}}],"line":263},"22":{"loc":{"start":{"line":267,"column":15},"end":{"line":274,"column":15}},"type":"cond-expr","locations":[{"start":{"line":268,"column":16},"end":{"line":268,"column":66}},{"start":{"line":270,"column":16},"end":{"line":273,"column":19}}],"line":267}},"s":{"0":0,"1":0,"2":0,"3":0,"4":0,"5":0,"6":0,"7":0,"8":0,"9":0,"10":0,"11":0,"12":0,"13":0,"14":0,"15":0,"16":0,"17":0,"18":0,"19":0,"20":0,"21":0,"22":0,"23":0,"24":0,"25":0,"26":0,"27":0,"28":0,"29":0,"30":0,"31":0,"32":0,"33":0,"34":0,"35":0,"36":0,"37":0,"38":0,"39":0,"40":0,"41":0,"42":0,"43":0,"44":0},"f":{"0":0,"1":0,"2":0,"3":0,"4":0,"5":0,"6":0,"7":0,"8":0,"9":0,"10":0,"11":0,"12":0},"b":{"0":[0,0],"1":[0,0],"2":[0,0],"3":[0,0],"4":[0,0],"5":[0,0],"6":[0,0],"7":[0,0],"8":[0,0],"9":[0,0],"10":[0,0],"11":[0,0],"12":[0,0],"13":[0,0],"14":[0,0],"15":[0,0],"16":[0,0],"17":[0,0],"18":[0,0],"19":[0,0],"20":[0,0],"21":[0,0],"22":[0,0]}}
,"/Users/youki/lesson_manager/app/chat-room-form.tsx": {"path":"/Users/youki/lesson_manager/app/chat-room-form.tsx","statementMap":{"0":{"start":{"line":22,"column":15},"end":{"line":32,"column":1}},"1":{"start":{"line":35,"column":28},"end":{"line":35,"column":40}},"2":{"start":{"line":36,"column":44},"end":{"line":36,"column":56}},"3":{"start":{"line":37,"column":40},"end":{"line":37,"column":52}},"4":{"start":{"line":38,"column":46},"end":{"line":38,"column":58}},"5":{"start":{"line":39,"column":32},"end":{"line":39,"column":47}},"6":{"start":{"line":40,"column":44},"end":{"line":40,"column":64}},"7":{"start":{"line":41,"column":17},"end":{"line":41,"column":28}},"8":{"start":{"line":42,"column":19},"end":{"line":42,"column":33}},"9":{"start":{"line":43,"column":17},"end":{"line":43,"column":39}},"10":{"start":{"line":45,"column":2},"end":{"line":69,"column":13}},"11":{"start":{"line":46,"column":29},"end":{"line":66,"column":5}},"12":{"start":{"line":47,"column":6},"end":{"line":47,"column":24}},"13":{"start":{"line":47,"column":17},"end":{"line":47,"column":24}},"14":{"start":{"line":49,"column":6},"end":{"line":65,"column":7}},"15":{"start":{"line":50,"column":24},"end":{"line":50,"column":46}},"16":{"start":{"line":51,"column":8},"end":{"line":61,"column":9}},"17":{"start":{"line":52,"column":28},"end":{"line":54,"column":24}},"18":{"start":{"line":56,"column":10},"end":{"line":56,"column":48}},"19":{"start":{"line":57,"column":10},"end":{"line":57,"column":38}},"20":{"start":{"line":59,"column":10},"end":{"line":59,"column":58}},"21":{"start":{"line":60,"column":10},"end":{"line":60,"column":39}},"22":{"start":{"line":63,"column":8},"end":{"line":63,"column":49}},"23":{"start":{"line":64,"column":8},"end":{"line":64,"column":37}},"24":{"start":{"line":68,"column":4},"end":{"line":68,"column":23}},"25":{"start":{"line":71,"column":27},"end":{"line":185,"column":3}},"26":{"start":{"line":72,"column":4},"end":{"line":75,"column":5}},"27":{"start":{"line":73,"column":6},"end":{"line":73,"column":42}},"28":{"start":{"line":74,"column":6},"end":{"line":74,"column":13}},"29":{"start":{"line":77,"column":4},"end":{"line":184,"column":5}},"30":{"start":{"line":78,"column":6},"end":{"line":78,"column":23}},"31":{"start":{"line":79,"column":6},"end":{"line":82,"column":7}},"32":{"start":{"line":80,"column":8},"end":{"line":80,"column":40}},"33":{"start":{"line":81,"column":8},"end":{"line":81,"column":15}},"34":{"start":{"line":85,"column":25},"end":{"line":85,"column":69}},"35":{"start":{"line":87,"column":27},"end":{"line":87,"column":69}},"36":{"start":{"line":89,"column":6},"end":{"line":95,"column":9}},"37":{"start":{"line":97,"column":23},"end":{"line":102,"column":7}},"38":{"start":{"line":104,"column":6},"end":{"line":104,"column":47}},"39":{"start":{"line":107,"column":6},"end":{"line":151,"column":7}},"40":{"start":{"line":108,"column":8},"end":{"line":150,"column":9}},"41":{"start":{"line":109,"column":10},"end":{"line":109,"column":49}},"42":{"start":{"line":112,"column":29},"end":{"line":118,"column":11}},"43":{"start":{"line":120,"column":10},"end":{"line":146,"column":11}},"44":{"start":{"line":122,"column":30},"end":{"line":127,"column":13}},"45":{"start":{"line":130,"column":12},"end":{"line":134,"column":13}},"46":{"start":{"line":131,"column":14},"end":{"line":133,"column":17}},"47":{"start":{"line":137,"column":12},"end":{"line":141,"column":14}},"48":{"start":{"line":143,"column":12},"end":{"line":143,"column":87}},"49":{"start":{"line":145,"column":12},"end":{"line":145,"column":52}},"50":{"start":{"line":148,"column":10},"end":{"line":148,"column":48}},"51":{"start":{"line":153,"column":6},"end":{"line":170,"column":8}},"52":{"start":{"line":161,"column":14},"end":{"line":166,"column":17}},"53":{"start":{"line":173,"column":6},"end":{"line":173,"column":44}},"54":{"start":{"line":174,"column":25},"end":{"line":174,"column":59}},"55":{"start":{"line":177,"column":6},"end":{"line":179,"column":7}},"56":{"start":{"line":178,"column":8},"end":{"line":178,"column":37}},"57":{"start":{"line":181,"column":6},"end":{"line":181,"column":39}},"58":{"start":{"line":183,"column":6},"end":{"line":183,"column":24}},"59":{"start":{"line":187,"column":2},"end":{"line":286,"column":4}},"60":{"start":{"line":215,"column":16},"end":{"line":234,"column":35}},"61":{"start":{"line":222,"column":20},"end":{"line":222,"column":44}},"62":{"start":{"line":223,"column":20},"end":{"line":223,"column":42}},"63":{"start":{"line":242,"column":16},"end":{"line":242,"column":37}},"64":{"start":{"line":243,"column":16},"end":{"line":245,"column":17}},"65":{"start":{"line":244,"column":18},"end":{"line":244,"column":39}},"66":{"start":{"line":267,"column":27},"end":{"line":267,"column":40}},"67":{"start":{"line":289,"column":15},"end":{"line":412,"column":2}}},"fnMap":{"0":{"name":"ChatRoomFormScreen","decl":{"start":{"line":34,"column":24},"end":{"line":34,"column":42}},"loc":{"start":{"line":34,"column":45},"end":{"line":287,"column":1}},"line":34},"1":{"name":"(anonymous_1)","decl":{"start":{"line":45,"column":12},"end":{"line":45,"column":13}},"loc":{"start":{"line":45,"column":18},"end":{"line":69,"column":3}},"line":45},"2":{"name":"(anonymous_2)","decl":{"start":{"line":46,"column":29},"end":{"line":46,"column":30}},"loc":{"start":{"line":46,"column":41},"end":{"line":66,"column":5}},"line":46},"3":{"name":"(anonymous_3)","decl":{"start":{"line":71,"column":27},"end":{"line":71,"column":28}},"loc":{"start":{"line":71,"column":39},"end":{"line":185,"column":3}},"line":71},"4":{"name":"(anonymous_4)","decl":{"start":{"line":159,"column":21},"end":{"line":159,"column":22}},"loc":{"start":{"line":159,"column":27},"end":{"line":167,"column":13}},"line":159},"5":{"name":"(anonymous_5)","decl":{"start":{"line":214,"column":26},"end":{"line":214,"column":27}},"loc":{"start":{"line":215,"column":16},"end":{"line":234,"column":35}},"line":215},"6":{"name":"(anonymous_6)","decl":{"start":{"line":221,"column":27},"end":{"line":221,"column":28}},"loc":{"start":{"line":221,"column":33},"end":{"line":224,"column":19}},"line":221},"7":{"name":"(anonymous_7)","decl":{"start":{"line":241,"column":28},"end":{"line":241,"column":29}},"loc":{"start":{"line":241,"column":38},"end":{"line":246,"column":15}},"line":241},"8":{"name":"(anonymous_8)","decl":{"start":{"line":267,"column":21},"end":{"line":267,"column":22}},"loc":{"start":{"line":267,"column":27},"end":{"line":267,"column":40}},"line":267}},"branchMap":{"0":{"loc":{"start":{"line":47,"column":6},"end":{"line":47,"column":24}},"type":"if","locations":[{"start":{"line":47,"column":6},"end":{"line":47,"column":24}},{"start":{},"end":{}}],"line":47},"1":{"loc":{"start":{"line":51,"column":8},"end":{"line":61,"column":9}},"type":"if","locations":[{"start":{"line":51,"column":8},"end":{"line":61,"column":9}},{"start":{"line":58,"column":15},"end":{"line":61,"column":9}}],"line":51},"2":{"loc":{"start":{"line":52,"column":28},"end":{"line":54,"column":24}},"type":"cond-expr","locations":[{"start":{"line":53,"column":14},"end":{"line":53,"column":98}},{"start":{"line":54,"column":14},"end":{"line":54,"column":24}}],"line":52},"3":{"loc":{"start":{"line":52,"column":28},"end":{"line":52,"column":107}},"type":"binary-expr","locations":[{"start":{"line":52,"column":28},"end":{"line":52,"column":52}},{"start":{"line":52,"column":56},"end":{"line":52,"column":82}},{"start":{"line":52,"column":86},"end":{"line":52,"column":107}}],"line":52},"4":{"loc":{"start":{"line":72,"column":4},"end":{"line":75,"column":5}},"type":"if","locations":[{"start":{"line":72,"column":4},"end":{"line":75,"column":5}},{"start":{},"end":{}}],"line":72},"5":{"loc":{"start":{"line":79,"column":6},"end":{"line":82,"column":7}},"type":"if","locations":[{"start":{"line":79,"column":6},"end":{"line":82,"column":7}},{"start":{},"end":{}}],"line":79},"6":{"loc":{"start":{"line":85,"column":25},"end":{"line":85,"column":69}},"type":"binary-expr","locations":[{"start":{"line":85,"column":25},"end":{"line":85,"column":43}},{"start":{"line":85,"column":47},"end":{"line":85,"column":60}},{"start":{"line":85,"column":64},"end":{"line":85,"column":69}}],"line":85},"7":{"loc":{"start":{"line":87,"column":27},"end":{"line":87,"column":69}},"type":"binary-expr","locations":[{"start":{"line":87,"column":27},"end":{"line":87,"column":48}},{"start":{"line":87,"column":52},"end":{"line":87,"column":69}}],"line":87},"8":{"loc":{"start":{"line":94,"column":19},"end":{"line":94,"column":46}},"type":"binary-expr","locations":[{"start":{"line":94,"column":19},"end":{"line":94,"column":32}},{"start":{"line":94,"column":36},"end":{"line":94,"column":46}}],"line":94},"9":{"loc":{"start":{"line":101,"column":8},"end":{"line":101,"column":35}},"type":"binary-expr","locations":[{"start":{"line":101,"column":8},"end":{"line":101,"column":21}},{"start":{"line":101,"column":25},"end":{"line":101,"column":35}}],"line":101},"10":{"loc":{"start":{"line":107,"column":6},"end":{"line":151,"column":7}},"type":"if","locations":[{"start":{"line":107,"column":6},"end":{"line":151,"column":7}},{"start":{},"end":{}}],"line":107},"11":{"loc":{"start":{"line":115,"column":12},"end":{"line":115,"column":39}},"type":"binary-expr","locations":[{"start":{"line":115,"column":12},"end":{"line":115,"column":25}},{"start":{"line":115,"column":29},"end":{"line":115,"column":39}}],"line":115},"12":{"loc":{"start":{"line":120,"column":10},"end":{"line":146,"column":11}},"type":"if","locations":[{"start":{"line":120,"column":10},"end":{"line":146,"column":11}},{"start":{"line":144,"column":17},"end":{"line":146,"column":11}}],"line":120},"13":{"loc":{"start":{"line":120,"column":14},"end":{"line":120,"column":46}},"type":"binary-expr","locations":[{"start":{"line":120,"column":14},"end":{"line":120,"column":24}},{"start":{"line":120,"column":28},"end":{"line":120,"column":46}}],"line":120},"14":{"loc":{"start":{"line":130,"column":12},"end":{"line":134,"column":13}},"type":"if","locations":[{"start":{"line":130,"column":12},"end":{"line":134,"column":13}},{"start":{},"end":{}}],"line":130},"15":{"loc":{"start":{"line":177,"column":6},"end":{"line":179,"column":7}},"type":"if","locations":[{"start":{"line":177,"column":6},"end":{"line":179,"column":7}},{"start":{},"end":{}}],"line":177},"16":{"loc":{"start":{"line":177,"column":10},"end":{"line":177,"column":58}},"type":"binary-expr","locations":[{"start":{"line":177,"column":10},"end":{"line":177,"column":23}},{"start":{"line":177,"column":27},"end":{"line":177,"column":58}}],"line":177},"17":{"loc":{"start":{"line":191,"column":18},"end":{"line":191,"column":63}},"type":"cond-expr","locations":[{"start":{"line":191,"column":42},"end":{"line":191,"column":51}},{"start":{"line":191,"column":54},"end":{"line":191,"column":63}}],"line":191},"18":{"loc":{"start":{"line":192,"column":32},"end":{"line":192,"column":62}},"type":"cond-expr","locations":[{"start":{"line":192,"column":56},"end":{"line":192,"column":58}},{"start":{"line":192,"column":61},"end":{"line":192,"column":62}}],"line":192},"19":{"loc":{"start":{"line":219,"column":20},"end":{"line":219,"column":67}},"type":"binary-expr","locations":[{"start":{"line":219,"column":20},"end":{"line":219,"column":43}},{"start":{"line":219,"column":47},"end":{"line":219,"column":67}}],"line":219},"20":{"loc":{"start":{"line":229,"column":22},"end":{"line":229,"column":73}},"type":"binary-expr","locations":[{"start":{"line":229,"column":22},"end":{"line":229,"column":45}},{"start":{"line":229,"column":49},"end":{"line":229,"column":73}}],"line":229},"21":{"loc":{"start":{"line":243,"column":16},"end":{"line":245,"column":17}},"type":"if","locations":[{"start":{"line":243,"column":16},"end":{"line":245,"column":17}},{"start":{},"end":{}}],"line":243},"22":{"loc":{"start":{"line":243,"column":20},"end":{"line":243,"column":59}},"type":"binary-expr","locations":[{"start":{"line":243,"column":20},"end":{"line":243,"column":33}},{"start":{"line":243,"column":37},"end":{"line":243,"column":59}}],"line":243},"23":{"loc":{"start":{"line":273,"column":41},"end":{"line":273,"column":73}},"type":"binary-expr","locations":[{"start":{"line":273,"column":41},"end":{"line":273,"column":48}},{"start":{"line":273,"column":52},"end":{"line":273,"column":73}}],"line":273},"24":{"loc":{"start":{"line":275,"column":22},"end":{"line":275,"column":46}},"type":"binary-expr","locations":[{"start":{"line":275,"column":22},"end":{"line":275,"column":29}},{"start":{"line":275,"column":33},"end":{"line":275,"column":46}}],"line":275},"25":{"loc":{"start":{"line":277,"column":13},"end":{"line":281,"column":13}},"type":"cond-expr","locations":[{"start":{"line":278,"column":14},"end":{"line":278,"column":64}},{"start":{"line":280,"column":14},"end":{"line":280,"column":61}}],"line":277},"26":{"loc":{"start":{"line":302,"column":16},"end":{"line":302,"column":47}},"type":"cond-expr","locations":[{"start":{"line":302,"column":40},"end":{"line":302,"column":42}},{"start":{"line":302,"column":45},"end":{"line":302,"column":47}}],"line":302},"27":{"loc":{"start":{"line":310,"column":16},"end":{"line":310,"column":66}},"type":"cond-expr","locations":[{"start":{"line":310,"column":40},"end":{"line":310,"column":55}},{"start":{"line":310,"column":58},"end":{"line":310,"column":66}}],"line":310},"28":{"loc":{"start":{"line":316,"column":16},"end":{"line":316,"column":66}},"type":"cond-expr","locations":[{"start":{"line":316,"column":40},"end":{"line":316,"column":55}},{"start":{"line":316,"column":58},"end":{"line":316,"column":66}}],"line":316},"29":{"loc":{"start":{"line":326,"column":16},"end":{"line":326,"column":66}},"type":"cond-expr","locations":[{"start":{"line":326,"column":40},"end":{"line":326,"column":55}},{"start":{"line":326,"column":58},"end":{"line":326,"column":66}}],"line":326},"30":{"loc":{"start":{"line":336,"column":16},"end":{"line":336,"column":66}},"type":"cond-expr","locations":[{"start":{"line":336,"column":40},"end":{"line":336,"column":55}},{"start":{"line":336,"column":58},"end":{"line":336,"column":66}}],"line":336},"31":{"loc":{"start":{"line":357,"column":16},"end":{"line":357,"column":66}},"type":"cond-expr","locations":[{"start":{"line":357,"column":40},"end":{"line":357,"column":55}},{"start":{"line":357,"column":58},"end":{"line":357,"column":66}}],"line":357},"32":{"loc":{"start":{"line":371,"column":16},"end":{"line":371,"column":66}},"type":"cond-expr","locations":[{"start":{"line":371,"column":40},"end":{"line":371,"column":55}},{"start":{"line":371,"column":58},"end":{"line":371,"column":66}}],"line":371},"33":{"loc":{"start":{"line":393,"column":16},"end":{"line":393,"column":66}},"type":"cond-expr","locations":[{"start":{"line":393,"column":40},"end":{"line":393,"column":55}},{"start":{"line":393,"column":58},"end":{"line":393,"column":66}}],"line":393},"34":{"loc":{"start":{"line":410,"column":16},"end":{"line":410,"column":66}},"type":"cond-expr","locations":[{"start":{"line":410,"column":40},"end":{"line":410,"column":55}},{"start":{"line":410,"column":58},"end":{"line":410,"column":66}}],"line":410}},"s":{"0":0,"1":0,"2":0,"3":0,"4":0,"5":0,"6":0,"7":0,"8":0,"9":0,"10":0,"11":0,"12":0,"13":0,"14":0,"15":0,"16":0,"17":0,"18":0,"19":0,"20":0,"21":0,"22":0,"23":0,"24":0,"25":0,"26":0,"27":0,"28":0,"29":0,"30":0,"31":0,"32":0,"33":0,"34":0,"35":0,"36":0,"37":0,"38":0,"39":0,"40":0,"41":0,"42":0,"43":0,"44":0,"45":0,"46":0,"47":0,"48":0,"49":0,"50":0,"51":0,"52":0,"53":0,"54":0,"55":0,"56":0,"57":0,"58":0,"59":0,"60":0,"61":0,"62":0,"63":0,"64":0,"65":0,"66":0,"67":0},"f":{"0":0,"1":0,"2":0,"3":0,"4":0,"5":0,"6":0,"7":0,"8":0},"b":{"0":[0,0],"1":[0,0],"2":[0,0],"3":[0,0,0],"4":[0,0],"5":[0,0],"6":[0,0,0],"7":[0,0],"8":[0,0],"9":[0,0],"10":[0,0],"11":[0,0],"12":[0,0],"13":[0,0],"14":[0,0],"15":[0,0],"16":[0,0],"17":[0,0],"18":[0,0],"19":[0,0],"20":[0,0],"21":[0,0],"22":[0,0],"23":[0,0],"24":[0,0],"25":[0,0],"26":[0,0],"27":[0,0],"28":[0,0],"29":[0,0],"30":[0,0],"31":[0,0],"32":[0,0],"33":[0,0],"34":[0,0]}}
,"/Users/youki/lesson_manager/app/chat-room.tsx": {"path":"/Users/youki/lesson_manager/app/chat-room.tsx","statementMap":{"0":{"start":{"line":32,"column":27},"end":{"line":32,"column":31}},"1":{"start":{"line":36,"column":17},"end":{"line":36,"column":39}},"2":{"start":{"line":37,"column":17},"end":{"line":37,"column":28}},"3":{"start":{"line":38,"column":34},"end":{"line":38,"column":48}},"4":{"start":{"line":39,"column":34},"end":{"line":39,"column":65}},"5":{"start":{"line":40,"column":32},"end":{"line":40,"column":44}},"6":{"start":{"line":41,"column":32},"end":{"line":41,"column":46}},"7":{"start":{"line":42,"column":32},"end":{"line":42,"column":47}},"8":{"start":{"line":43,"column":48},"end":{"line":43,"column":62}},"9":{"start":{"line":44,"column":22},"end":{"line":44,"column":44}},"10":{"start":{"line":45,"column":26},"end":{"line":45,"column":41}},"11":{"start":{"line":46,"column":38},"end":{"line":46,"column":49}},"12":{"start":{"line":47,"column":28},"end":{"line":47,"column":57}},"13":{"start":{"line":50,"column":54},"end":{"line":50,"column":69}},"14":{"start":{"line":51,"column":34},"end":{"line":51,"column":46}},"15":{"start":{"line":52,"column":34},"end":{"line":52,"column":46}},"16":{"start":{"line":53,"column":34},"end":{"line":53,"column":49}},"17":{"start":{"line":56,"column":48},"end":{"line":56,"column":79}},"18":{"start":{"line":57,"column":52},"end":{"line":57,"column":80}},"19":{"start":{"line":58,"column":56},"end":{"line":58,"column":71}},"20":{"start":{"line":59,"column":20},"end":{"line":59,"column":53}},"21":{"start":{"line":62,"column":17},"end":{"line":62,"column":39}},"22":{"start":{"line":63,"column":25},"end":{"line":63,"column":57}},"23":{"start":{"line":66,"column":48},"end":{"line":66,"column":63}},"24":{"start":{"line":69,"column":2},"end":{"line":77,"column":34}},"25":{"start":{"line":70,"column":4},"end":{"line":70,"column":84}},"26":{"start":{"line":72,"column":4},"end":{"line":76,"column":5}},"27":{"start":{"line":73,"column":6},"end":{"line":73,"column":21}},"28":{"start":{"line":74,"column":6},"end":{"line":74,"column":27}},"29":{"start":{"line":75,"column":6},"end":{"line":75,"column":31}},"30":{"start":{"line":80,"column":29},"end":{"line":104,"column":3}},"31":{"start":{"line":81,"column":4},"end":{"line":103,"column":5}},"32":{"start":{"line":82,"column":29},"end":{"line":82,"column":58}},"33":{"start":{"line":83,"column":6},"end":{"line":100,"column":7}},"34":{"start":{"line":84,"column":8},"end":{"line":84,"column":67}},"35":{"start":{"line":87,"column":8},"end":{"line":97,"column":9}},"36":{"start":{"line":89,"column":10},"end":{"line":89,"column":58}},"37":{"start":{"line":92,"column":10},"end":{"line":96,"column":11}},"38":{"start":{"line":93,"column":12},"end":{"line":93,"column":53}},"39":{"start":{"line":95,"column":12},"end":{"line":95,"column":45}},"40":{"start":{"line":99,"column":8},"end":{"line":99,"column":49}},"41":{"start":{"line":102,"column":6},"end":{"line":102,"column":41}},"42":{"start":{"line":107,"column":23},"end":{"line":207,"column":3}},"43":{"start":{"line":108,"column":4},"end":{"line":112,"column":5}},"44":{"start":{"line":109,"column":6},"end":{"line":109,"column":24}},"45":{"start":{"line":110,"column":6},"end":{"line":110,"column":36}},"46":{"start":{"line":111,"column":6},"end":{"line":111,"column":13}},"47":{"start":{"line":114,"column":19},"end":{"line":114,"column":49}},"48":{"start":{"line":115,"column":4},"end":{"line":115,"column":47}},"49":{"start":{"line":117,"column":4},"end":{"line":125,"column":5}},"50":{"start":{"line":118,"column":6},"end":{"line":118,"column":45}},"51":{"start":{"line":119,"column":6},"end":{"line":119,"column":23}},"52":{"start":{"line":120,"column":6},"end":{"line":123,"column":15}},"53":{"start":{"line":121,"column":8},"end":{"line":121,"column":40}},"54":{"start":{"line":121,"column":30},"end":{"line":121,"column":38}},"55":{"start":{"line":122,"column":8},"end":{"line":122,"column":23}},"56":{"start":{"line":124,"column":6},"end":{"line":124,"column":13}},"57":{"start":{"line":127,"column":4},"end":{"line":206,"column":5}},"58":{"start":{"line":128,"column":6},"end":{"line":128,"column":23}},"59":{"start":{"line":129,"column":6},"end":{"line":129,"column":21}},"60":{"start":{"line":130,"column":6},"end":{"line":130,"column":72}},"61":{"start":{"line":132,"column":23},"end":{"line":132,"column":52}},"62":{"start":{"line":134,"column":6},"end":{"line":166,"column":7}},"63":{"start":{"line":135,"column":8},"end":{"line":135,"column":56}},"64":{"start":{"line":136,"column":8},"end":{"line":136,"column":39}},"65":{"start":{"line":138,"column":8},"end":{"line":165,"column":9}},"66":{"start":{"line":139,"column":10},"end":{"line":139,"column":58}},"67":{"start":{"line":140,"column":10},"end":{"line":143,"column":19}},"68":{"start":{"line":141,"column":12},"end":{"line":141,"column":44}},"69":{"start":{"line":141,"column":34},"end":{"line":141,"column":42}},"70":{"start":{"line":142,"column":12},"end":{"line":142,"column":27}},"71":{"start":{"line":144,"column":10},"end":{"line":144,"column":17}},"72":{"start":{"line":146,"column":10},"end":{"line":163,"column":12}},"73":{"start":{"line":152,"column":31},"end":{"line":152,"column":44}},"74":{"start":{"line":158,"column":18},"end":{"line":158,"column":35}},"75":{"start":{"line":159,"column":18},"end":{"line":159,"column":33}},"76":{"start":{"line":164,"column":10},"end":{"line":164,"column":17}},"77":{"start":{"line":168,"column":6},"end":{"line":168,"column":28}},"78":{"start":{"line":170,"column":6},"end":{"line":170,"column":34}},"79":{"start":{"line":171,"column":6},"end":{"line":171,"column":34}},"80":{"start":{"line":172,"column":6},"end":{"line":172,"column":23}},"81":{"start":{"line":173,"column":6},"end":{"line":173,"column":60}},"82":{"start":{"line":175,"column":6},"end":{"line":175,"column":46}},"83":{"start":{"line":176,"column":6},"end":{"line":176,"column":38}},"84":{"start":{"line":178,"column":6},"end":{"line":203,"column":7}},"85":{"start":{"line":179,"column":8},"end":{"line":179,"column":56}},"86":{"start":{"line":180,"column":8},"end":{"line":183,"column":17}},"87":{"start":{"line":181,"column":10},"end":{"line":181,"column":42}},"88":{"start":{"line":181,"column":32},"end":{"line":181,"column":40}},"89":{"start":{"line":182,"column":10},"end":{"line":182,"column":25}},"90":{"start":{"line":185,"column":8},"end":{"line":202,"column":10}},"91":{"start":{"line":191,"column":29},"end":{"line":191,"column":42}},"92":{"start":{"line":197,"column":16},"end":{"line":197,"column":33}},"93":{"start":{"line":198,"column":16},"end":{"line":198,"column":31}},"94":{"start":{"line":205,"column":6},"end":{"line":205,"column":24}},"95":{"start":{"line":210,"column":2},"end":{"line":226,"column":4}},"96":{"start":{"line":213,"column":6},"end":{"line":216,"column":7}},"97":{"start":{"line":214,"column":8},"end":{"line":214,"column":69}},"98":{"start":{"line":215,"column":8},"end":{"line":215,"column":23}},"99":{"start":{"line":219,"column":6},"end":{"line":219,"column":42}},"100":{"start":{"line":221,"column":6},"end":{"line":224,"column":8}},"101":{"start":{"line":223,"column":8},"end":{"line":223,"column":45}},"102":{"start":{"line":229,"column":30},"end":{"line":235,"column":3}},"103":{"start":{"line":230,"column":4},"end":{"line":234,"column":5}},"104":{"start":{"line":231,"column":6},"end":{"line":231,"column":34}},"105":{"start":{"line":232,"column":6},"end":{"line":232,"column":34}},"106":{"start":{"line":233,"column":6},"end":{"line":233,"column":34}},"107":{"start":{"line":238,"column":27},"end":{"line":273,"column":3}},"108":{"start":{"line":239,"column":4},"end":{"line":241,"column":5}},"109":{"start":{"line":240,"column":6},"end":{"line":240,"column":13}},"110":{"start":{"line":243,"column":4},"end":{"line":272,"column":5}},"111":{"start":{"line":244,"column":6},"end":{"line":244,"column":24}},"112":{"start":{"line":247,"column":6},"end":{"line":250,"column":9}},"113":{"start":{"line":254,"column":31},"end":{"line":254,"column":46}},"114":{"start":{"line":255,"column":6},"end":{"line":260,"column":9}},"115":{"start":{"line":263,"column":6},"end":{"line":263,"column":35}},"116":{"start":{"line":266,"column":6},"end":{"line":266,"column":44}},"117":{"start":{"line":268,"column":6},"end":{"line":268,"column":44}},"118":{"start":{"line":269,"column":6},"end":{"line":269,"column":61}},"119":{"start":{"line":271,"column":6},"end":{"line":271,"column":25}},"120":{"start":{"line":276,"column":2},"end":{"line":283,"column":27}},"121":{"start":{"line":277,"column":4},"end":{"line":282,"column":5}},"122":{"start":{"line":279,"column":6},"end":{"line":281,"column":14}},"123":{"start":{"line":280,"column":8},"end":{"line":280,"column":25}},"124":{"start":{"line":286,"column":25},"end":{"line":290,"column":3}},"125":{"start":{"line":287,"column":4},"end":{"line":289,"column":5}},"126":{"start":{"line":288,"column":6},"end":{"line":288,"column":58}},"127":{"start":{"line":293,"column":28},"end":{"line":332,"column":3}},"128":{"start":{"line":295,"column":18},"end":{"line":295,"column":61}},"129":{"start":{"line":295,"column":44},"end":{"line":295,"column":60}},"130":{"start":{"line":316,"column":4},"end":{"line":316,"column":34}},"131":{"start":{"line":317,"column":4},"end":{"line":317,"column":34}},"132":{"start":{"line":320,"column":26},"end":{"line":320,"column":50}},"133":{"start":{"line":326,"column":4},"end":{"line":331,"column":5}},"134":{"start":{"line":327,"column":6},"end":{"line":330,"column":9}},"135":{"start":{"line":335,"column":36},"end":{"line":401,"column":3}},"136":{"start":{"line":336,"column":4},"end":{"line":400,"column":6}},"137":{"start":{"line":341,"column":30},"end":{"line":341,"column":59}},"138":{"start":{"line":348,"column":33},"end":{"line":348,"column":47}},"139":{"start":{"line":350,"column":35},"end":{"line":350,"column":40}},"140":{"start":{"line":352,"column":14},"end":{"line":388,"column":16}},"141":{"start":{"line":361,"column":33},"end":{"line":361,"column":60}},"142":{"start":{"line":393,"column":29},"end":{"line":393,"column":58}},"143":{"start":{"line":404,"column":21},"end":{"line":474,"column":3}},"144":{"start":{"line":405,"column":4},"end":{"line":405,"column":43}},"145":{"start":{"line":405,"column":36},"end":{"line":405,"column":43}},"146":{"start":{"line":407,"column":4},"end":{"line":473,"column":5}},"147":{"start":{"line":408,"column":6},"end":{"line":408,"column":23}},"148":{"start":{"line":409,"column":6},"end":{"line":409,"column":21}},"149":{"start":{"line":413,"column":6},"end":{"line":413,"column":37}},"150":{"start":{"line":416,"column":25},"end":{"line":425,"column":7}},"151":{"start":{"line":428,"column":6},"end":{"line":435,"column":7}},"152":{"start":{"line":429,"column":8},"end":{"line":433,"column":10}},"153":{"start":{"line":434,"column":8},"end":{"line":434,"column":15}},"154":{"start":{"line":438,"column":6},"end":{"line":441,"column":7}},"155":{"start":{"line":439,"column":8},"end":{"line":439,"column":46}},"156":{"start":{"line":440,"column":8},"end":{"line":440,"column":15}},"157":{"start":{"line":444,"column":6},"end":{"line":451,"column":7}},"158":{"start":{"line":445,"column":8},"end":{"line":449,"column":10}},"159":{"start":{"line":450,"column":8},"end":{"line":450,"column":15}},"160":{"start":{"line":454,"column":6},"end":{"line":464,"column":7}},"161":{"start":{"line":455,"column":8},"end":{"line":462,"column":10}},"162":{"start":{"line":460,"column":45},"end":{"line":460,"column":58}},"163":{"start":{"line":463,"column":8},"end":{"line":463,"column":15}},"164":{"start":{"line":467,"column":6},"end":{"line":467,"column":26}},"165":{"start":{"line":469,"column":6},"end":{"line":469,"column":42}},"166":{"start":{"line":470,"column":6},"end":{"line":470,"column":44}},"167":{"start":{"line":472,"column":6},"end":{"line":472,"column":24}},"168":{"start":{"line":477,"column":22},"end":{"line":572,"column":3}},"169":{"start":{"line":478,"column":4},"end":{"line":478,"column":26}},"170":{"start":{"line":478,"column":19},"end":{"line":478,"column":26}},"171":{"start":{"line":480,"column":4},"end":{"line":571,"column":5}},"172":{"start":{"line":481,"column":6},"end":{"line":481,"column":23}},"173":{"start":{"line":484,"column":39},"end":{"line":489,"column":7}},"174":{"start":{"line":492,"column":30},"end":{"line":495,"column":7}},"175":{"start":{"line":498,"column":6},"end":{"line":501,"column":9}},"176":{"start":{"line":504,"column":6},"end":{"line":504,"column":21}},"177":{"start":{"line":507,"column":29},"end":{"line":507,"column":60}},"178":{"start":{"line":510,"column":6},"end":{"line":516,"column":9}},"179":{"start":{"line":519,"column":25},"end":{"line":525,"column":7}},"180":{"start":{"line":527,"column":6},"end":{"line":527,"column":41}},"181":{"start":{"line":529,"column":6},"end":{"line":532,"column":7}},"182":{"start":{"line":530,"column":8},"end":{"line":530,"column":46}},"183":{"start":{"line":531,"column":8},"end":{"line":531,"column":68}},"184":{"start":{"line":535,"column":37},"end":{"line":540,"column":7}},"185":{"start":{"line":543,"column":29},"end":{"line":543,"column":60}},"186":{"start":{"line":546,"column":40},"end":{"line":551,"column":7}},"187":{"start":{"line":554,"column":6},"end":{"line":554,"column":35}},"188":{"start":{"line":557,"column":6},"end":{"line":557,"column":97}},"189":{"start":{"line":560,"column":6},"end":{"line":564,"column":14}},"190":{"start":{"line":561,"column":8},"end":{"line":563,"column":9}},"191":{"start":{"line":562,"column":10},"end":{"line":562,"column":62}},"192":{"start":{"line":567,"column":6},"end":{"line":567,"column":42}},"193":{"start":{"line":568,"column":6},"end":{"line":568,"column":44}},"194":{"start":{"line":570,"column":6},"end":{"line":570,"column":24}},"195":{"start":{"line":575,"column":21},"end":{"line":596,"column":3}},"196":{"start":{"line":576,"column":26},"end":{"line":576,"column":48}},"197":{"start":{"line":578,"column":4},"end":{"line":595,"column":6}},"198":{"start":{"line":599,"column":30},"end":{"line":606,"column":3}},"199":{"start":{"line":600,"column":4},"end":{"line":605,"column":11}},"200":{"start":{"line":609,"column":31},"end":{"line":611,"column":3}},"201":{"start":{"line":610,"column":4},"end":{"line":610,"column":33}},"202":{"start":{"line":613,"column":2},"end":{"line":643,"column":3}},"203":{"start":{"line":614,"column":4},"end":{"line":642,"column":6}},"204":{"start":{"line":630,"column":16},"end":{"line":632,"column":35}},"205":{"start":{"line":630,"column":49},"end":{"line":630,"column":62}},"206":{"start":{"line":645,"column":2},"end":{"line":806,"column":4}},"207":{"start":{"line":661,"column":14},"end":{"line":663,"column":33}},"208":{"start":{"line":661,"column":47},"end":{"line":661,"column":60}},"209":{"start":{"line":666,"column":14},"end":{"line":675,"column":21}},"210":{"start":{"line":693,"column":18},"end":{"line":693,"column":35}},"211":{"start":{"line":694,"column":18},"end":{"line":694,"column":33}},"212":{"start":{"line":709,"column":42},"end":{"line":709,"column":49}},"213":{"start":{"line":712,"column":20},"end":{"line":714,"column":21}},"214":{"start":{"line":713,"column":22},"end":{"line":713,"column":75}},"215":{"start":{"line":729,"column":49},"end":{"line":729,"column":75}},"216":{"start":{"line":754,"column":30},"end":{"line":754,"column":58}},"217":{"start":{"line":781,"column":31},"end":{"line":781,"column":59}},"218":{"start":{"line":809,"column":15},"end":{"line":1120,"column":2}}},"fnMap":{"0":{"name":"ChatRoomScreen","decl":{"start":{"line":35,"column":24},"end":{"line":35,"column":38}},"loc":{"start":{"line":35,"column":41},"end":{"line":807,"column":1}},"line":35},"1":{"name":"(anonymous_1)","decl":{"start":{"line":69,"column":12},"end":{"line":69,"column":13}},"loc":{"start":{"line":69,"column":18},"end":{"line":77,"column":3}},"line":69},"2":{"name":"(anonymous_2)","decl":{"start":{"line":80,"column":29},"end":{"line":80,"column":30}},"loc":{"start":{"line":80,"column":41},"end":{"line":104,"column":3}},"line":80},"3":{"name":"(anonymous_3)","decl":{"start":{"line":107,"column":23},"end":{"line":107,"column":24}},"loc":{"start":{"line":107,"column":35},"end":{"line":207,"column":3}},"line":107},"4":{"name":"(anonymous_4)","decl":{"start":{"line":120,"column":17},"end":{"line":120,"column":18}},"loc":{"start":{"line":120,"column":23},"end":{"line":123,"column":7}},"line":120},"5":{"name":"(anonymous_5)","decl":{"start":{"line":121,"column":22},"end":{"line":121,"column":23}},"loc":{"start":{"line":121,"column":30},"end":{"line":121,"column":38}},"line":121},"6":{"name":"(anonymous_6)","decl":{"start":{"line":140,"column":21},"end":{"line":140,"column":22}},"loc":{"start":{"line":140,"column":27},"end":{"line":143,"column":11}},"line":140},"7":{"name":"(anonymous_7)","decl":{"start":{"line":141,"column":26},"end":{"line":141,"column":27}},"loc":{"start":{"line":141,"column":34},"end":{"line":141,"column":42}},"line":141},"8":{"name":"(anonymous_8)","decl":{"start":{"line":152,"column":25},"end":{"line":152,"column":26}},"loc":{"start":{"line":152,"column":31},"end":{"line":152,"column":44}},"line":152},"9":{"name":"(anonymous_9)","decl":{"start":{"line":157,"column":25},"end":{"line":157,"column":26}},"loc":{"start":{"line":157,"column":31},"end":{"line":160,"column":17}},"line":157},"10":{"name":"(anonymous_10)","decl":{"start":{"line":180,"column":19},"end":{"line":180,"column":20}},"loc":{"start":{"line":180,"column":25},"end":{"line":183,"column":9}},"line":180},"11":{"name":"(anonymous_11)","decl":{"start":{"line":181,"column":24},"end":{"line":181,"column":25}},"loc":{"start":{"line":181,"column":32},"end":{"line":181,"column":40}},"line":181},"12":{"name":"(anonymous_12)","decl":{"start":{"line":191,"column":23},"end":{"line":191,"column":24}},"loc":{"start":{"line":191,"column":29},"end":{"line":191,"column":42}},"line":191},"13":{"name":"(anonymous_13)","decl":{"start":{"line":196,"column":23},"end":{"line":196,"column":24}},"loc":{"start":{"line":196,"column":29},"end":{"line":199,"column":15}},"line":196},"14":{"name":"(anonymous_14)","decl":{"start":{"line":211,"column":22},"end":{"line":211,"column":23}},"loc":{"start":{"line":211,"column":28},"end":{"line":225,"column":5}},"line":211},"15":{"name":"(anonymous_15)","decl":{"start":{"line":221,"column":13},"end":{"line":221,"column":14}},"loc":{"start":{"line":221,"column":19},"end":{"line":224,"column":7}},"line":221},"16":{"name":"(anonymous_16)","decl":{"start":{"line":229,"column":30},"end":{"line":229,"column":31}},"loc":{"start":{"line":229,"column":36},"end":{"line":235,"column":3}},"line":229},"17":{"name":"(anonymous_17)","decl":{"start":{"line":238,"column":27},"end":{"line":238,"column":28}},"loc":{"start":{"line":238,"column":39},"end":{"line":273,"column":3}},"line":238},"18":{"name":"(anonymous_18)","decl":{"start":{"line":276,"column":12},"end":{"line":276,"column":13}},"loc":{"start":{"line":276,"column":18},"end":{"line":283,"column":3}},"line":276},"19":{"name":"(anonymous_19)","decl":{"start":{"line":279,"column":17},"end":{"line":279,"column":18}},"loc":{"start":{"line":279,"column":23},"end":{"line":281,"column":7}},"line":279},"20":{"name":"(anonymous_20)","decl":{"start":{"line":286,"column":25},"end":{"line":286,"column":26}},"loc":{"start":{"line":286,"column":31},"end":{"line":290,"column":3}},"line":286},"21":{"name":"(anonymous_21)","decl":{"start":{"line":293,"column":28},"end":{"line":293,"column":29}},"loc":{"start":{"line":293,"column":49},"end":{"line":332,"column":3}},"line":293},"22":{"name":"(anonymous_22)","decl":{"start":{"line":295,"column":39},"end":{"line":295,"column":40}},"loc":{"start":{"line":295,"column":44},"end":{"line":295,"column":60}},"line":295},"23":{"name":"(anonymous_23)","decl":{"start":{"line":335,"column":36},"end":{"line":335,"column":37}},"loc":{"start":{"line":335,"column":42},"end":{"line":401,"column":3}},"line":335},"24":{"name":"(anonymous_24)","decl":{"start":{"line":341,"column":24},"end":{"line":341,"column":25}},"loc":{"start":{"line":341,"column":30},"end":{"line":341,"column":59}},"line":341},"25":{"name":"(anonymous_25)","decl":{"start":{"line":347,"column":33},"end":{"line":347,"column":34}},"loc":{"start":{"line":347,"column":44},"end":{"line":389,"column":13}},"line":347},"26":{"name":"(anonymous_26)","decl":{"start":{"line":361,"column":27},"end":{"line":361,"column":28}},"loc":{"start":{"line":361,"column":33},"end":{"line":361,"column":60}},"line":361},"27":{"name":"(anonymous_27)","decl":{"start":{"line":393,"column":23},"end":{"line":393,"column":24}},"loc":{"start":{"line":393,"column":29},"end":{"line":393,"column":58}},"line":393},"28":{"name":"(anonymous_28)","decl":{"start":{"line":404,"column":21},"end":{"line":404,"column":22}},"loc":{"start":{"line":404,"column":33},"end":{"line":474,"column":3}},"line":404},"29":{"name":"(anonymous_29)","decl":{"start":{"line":460,"column":39},"end":{"line":460,"column":40}},"loc":{"start":{"line":460,"column":45},"end":{"line":460,"column":58}},"line":460},"30":{"name":"(anonymous_30)","decl":{"start":{"line":477,"column":22},"end":{"line":477,"column":23}},"loc":{"start":{"line":477,"column":34},"end":{"line":572,"column":3}},"line":477},"31":{"name":"(anonymous_31)","decl":{"start":{"line":560,"column":17},"end":{"line":560,"column":18}},"loc":{"start":{"line":560,"column":23},"end":{"line":564,"column":7}},"line":560},"32":{"name":"(anonymous_32)","decl":{"start":{"line":575,"column":21},"end":{"line":575,"column":22}},"loc":{"start":{"line":575,"column":58},"end":{"line":596,"column":3}},"line":575},"33":{"name":"(anonymous_33)","decl":{"start":{"line":599,"column":30},"end":{"line":599,"column":31}},"loc":{"start":{"line":600,"column":4},"end":{"line":605,"column":11}},"line":600},"34":{"name":"(anonymous_34)","decl":{"start":{"line":609,"column":31},"end":{"line":609,"column":32}},"loc":{"start":{"line":609,"column":37},"end":{"line":611,"column":3}},"line":609},"35":{"name":"(anonymous_35)","decl":{"start":{"line":629,"column":26},"end":{"line":629,"column":27}},"loc":{"start":{"line":630,"column":16},"end":{"line":632,"column":35}},"line":630},"36":{"name":"(anonymous_36)","decl":{"start":{"line":630,"column":43},"end":{"line":630,"column":44}},"loc":{"start":{"line":630,"column":49},"end":{"line":630,"column":62}},"line":630},"37":{"name":"(anonymous_37)","decl":{"start":{"line":660,"column":24},"end":{"line":660,"column":25}},"loc":{"start":{"line":661,"column":14},"end":{"line":663,"column":33}},"line":661},"38":{"name":"(anonymous_38)","decl":{"start":{"line":661,"column":41},"end":{"line":661,"column":42}},"loc":{"start":{"line":661,"column":47},"end":{"line":661,"column":60}},"line":661},"39":{"name":"(anonymous_39)","decl":{"start":{"line":665,"column":25},"end":{"line":665,"column":26}},"loc":{"start":{"line":666,"column":14},"end":{"line":675,"column":21}},"line":666},"40":{"name":"(anonymous_40)","decl":{"start":{"line":692,"column":25},"end":{"line":692,"column":26}},"loc":{"start":{"line":692,"column":31},"end":{"line":695,"column":17}},"line":692},"41":{"name":"(anonymous_41)","decl":{"start":{"line":709,"column":32},"end":{"line":709,"column":33}},"loc":{"start":{"line":709,"column":42},"end":{"line":709,"column":49}},"line":709},"42":{"name":"(anonymous_42)","decl":{"start":{"line":711,"column":28},"end":{"line":711,"column":29}},"loc":{"start":{"line":711,"column":34},"end":{"line":715,"column":19}},"line":711},"43":{"name":"(anonymous_43)","decl":{"start":{"line":729,"column":44},"end":{"line":729,"column":45}},"loc":{"start":{"line":729,"column":49},"end":{"line":729,"column":75}},"line":729},"44":{"name":"(anonymous_44)","decl":{"start":{"line":754,"column":24},"end":{"line":754,"column":25}},"loc":{"start":{"line":754,"column":30},"end":{"line":754,"column":58}},"line":754},"45":{"name":"(anonymous_45)","decl":{"start":{"line":781,"column":25},"end":{"line":781,"column":26}},"loc":{"start":{"line":781,"column":31},"end":{"line":781,"column":59}},"line":781}},"branchMap":{"0":{"loc":{"start":{"line":59,"column":20},"end":{"line":59,"column":53}},"type":"binary-expr","locations":[{"start":{"line":59,"column":20},"end":{"line":59,"column":44}},{"start":{"line":59,"column":48},"end":{"line":59,"column":53}}],"line":59},"1":{"loc":{"start":{"line":72,"column":4},"end":{"line":76,"column":5}},"type":"if","locations":[{"start":{"line":72,"column":4},"end":{"line":76,"column":5}},{"start":{},"end":{}}],"line":72},"2":{"loc":{"start":{"line":83,"column":6},"end":{"line":100,"column":7}},"type":"if","locations":[{"start":{"line":83,"column":6},"end":{"line":100,"column":7}},{"start":{"line":98,"column":13},"end":{"line":100,"column":7}}],"line":83},"3":{"loc":{"start":{"line":87,"column":8},"end":{"line":97,"column":9}},"type":"if","locations":[{"start":{"line":87,"column":8},"end":{"line":97,"column":9}},{"start":{},"end":{}}],"line":87},"4":{"loc":{"start":{"line":89,"column":29},"end":{"line":89,"column":56}},"type":"binary-expr","locations":[{"start":{"line":89,"column":29},"end":{"line":89,"column":50}},{"start":{"line":89,"column":54},"end":{"line":89,"column":56}}],"line":89},"5":{"loc":{"start":{"line":92,"column":10},"end":{"line":96,"column":11}},"type":"if","locations":[{"start":{"line":92,"column":10},"end":{"line":96,"column":11}},{"start":{"line":94,"column":17},"end":{"line":96,"column":11}}],"line":92},"6":{"loc":{"start":{"line":108,"column":4},"end":{"line":112,"column":5}},"type":"if","locations":[{"start":{"line":108,"column":4},"end":{"line":112,"column":5}},{"start":{},"end":{}}],"line":108},"7":{"loc":{"start":{"line":114,"column":19},"end":{"line":114,"column":49}},"type":"cond-expr","locations":[{"start":{"line":114,"column":39},"end":{"line":114,"column":44}},{"start":{"line":114,"column":47},"end":{"line":114,"column":49}}],"line":114},"8":{"loc":{"start":{"line":117,"column":4},"end":{"line":125,"column":5}},"type":"if","locations":[{"start":{"line":117,"column":4},"end":{"line":125,"column":5}},{"start":{},"end":{}}],"line":117},"9":{"loc":{"start":{"line":134,"column":6},"end":{"line":166,"column":7}},"type":"if","locations":[{"start":{"line":134,"column":6},"end":{"line":166,"column":7}},{"start":{},"end":{}}],"line":134},"10":{"loc":{"start":{"line":138,"column":8},"end":{"line":165,"column":9}},"type":"if","locations":[{"start":{"line":138,"column":8},"end":{"line":165,"column":9}},{"start":{"line":145,"column":15},"end":{"line":165,"column":9}}],"line":138},"11":{"loc":{"start":{"line":178,"column":6},"end":{"line":203,"column":7}},"type":"if","locations":[{"start":{"line":178,"column":6},"end":{"line":203,"column":7}},{"start":{"line":184,"column":13},"end":{"line":203,"column":7}}],"line":178},"12":{"loc":{"start":{"line":213,"column":6},"end":{"line":216,"column":7}},"type":"if","locations":[{"start":{"line":213,"column":6},"end":{"line":216,"column":7}},{"start":{},"end":{}}],"line":213},"13":{"loc":{"start":{"line":213,"column":10},"end":{"line":213,"column":45}},"type":"binary-expr","locations":[{"start":{"line":213,"column":10},"end":{"line":213,"column":19}},{"start":{"line":213,"column":23},"end":{"line":213,"column":38}},{"start":{"line":213,"column":42},"end":{"line":213,"column":45}}],"line":213},"14":{"loc":{"start":{"line":230,"column":4},"end":{"line":234,"column":5}},"type":"if","locations":[{"start":{"line":230,"column":4},"end":{"line":234,"column":5}},{"start":{},"end":{}}],"line":230},"15":{"loc":{"start":{"line":239,"column":4},"end":{"line":241,"column":5}},"type":"if","locations":[{"start":{"line":239,"column":4},"end":{"line":241,"column":5}},{"start":{},"end":{}}],"line":239},"16":{"loc":{"start":{"line":239,"column":8},"end":{"line":239,"column":57}},"type":"binary-expr","locations":[{"start":{"line":239,"column":8},"end":{"line":239,"column":17}},{"start":{"line":239,"column":21},"end":{"line":239,"column":37}},{"start":{"line":239,"column":41},"end":{"line":239,"column":57}}],"line":239},"17":{"loc":{"start":{"line":277,"column":4},"end":{"line":282,"column":5}},"type":"if","locations":[{"start":{"line":277,"column":4},"end":{"line":282,"column":5}},{"start":{},"end":{}}],"line":277},"18":{"loc":{"start":{"line":287,"column":4},"end":{"line":289,"column":5}},"type":"if","locations":[{"start":{"line":287,"column":4},"end":{"line":289,"column":5}},{"start":{},"end":{}}],"line":287},"19":{"loc":{"start":{"line":287,"column":8},"end":{"line":287,"column":57}},"type":"binary-expr","locations":[{"start":{"line":287,"column":8},"end":{"line":287,"column":27}},{"start":{"line":287,"column":31},"end":{"line":287,"column":57}}],"line":287},"20":{"loc":{"start":{"line":320,"column":26},"end":{"line":320,"column":50}},"type":"binary-expr","locations":[{"start":{"line":320,"column":26},"end":{"line":320,"column":41}},{"start":{"line":320,"column":45},"end":{"line":320,"column":50}}],"line":320},"21":{"loc":{"start":{"line":326,"column":4},"end":{"line":331,"column":5}},"type":"if","locations":[{"start":{"line":326,"column":4},"end":{"line":331,"column":5}},{"start":{},"end":{}}],"line":326},"22":{"loc":{"start":{"line":357,"column":20},"end":{"line":357,"column":78}},"type":"binary-expr","locations":[{"start":{"line":357,"column":20},"end":{"line":357,"column":50}},{"start":{"line":357,"column":54},"end":{"line":357,"column":78}}],"line":357},"23":{"loc":{"start":{"line":358,"column":20},"end":{"line":358,"column":53}},"type":"binary-expr","locations":[{"start":{"line":358,"column":20},"end":{"line":358,"column":30}},{"start":{"line":358,"column":34},"end":{"line":358,"column":53}}],"line":358},"24":{"loc":{"start":{"line":359,"column":20},"end":{"line":359,"column":65}},"type":"binary-expr","locations":[{"start":{"line":359,"column":20},"end":{"line":359,"column":32}},{"start":{"line":359,"column":36},"end":{"line":359,"column":65}}],"line":359},"25":{"loc":{"start":{"line":365,"column":21},"end":{"line":369,"column":21}},"type":"binary-expr","locations":[{"start":{"line":365,"column":21},"end":{"line":365,"column":31}},{"start":{"line":366,"column":22},"end":{"line":368,"column":29}}],"line":365},"26":{"loc":{"start":{"line":380,"column":19},"end":{"line":382,"column":19}},"type":"binary-expr","locations":[{"start":{"line":380,"column":19},"end":{"line":380,"column":36}},{"start":{"line":381,"column":20},"end":{"line":381,"column":84}}],"line":380},"27":{"loc":{"start":{"line":384,"column":19},"end":{"line":386,"column":19}},"type":"binary-expr","locations":[{"start":{"line":384,"column":19},"end":{"line":384,"column":49}},{"start":{"line":385,"column":20},"end":{"line":385,"column":101}}],"line":384},"28":{"loc":{"start":{"line":405,"column":4},"end":{"line":405,"column":43}},"type":"if","locations":[{"start":{"line":405,"column":4},"end":{"line":405,"column":43}},{"start":{},"end":{}}],"line":405},"29":{"loc":{"start":{"line":405,"column":8},"end":{"line":405,"column":34}},"type":"binary-expr","locations":[{"start":{"line":405,"column":8},"end":{"line":405,"column":23}},{"start":{"line":405,"column":27},"end":{"line":405,"column":34}}],"line":405},"30":{"loc":{"start":{"line":421,"column":15},"end":{"line":421,"column":37}},"type":"binary-expr","locations":[{"start":{"line":421,"column":15},"end":{"line":421,"column":24}},{"start":{"line":421,"column":28},"end":{"line":421,"column":37}}],"line":421},"31":{"loc":{"start":{"line":422,"column":16},"end":{"line":422,"column":43}},"type":"binary-expr","locations":[{"start":{"line":422,"column":16},"end":{"line":422,"column":33}},{"start":{"line":422,"column":37},"end":{"line":422,"column":43}}],"line":422},"32":{"loc":{"start":{"line":428,"column":6},"end":{"line":435,"column":7}},"type":"if","locations":[{"start":{"line":428,"column":6},"end":{"line":435,"column":7}},{"start":{},"end":{}}],"line":428},"33":{"loc":{"start":{"line":438,"column":6},"end":{"line":441,"column":7}},"type":"if","locations":[{"start":{"line":438,"column":6},"end":{"line":441,"column":7}},{"start":{},"end":{}}],"line":438},"34":{"loc":{"start":{"line":444,"column":6},"end":{"line":451,"column":7}},"type":"if","locations":[{"start":{"line":444,"column":6},"end":{"line":451,"column":7}},{"start":{},"end":{}}],"line":444},"35":{"loc":{"start":{"line":444,"column":10},"end":{"line":444,"column":85}},"type":"binary-expr","locations":[{"start":{"line":444,"column":10},"end":{"line":444,"column":27}},{"start":{"line":444,"column":31},"end":{"line":444,"column":85}}],"line":444},"36":{"loc":{"start":{"line":454,"column":6},"end":{"line":464,"column":7}},"type":"if","locations":[{"start":{"line":454,"column":6},"end":{"line":464,"column":7}},{"start":{},"end":{}}],"line":454},"37":{"loc":{"start":{"line":454,"column":10},"end":{"line":454,"column":84}},"type":"binary-expr","locations":[{"start":{"line":454,"column":10},"end":{"line":454,"column":27}},{"start":{"line":454,"column":31},"end":{"line":454,"column":84}}],"line":454},"38":{"loc":{"start":{"line":478,"column":4},"end":{"line":478,"column":26}},"type":"if","locations":[{"start":{"line":478,"column":4},"end":{"line":478,"column":26}},{"start":{},"end":{}}],"line":478},"39":{"loc":{"start":{"line":493,"column":12},"end":{"line":493,"column":35}},"type":"binary-expr","locations":[{"start":{"line":493,"column":12},"end":{"line":493,"column":29}},{"start":{"line":493,"column":33},"end":{"line":493,"column":35}}],"line":493},"40":{"loc":{"start":{"line":507,"column":29},"end":{"line":507,"column":60}},"type":"binary-expr","locations":[{"start":{"line":507,"column":29},"end":{"line":507,"column":46}},{"start":{"line":507,"column":50},"end":{"line":507,"column":60}}],"line":507},"41":{"loc":{"start":{"line":512,"column":24},"end":{"line":512,"column":57}},"type":"binary-expr","locations":[{"start":{"line":512,"column":24},"end":{"line":512,"column":47}},{"start":{"line":512,"column":51},"end":{"line":512,"column":57}}],"line":512},"42":{"loc":{"start":{"line":521,"column":8},"end":{"line":521,"column":37}},"type":"binary-expr","locations":[{"start":{"line":521,"column":8},"end":{"line":521,"column":31}},{"start":{"line":521,"column":35},"end":{"line":521,"column":37}}],"line":521},"43":{"loc":{"start":{"line":529,"column":6},"end":{"line":532,"column":7}},"type":"if","locations":[{"start":{"line":529,"column":6},"end":{"line":532,"column":7}},{"start":{},"end":{}}],"line":529},"44":{"loc":{"start":{"line":529,"column":10},"end":{"line":529,"column":44}},"type":"binary-expr","locations":[{"start":{"line":529,"column":10},"end":{"line":529,"column":21}},{"start":{"line":529,"column":25},"end":{"line":529,"column":44}}],"line":529},"45":{"loc":{"start":{"line":531,"column":24},"end":{"line":531,"column":66}},"type":"binary-expr","locations":[{"start":{"line":531,"column":24},"end":{"line":531,"column":43}},{"start":{"line":531,"column":47},"end":{"line":531,"column":66}}],"line":531},"46":{"loc":{"start":{"line":536,"column":12},"end":{"line":536,"column":54}},"type":"binary-expr","locations":[{"start":{"line":536,"column":12},"end":{"line":536,"column":32}},{"start":{"line":536,"column":36},"end":{"line":536,"column":54}}],"line":536},"47":{"loc":{"start":{"line":543,"column":29},"end":{"line":543,"column":60}},"type":"binary-expr","locations":[{"start":{"line":543,"column":29},"end":{"line":543,"column":54}},{"start":{"line":543,"column":58},"end":{"line":543,"column":60}}],"line":543},"48":{"loc":{"start":{"line":561,"column":8},"end":{"line":563,"column":9}},"type":"if","locations":[{"start":{"line":561,"column":8},"end":{"line":563,"column":9}},{"start":{},"end":{}}],"line":561},"49":{"loc":{"start":{"line":581,"column":8},"end":{"line":581,"column":79}},"type":"cond-expr","locations":[{"start":{"line":581,"column":24},"end":{"line":581,"column":51}},{"start":{"line":581,"column":54},"end":{"line":581,"column":79}}],"line":581},"50":{"loc":{"start":{"line":585,"column":10},"end":{"line":585,"column":75}},"type":"cond-expr","locations":[{"start":{"line":585,"column":26},"end":{"line":585,"column":50}},{"start":{"line":585,"column":53},"end":{"line":585,"column":75}}],"line":585},"51":{"loc":{"start":{"line":589,"column":12},"end":{"line":589,"column":71}},"type":"cond-expr","locations":[{"start":{"line":589,"column":28},"end":{"line":589,"column":48}},{"start":{"line":589,"column":51},"end":{"line":589,"column":71}}],"line":589},"52":{"loc":{"start":{"line":613,"column":2},"end":{"line":643,"column":3}},"type":"if","locations":[{"start":{"line":613,"column":2},"end":{"line":643,"column":3}},{"start":{},"end":{}}],"line":613},"53":{"loc":{"start":{"line":621,"column":27},"end":{"line":621,"column":52}},"type":"binary-expr","locations":[{"start":{"line":621,"column":27},"end":{"line":621,"column":42}},{"start":{"line":621,"column":46},"end":{"line":621,"column":52}}],"line":621},"54":{"loc":{"start":{"line":652,"column":25},"end":{"line":652,"column":50}},"type":"binary-expr","locations":[{"start":{"line":652,"column":25},"end":{"line":652,"column":40}},{"start":{"line":652,"column":44},"end":{"line":652,"column":50}}],"line":652},"55":{"loc":{"start
[...]
ymous_46)","decl":{"start":{"line":500,"column":33},"end":{"line":500,"column":34}},"loc":{"start":{"line":500,"column":39},"end":{"line":506,"column":25}},"line":500},"47":{"name":"(anonymous_47)","decl":{"start":{"line":509,"column":37},"end":{"line":509,"column":38}},"loc":{"start":{"line":509,"column":43},"end":{"line":509,"column":73}},"line":509},"48":{"name":"(anonymous_48)","decl":{"start":{"line":510,"column":34},"end":{"line":510,"column":35}},"loc":{"start":{"line":510,"column":40},"end":{"line":510,"column":70}},"line":510},"49":{"name":"(anonymous_49)","decl":{"start":{"line":560,"column":23},"end":{"line":560,"column":24}},"loc":{"start":{"line":560,"column":29},"end":{"line":560,"column":54}},"line":560},"50":{"name":"(anonymous_50)","decl":{"start":{"line":583,"column":23},"end":{"line":583,"column":24}},"loc":{"start":{"line":583,"column":29},"end":{"line":583,"column":55}},"line":583},"51":{"name":"(anonymous_51)","decl":{"start":{"line":649,"column":29},"end":{"line":649,"column":30}},"loc":{"start":{"line":649,"column":35},"end":{"line":649,"column":69}},"line":649},"52":{"name":"(anonymous_52)","decl":{"start":{"line":674,"column":41},"end":{"line":674,"column":42}},"loc":{"start":{"line":675,"column":22},"end":{"line":690,"column":29}},"line":675},"53":{"name":"(anonymous_53)","decl":{"start":{"line":678,"column":35},"end":{"line":678,"column":36}},"loc":{"start":{"line":678,"column":41},"end":{"line":684,"column":27}},"line":678},"54":{"name":"(anonymous_54)","decl":{"start":{"line":687,"column":39},"end":{"line":687,"column":40}},"loc":{"start":{"line":687,"column":45},"end":{"line":687,"column":77}},"line":687},"55":{"name":"(anonymous_55)","decl":{"start":{"line":688,"column":36},"end":{"line":688,"column":37}},"loc":{"start":{"line":688,"column":42},"end":{"line":688,"column":74}},"line":688},"56":{"name":"(anonymous_56)","decl":{"start":{"line":782,"column":19},"end":{"line":782,"column":20}},"loc":{"start":{"line":782,"column":25},"end":{"line":782,"column":59}},"line":782}},"branchMap":{"0":{"loc":{"start":{"line":50,"column":23},"end":{"line":50,"column":64}},"type":"cond-expr","locations":[{"start":{"line":50,"column":47},"end":{"line":50,"column":60}},{"start":{"line":50,"column":63},"end":{"line":50,"column":64}}],"line":50},"1":{"loc":{"start":{"line":104,"column":4},"end":{"line":106,"column":5}},"type":"if","locations":[{"start":{"line":104,"column":4},"end":{"line":106,"column":5}},{"start":{},"end":{}}],"line":104},"2":{"loc":{"start":{"line":115,"column":6},"end":{"line":117,"column":7}},"type":"if","locations":[{"start":{"line":115,"column":6},"end":{"line":117,"column":7}},{"start":{},"end":{}}],"line":115},"3":{"loc":{"start":{"line":115,"column":10},"end":{"line":115,"column":51}},"type":"binary-expr","locations":[{"start":{"line":115,"column":10},"end":{"line":115,"column":21}},{"start":{"line":115,"column":25},"end":{"line":115,"column":51}}],"line":115},"4":{"loc":{"start":{"line":141,"column":6},"end":{"line":148,"column":7}},"type":"if","locations":[{"start":{"line":141,"column":6},"end":{"line":148,"column":7}},{"start":{},"end":{}}],"line":141},"5":{"loc":{"start":{"line":141,"column":10},"end":{"line":141,"column":81}},"type":"binary-expr","locations":[{"start":{"line":141,"column":10},"end":{"line":141,"column":20}},{"start":{"line":141,"column":24},"end":{"line":141,"column":54}},{"start":{"line":141,"column":58},"end":{"line":141,"column":81}}],"line":141},"6":{"loc":{"start":{"line":151,"column":6},"end":{"line":157,"column":7}},"type":"if","locations":[{"start":{"line":151,"column":6},"end":{"line":157,"column":7}},{"start":{},"end":{}}],"line":151},"7":{"loc":{"start":{"line":160,"column":6},"end":{"line":162,"column":7}},"type":"if","locations":[{"start":{"line":160,"column":6},"end":{"line":162,"column":7}},{"start":{},"end":{}}],"line":160},"8":{"loc":{"start":{"line":160,"column":10},"end":{"line":160,"column":68}},"type":"binary-expr","locations":[{"start":{"line":160,"column":10},"end":{"line":160,"column":40}},{"start":{"line":160,"column":44},"end":{"line":160,"column":68}}],"line":160},"9":{"loc":{"start":{"line":165,"column":6},"end":{"line":174,"column":7}},"type":"if","locations":[{"start":{"line":165,"column":6},"end":{"line":174,"column":7}},{"start":{},"end":{}}],"line":165},"10":{"loc":{"start":{"line":165,"column":10},"end":{"line":165,"column":54}},"type":"binary-expr","locations":[{"start":{"line":165,"column":10},"end":{"line":165,"column":40}},{"start":{"line":165,"column":44},"end":{"line":165,"column":54}}],"line":165},"11":{"loc":{"start":{"line":167,"column":8},"end":{"line":173,"column":9}},"type":"if","locations":[{"start":{"line":167,"column":8},"end":{"line":173,"column":9}},{"start":{},"end":{}}],"line":167},"12":{"loc":{"start":{"line":191,"column":26},"end":{"line":197,"column":74}},"type":"binary-expr","locations":[{"start":{"line":191,"column":26},"end":{"line":191,"column":43}},{"start":{"line":192,"column":9},"end":{"line":192,"column":23}},{"start":{"line":192,"column":27},"end":{"line":192,"column":90}},{"start":{"line":193,"column":9},"end":{"line":193,"column":22}},{"start":{"line":193,"column":26},"end":{"line":193,"column":54}},{"start":{"line":193,"column":58},"end":{"line":195,"column":9}},{"start":{"line":196,"column":9},"end":{"line":196,"column":25}},{"start":{"line":196,"column":29},"end":{"line":196,"column":43}},{"start":{"line":197,"column":10},"end":{"line":197,"column":73}}],"line":191},"13":{"loc":{"start":{"line":194,"column":10},"end":{"line":194,"column":73}},"type":"binary-expr","locations":[{"start":{"line":194,"column":10},"end":{"line":194,"column":15}},{"start":{"line":194,"column":19},"end":{"line":194,"column":73}}],"line":194},"14":{"loc":{"start":{"line":200,"column":23},"end":{"line":203,"column":10}},"type":"binary-expr","locations":[{"start":{"line":200,"column":23},"end":{"line":200,"column":48}},{"start":{"line":201,"column":9},"end":{"line":201,"column":20}},{"start":{"line":201,"column":24},"end":{"line":201,"column":50}},{"start":{"line":201,"column":54},"end":{"line":203,"column":9}}],"line":200},"15":{"loc":{"start":{"line":205,"column":13},"end":{"line":205,"column":52}},"type":"binary-expr","locations":[{"start":{"line":205,"column":13},"end":{"line":205,"column":25}},{"start":{"line":205,"column":29},"end":{"line":205,"column":40}},{"start":{"line":205,"column":44},"end":{"line":205,"column":52}}],"line":205},"16":{"loc":{"start":{"line":212,"column":6},"end":{"line":216,"column":7}},"type":"if","locations":[{"start":{"line":212,"column":6},"end":{"line":216,"column":7}},{"start":{},"end":{}}],"line":212},"17":{"loc":{"start":{"line":226,"column":8},"end":{"line":240,"column":9}},"type":"if","locations":[{"start":{"line":226,"column":8},"end":{"line":240,"column":9}},{"start":{"line":228,"column":15},"end":{"line":240,"column":9}}],"line":226},"18":{"loc":{"start":{"line":236,"column":22},"end":{"line":236,"column":48}},"type":"binary-expr","locations":[{"start":{"line":236,"column":22},"end":{"line":236,"column":43}},{"start":{"line":236,"column":47},"end":{"line":236,"column":48}}],"line":236},"19":{"loc":{"start":{"line":237,"column":20},"end":{"line":237,"column":44}},"type":"binary-expr","locations":[{"start":{"line":237,"column":20},"end":{"line":237,"column":39}},{"start":{"line":237,"column":43},"end":{"line":237,"column":44}}],"line":237},"20":{"loc":{"start":{"line":256,"column":8},"end":{"line":256,"column":38}},"type":"if","locations":[{"start":{"line":256,"column":8},"end":{"line":256,"column":38}},{"start":{},"end":{}}],"line":256},"21":{"loc":{"start":{"line":262,"column":10},"end":{"line":271,"column":11}},"type":"if","locations":[{"start":{"line":262,"column":10},"end":{"line":271,"column":11}},{"start":{"line":269,"column":17},"end":{"line":271,"column":11}}],"line":262},"22":{"loc":{"start":{"line":301,"column":6},"end":{"line":303,"column":24}},"type":"cond-expr","locations":[{"start":{"line":302,"column":10},"end":{"line":302,"column":37}},{"start":{"line":303,"column":10},"end":{"line":303,"column":24}}],"line":301},"23":{"loc":{"start":{"line":323,"column":4},"end":{"line":332,"column":5}},"type":"if","locations":[{"start":{"line":323,"column":4},"end":{"line":332,"column":5}},{"start":{"line":326,"column":11},"end":{"line":332,"column":5}}],"line":323},"24":{"loc":{"start":{"line":328,"column":8},"end":{"line":330,"column":31}},"type":"cond-expr","locations":[{"start":{"line":329,"column":12},"end":{"line":329,"column":46}},{"start":{"line":330,"column":12},"end":{"line":330,"column":31}}],"line":328},"25":{"loc":{"start":{"line":337,"column":4},"end":{"line":337,"column":45}},"type":"if","locations":[{"start":{"line":337,"column":4},"end":{"line":337,"column":45}},{"start":{},"end":{}}],"line":337},"26":{"loc":{"start":{"line":355,"column":4},"end":{"line":355,"column":45}},"type":"if","locations":[{"start":{"line":355,"column":4},"end":{"line":355,"column":45}},{"start":{},"end":{}}],"line":355},"27":{"loc":{"start":{"line":368,"column":4},"end":{"line":368,"column":45}},"type":"if","locations":[{"start":{"line":368,"column":4},"end":{"line":368,"column":45}},{"start":{},"end":{}}],"line":368},"28":{"loc":{"start":{"line":381,"column":6},"end":{"line":383,"column":7}},"type":"if","locations":[{"start":{"line":381,"column":6},"end":{"line":383,"column":7}},{"start":{},"end":{}}],"line":381},"29":{"loc":{"start":{"line":391,"column":4},"end":{"line":391,"column":34}},"type":"if","locations":[{"start":{"line":391,"column":4},"end":{"line":391,"column":34}},{"start":{},"end":{}}],"line":391},"30":{"loc":{"start":{"line":413,"column":6},"end":{"line":415,"column":30}},"type":"cond-expr","locations":[{"start":{"line":414,"column":10},"end":{"line":414,"column":45}},{"start":{"line":415,"column":10},"end":{"line":415,"column":30}}],"line":413},"31":{"loc":{"start":{"line":430,"column":4},"end":{"line":447,"column":5}},"type":"if","locations":[{"start":{"line":430,"column":4},"end":{"line":447,"column":5}},{"start":{},"end":{}}],"line":430},"32":{"loc":{"start":{"line":474,"column":26},"end":{"line":474,"column":63}},"type":"cond-expr","locations":[{"start":{"line":474,"column":39},"end":{"line":474,"column":52}},{"start":{"line":474,"column":55},"end":{"line":474,"column":63}}],"line":474},"33":{"loc":{"start":{"line":484,"column":26},"end":{"line":484,"column":82}},"type":"cond-expr","locations":[{"start":{"line":484,"column":39},"end":{"line":484,"column":58}},{"start":{"line":484,"column":61},"end":{"line":484,"column":82}}],"line":484},"34":{"loc":{"start":{"line":501,"column":26},"end":{"line":505,"column":27}},"type":"if","locations":[{"start":{"line":501,"column":26},"end":{"line":505,"column":27}},{"start":{"line":503,"column":33},"end":{"line":505,"column":27}}],"line":501},"35":{"loc":{"start":{"line":521,"column":31},"end":{"line":521,"column":83}},"type":"cond-expr","locations":[{"start":{"line":521,"column":49},"end":{"line":521,"column":67}},{"start":{"line":521,"column":70},"end":{"line":521,"column":83}}],"line":521},"36":{"loc":{"start":{"line":541,"column":13},"end":{"line":548,"column":13}},"type":"binary-expr","locations":[{"start":{"line":541,"column":13},"end":{"line":541,"column":39}},{"start":{"line":541,"column":43},"end":{"line":541,"column":65}},{"start":{"line":541,"column":69},"end":{"line":541,"column":82}},{"start":{"line":542,"column":14},"end":{"line":547,"column":16}}],"line":541},"37":{"loc":{"start":{"line":558,"column":16},"end":{"line":558,"column":68}},"type":"binary-expr","locations":[{"start":{"line":558,"column":16},"end":{"line":558,"column":38}},{"start":{"line":558,"column":42},"end":{"line":558,"column":68}}],"line":558},"38":{"loc":{"start":{"line":565,"column":23},"end":{"line":565,"column":69}},"type":"cond-expr","locations":[{"start":{"line":565,"column":48},"end":{"line":565,"column":57}},{"start":{"line":565,"column":60},"end":{"line":565,"column":69}}],"line":565},"39":{"loc":{"start":{"line":571,"column":18},"end":{"line":571,"column":74}},"type":"binary-expr","locations":[{"start":{"line":571,"column":18},"end":{"line":571,"column":40}},{"start":{"line":571,"column":44},"end":{"line":571,"column":74}}],"line":571},"40":{"loc":{"start":{"line":581,"column":16},"end":{"line":581,"column":69}},"type":"binary-expr","locations":[{"start":{"line":581,"column":16},"end":{"line":581,"column":39}},{"start":{"line":581,"column":43},"end":{"line":581,"column":69}}],"line":581},"41":{"loc":{"start":{"line":588,"column":23},"end":{"line":588,"column":70}},"type":"cond-expr","locations":[{"start":{"line":588,"column":49},"end":{"line":588,"column":58}},{"start":{"line":588,"column":61},"end":{"line":588,"column":70}}],"line":588},"42":{"loc":{"start":{"line":594,"column":18},"end":{"line":594,"column":75}},"type":"binary-expr","locations":[{"start":{"line":594,"column":18},"end":{"line":594,"column":41}},{"start":{"line":594,"column":45},"end":{"line":594,"column":75}}],"line":594},"43":{"loc":{"start":{"line":604,"column":11},"end":{"line":617,"column":11}},"type":"binary-expr","locations":[{"start":{"line":604,"column":11},"end":{"line":604,"column":26}},{"start":{"line":605,"column":12},"end":{"line":616,"column":19}}],"line":604},"44":{"loc":{"start":{"line":620,"column":11},"end":{"line":699,"column":11}},"type":"binary-expr","locations":[{"start":{"line":620,"column":11},"end":{"line":620,"column":33}},{"start":{"line":621,"column":12},"end":{"line":698,"column":15}}],"line":620},"45":{"loc":{"start":{"line":623,"column":15},"end":{"line":697,"column":15}},"type":"cond-expr","locations":[{"start":{"line":624,"column":16},"end":{"line":627,"column":23}},{"start":{"line":628,"column":18},"end":{"line":697,"column":15}}],"line":623},"46":{"loc":{"start":{"line":628,"column":18},"end":{"line":697,"column":15}},"type":"cond-expr","locations":[{"start":{"line":629,"column":16},"end":{"line":656,"column":23}},{"start":{"line":658,"column":16},"end":{"line":696,"column":29}}],"line":628},"47":{"loc":{"start":{"line":638,"column":21},"end":{"line":640,"column":36}},"type":"cond-expr","locations":[{"start":{"line":639,"column":24},"end":{"line":639,"column":36}},{"start":{"line":640,"column":24},"end":{"line":640,"column":36}}],"line":638},"48":{"loc":{"start":{"line":638,"column":21},"end":{"line":638,"column":58}},"type":"binary-expr","locations":[{"start":{"line":638,"column":21},"end":{"line":638,"column":31}},{"start":{"line":638,"column":35},"end":{"line":638,"column":58}}],"line":638},"49":{"loc":{"start":{"line":662,"column":20},"end":{"line":662,"column":60}},"type":"binary-expr","locations":[{"start":{"line":662,"column":20},"end":{"line":662,"column":35}},{"start":{"line":662,"column":39},"end":{"line":662,"column":60}}],"line":662},"50":{"loc":{"start":{"line":679,"column":28},"end":{"line":683,"column":29}},"type":"if","locations":[{"start":{"line":679,"column":28},"end":{"line":683,"column":29}},{"start":{"line":681,"column":35},"end":{"line":683,"column":29}}],"line":679},"51":{"loc":{"start":{"line":695,"column":41},"end":{"line":695,"column":93}},"type":"cond-expr","locations":[{"start":{"line":695,"column":59},"end":{"line":695,"column":77}},{"start":{"line":695,"column":80},"end":{"line":695,"column":93}}],"line":695},"52":{"loc":{"start":{"line":702,"column":11},"end":{"line":713,"column":11}},"type":"binary-expr","locations":[{"start":{"line":702,"column":11},"end":{"line":702,"column":34}},{"start":{"line":703,"column":12},"end":{"line":712,"column":15}}],"line":702},"53":{"loc":{"start":{"line":704,"column":15},"end":{"line":711,"column":15}},"type":"cond-expr","locations":[{"start":{"line":705,"column":16},"end":{"line":708,"column":23}},{"start":{"line":710,"column":16},"end":{"line":710,"column":39}}],"line":704},"54":{"loc":{"start":{"line":715,"column":11},"end":{"line":768,"column":11}},"type":"binary-expr","locations":[{"start":{"line":715,"column":11},"end":{"line":715,"column":26}},{"start":{"line":715,"column":30},"end":{"line":715,"column":56}},{"start":{"line":716,"column":12},"end":{"line":767,"column":19}}],"line":715},"55":{"loc":{"start":{"line":773,"column":7},"end":{"line":786,"column":7}},"type":"binary-expr","locations":[{"start":{"line":773,"column":7},"end":{"line":773,"column":23}},{"start":{"line":773,"column":27},"end":{"line":773,"column":49}},{"start":{"line":773,"column":53},"end":{"line":773,"column":79}},{"start":{"line":774,"column":8},"end":{"line":785,"column":27}}],"line":773}},"s":{"0":0,"1":0,"2":0,"3":0,"4":0,"5":0,"6":0,"7":0,"8":0,"9":0,"10":0,"11":0,"12":0,"13":0,"14":0,"15":0,"16":0,"17":0,"18":0,"19":0,"20":0,"21":0,"22":0,"23":0,"24":0,"25":0,"26":0,"27":0,"28":0,"29":0,"30":0,"31":0,"32":0,"33":0,"34":0,"35":0,"36":0,"37":0,"38":0,"39":0,"40":0,"41":0,"42":0,"43":0,"44":0,"45":0,"46":0,"47":0,"48":0,"49":0,"50":0,"51":0,"52":0,"53":0,"54":0,"55":0,"56":0,"57":0,"58":0,"59":0,"60":0,"61":0,"62":0,"63":0,"64":0,"65":0,"66":0,"67":0,"68":0,"69":0,"70":0,"71":0,"72":0,"73":0,"74":0,"75":0,"76":0,"77":0,"78":0,"79":0,"80":0,"81":0,"82":0,"83":0,"84":0,"85":0,"86":0,"87":0,"88":0,"89":0,"90":0,"91":0,"92":0,"93":0,"94":0,"95":0,"96":0,"97":0,"98":0,"99":0,"100":0,"101":0,"102":0,"103":0,"104":0,"105":0,"106":0,"107":0,"108":0,"109":0,"110":0,"111":0,"112":0,"113":0,"114":0,"115":0,"116":0,"117":0,"118":0,"119":0,"120":0,"121":0,"122":0,"123":0,"124":0,"125":0,"126":0,"127":0,"128":0,"129":0,"130":0,"131":0,"132":0,"133":0,"134":0,"135":0,"136":0,"137":0,"138":0,"139":0,"140":0,"141":0,"142":0,"143":0,"144":0,"145":0,"146":0,"147":0,"148":0,"149":0,"150":0,"151":0,"152":0,"153":0,"154":0,"155":0,"156":0,"157":0,"158":0,"159":0,"160":0,"161":0,"162":0,"163":0,"164":0,"165":0,"166":0,"167":0,"168":0,"169":0,"170":0,"171":0,"172":0,"173":0,"174":0,"175":0,"176":0,"177":0,"178":0,"179":0,"180":0,"181":0,"182":0,"183":0,"184":0,"185":0,"186":0,"187":0,"188":0,"189":0,"190":0},"f":{"0":0,"1":0,"2":0,"3":0,"4":0,"5":0,"6":0,"7":0,"8":0,"9":0,"10":0,"11":0,"12":0,"13":0,"14":0,"15":0,"16":0,"17":0,"18":0,"19":0,"20":0,"21":0,"22":0,"23":0,"24":0,"25":0,"26":0,"27":0,"28":0,"29":0,"30":0,"31":0,"32":0,"33":0,"34":0,"35":0,"36":0,"37":0,"38":0,"39":0,"40":0,"41":0,"42":0,"43":0,"44":0,"45":0,"46":0,"47":0,"48":0,"49":0,"50":0,"51":0,"52":0,"53":0,"54":0,"55":0,"56":0},"b":{"0":[0,0],"1":[0,0],"2":[0,0],"3":[0,0],"4":[0,0],"5":[0,0,0],"6":[0,0],"7":[0,0],"8":[0,0],"9":[0,0],"10":[0,0],"11":[0,0],"12":[0,0,0,0,0,0,0,0,0],"13":[0,0],"14":[0,0,0,0],"15":[0,0,0],"16":[0,0],"17":[0,0],"18":[0,0],"19":[0,0],"20":[0,0],"21":[0,0],"22":[0,0],"23":[0,0],"24":[0,0],"25":[0,0],"26":[0,0],"27":[0,0],"28":[0,0],"29":[0,0],"30":[0,0],"31":[0,0],"32":[0,0],"33":[0,0],"34":[0,0],"35":[0,0],"36":[0,0,0,0],"37":[0,0],"38":[0,0],"39":[0,0],"40":[0,0],"41":[0,0],"42":[0,0],"43":[0,0],"44":[0,0],"45":[0,0],"46":[0,0],"47":[0,0],"48":[0,0],"49":[0,0],"50":[0,0],"51":[0,0],"52":[0,0],"53":[0,0],"54":[0,0,0],"55":[0,0,0,0]}}
,"/Users/youki/lesson_manager/app/tabs/schedule.tsx": {"path":"/Users/youki/lesson_manager/app/tabs/schedule.tsx","statementMap":{"0":{"start":{"line":5,"column":2},"end":{"line":5,"column":28}}},"fnMap":{"0":{"name":"ScheduleScreen","decl":{"start":{"line":4,"column":24},"end":{"line":4,"column":38}},"loc":{"start":{"line":4,"column":41},"end":{"line":6,"column":1}},"line":4}},"branchMap":{},"s":{"0":0},"f":{"0":0},"b":{}}
,"/Users/youki/lesson_manager/app/tabs/task.tsx": {"path":"/Users/youki/lesson_manager/app/tabs/task.tsx","statementMap":{"0":{"start":{"line":8,"column":16},"end":{"line":8,"column":26}},"1":{"start":{"line":10,"column":2},"end":{"line":20,"column":4}},"2":{"start":{"line":23,"column":15},"end":{"line":50,"column":2}}},"fnMap":{"0":{"name":"TaskScreen","decl":{"start":{"line":7,"column":24},"end":{"line":7,"column":34}},"loc":{"start":{"line":7,"column":37},"end":{"line":21,"column":1}},"line":7}},"branchMap":{},"s":{"0":0,"1":0,"2":0},"f":{"0":0},"b":{}}
}
