TN:
SF:app/+not-found.tsx
FN:4,NotFoundScreen
FNF:1
FNH:0
FNDA:0,NotFoundScreen
DA:5,0
DA:18,0
LF:2
LH:0
BRF:0
BRH:0
end_of_record
TN:
SF:app/App.tsx
FN:28,App
FNF:1
FNH:0
FNDA:0,App
DA:9,0
DA:10,0
DA:11,0
DA:12,0
DA:13,0
DA:16,0
DA:17,0
DA:19,0
DA:20,0
DA:21,0
DA:23,0
DA:29,0
LF:12
LH:0
BRDA:10,0,0,0
BRDA:10,0,1,0
BRDA:11,1,0,0
BRDA:11,1,1,0
BRDA:12,2,0,0
BRDA:12,2,1,0
BRDA:13,3,0,0
BRDA:13,3,1,0
BRDA:16,4,0,0
BRDA:16,4,1,0
BRDA:16,5,0,0
BRDA:16,5,1,0
BRF:12
BRH:0
end_of_record
TN:
SF:app/_layout.tsx
FN:25,TabBarIcon
FN:50,RootLayout
FN:64,(anonymous_2)
FN:73,(anonymous_3)
FN:74,(anonymous_4)
FN:96,(anonymous_5)
FN:103,(anonymous_6)
FN:105,(anonymous_7)
FN:118,(anonymous_8)
FN:122,(anonymous_9)
FN:124,(anonymous_10)
FN:157,(anonymous_11)
FN:161,(anonymous_12)
FNF:13
FNH:0
FNDA:0,TabBarIcon
FNDA:0,RootLayout
FNDA:0,(anonymous_2)
FNDA:0,(anonymous_3)
FNDA:0,(anonymous_4)
FNDA:0,(anonymous_5)
FNDA:0,(anonymous_6)
FNDA:0,(anonymous_7)
FNDA:0,(anonymous_8)
FNDA:0,(anonymous_9)
FNDA:0,(anonymous_10)
FNDA:0,(anonymous_11)
FNDA:0,(anonymous_12)
DA:26,0
DA:48,0
DA:51,0
DA:52,0
DA:53,0
DA:54,0
DA:55,0
DA:56,0
DA:59,0
DA:61,0
DA:62,0
DA:64,0
DA:65,0
DA:66,0
DA:69,0
DA:73,0
DA:74,0
DA:75,0
DA:76,0
DA:78,0
DA:80,0
DA:81,0
DA:82,0
DA:84,0
DA:85,0
DA:90,0
DA:91,0
DA:96,0
DA:97,0
DA:98,0
DA:103,0
DA:105,0
DA:106,0
DA:107,0
DA:108,0
DA:110,0
DA:114,0
DA:118,0
DA:119,0
DA:122,0
DA:124,0
DA:126,0
DA:127,0
DA:135,0
DA:143,0
DA:146,0
DA:149,0
DA:153,0
DA:157,0
DA:161,0
DA:163,0
DA:164,0
DA:165,0
DA:170,0
DA:171,0
DA:179,0
DA:181,0
DA:185,0
DA:186,0
DA:196,0
DA:251,0
LF:61
LH:0
BRDA:65,0,0,0
BRDA:65,0,1,0
BRDA:75,1,0,0
BRDA:75,1,1,0
BRDA:90,2,0,0
BRDA:90,2,1,0
BRDA:90,3,0,0
BRDA:90,3,1,0
BRDA:97,4,0,0
BRDA:97,4,1,0
BRDA:119,5,0,0
BRDA:119,5,1,0
BRDA:126,6,0,0
BRDA:126,6,1,0
BRDA:131,7,0,0
BRDA:131,7,1,0
BRDA:139,8,0,0
BRDA:139,8,1,0
BRDA:163,9,0,0
BRDA:163,9,1,0
BRDA:163,10,0,0
BRDA:163,10,1,0
BRDA:163,10,2,0
BRDA:170,11,0,0
BRDA:170,11,1,0
BRDA:179,12,0,0
BRDA:179,12,1,0
BRDA:179,13,0,0
BRDA:179,13,1,0
BRDA:185,14,0,0
BRDA:185,14,1,0
BRDA:205,15,0,0
BRDA:205,15,1,0
BRDA:210,16,0,0
BRDA:210,16,1,0
BRDA:246,17,0,0
BRDA:246,17,1,0
BRF:37
BRH:0
end_of_record
TN:
SF:app/api-settings.tsx
FN:33,ApiSettingsScreen
FN:40,(anonymous_1)
FN:45,(anonymous_2)
FN:72,(anonymous_3)
FN:92,(anonymous_4)
FN:93,(anonymous_5)
FN:103,(anonymous_6)
FN:125,(anonymous_7)
FN:141,(anonymous_8)
FN:164,(anonymous_9)
FN:180,(anonymous_10)
FN:201,(anonymous_11)
FN:217,(anonymous_12)
FNF:13
FNH:0
FNDA:0,ApiSettingsScreen
FNDA:0,(anonymous_1)
FNDA:0,(anonymous_2)
FNDA:0,(anonymous_3)
FNDA:0,(anonymous_4)
FNDA:0,(anonymous_5)
FNDA:0,(anonymous_6)
FNDA:0,(anonymous_7)
FNDA:0,(anonymous_8)
FNDA:0,(anonymous_9)
FNDA:0,(anonymous_10)
FNDA:0,(anonymous_11)
FNDA:0,(anonymous_12)
DA:27,0
DA:34,0
DA:35,0
DA:36,0
DA:37,0
DA:38,0
DA:40,0
DA:41,0
DA:45,0
DA:46,0
DA:47,0
DA:48,0
DA:51,0
DA:52,0
DA:53,0
DA:55,0
DA:56,0
DA:57,0
DA:64,0
DA:65,0
DA:67,0
DA:72,0
DA:73,0
DA:74,0
DA:75,0
DA:78,0
DA:79,0
DA:80,0
DA:81,0
DA:82,0
DA:84,0
DA:85,0
DA:87,0
DA:92,0
DA:93,0
DA:99,0
DA:103,0
DA:125,0
DA:141,0
DA:164,0
DA:180,0
DA:201,0
DA:217,0
DA:283,0
LF:44
LH:0
BRDA:46,0,0,0
BRDA:46,0,1,0
BRDA:55,1,0,0
BRDA:55,1,1,0
BRDA:58,2,0,0
BRDA:58,2,1,0
BRDA:59,3,0,0
BRDA:59,3,1,0
BRDA:60,4,0,0
BRDA:60,4,1,0
BRDA:73,5,0,0
BRDA:73,5,1,0
BRDA:109,6,0,0
BRDA:109,6,1,0
BRDA:123,7,0,0
BRDA:123,7,1,0
BRDA:131,8,0,0
BRDA:131,8,1,0
BRDA:139,9,0,0
BRDA:139,9,1,0
BRDA:147,10,0,0
BRDA:147,10,1,0
BRDA:153,11,0,0
BRDA:153,11,1,0
BRDA:162,12,0,0
BRDA:162,12,1,0
BRDA:170,13,0,0
BRDA:170,13,1,0
BRDA:178,14,0,0
BRDA:178,14,1,0
BRDA:186,15,0,0
BRDA:186,15,1,0
BRDA:199,16,0,0
BRDA:199,16,1,0
BRDA:207,17,0,0
BRDA:207,17,1,0
BRDA:215,18,0,0
BRDA:215,18,1,0
BRDA:223,19,0,0
BRDA:223,19,1,0
BRDA:231,20,0,0
BRDA:231,20,1,0
BRDA:263,21,0,0
BRDA:263,21,1,0
BRDA:267,22,0,0
BRDA:267,22,1,0
BRF:46
BRH:0
end_of_record
TN:
SF:app/chat-room-form.tsx
FN:34,ChatRoomFormScreen
FN:45,(anonymous_1)
FN:46,(anonymous_2)
FN:71,(anonymous_3)
FN:159,(anonymous_4)
FN:214,(anonymous_5)
FN:221,(anonymous_6)
FN:241,(anonymous_7)
FN:267,(anonymous_8)
FNF:9
FNH:0
FNDA:0,ChatRoomFormScreen
FNDA:0,(anonymous_1)
FNDA:0,(anonymous_2)
FNDA:0,(anonymous_3)
FNDA:0,(anonymous_4)
FNDA:0,(anonymous_5)
FNDA:0,(anonymous_6)
FNDA:0,(anonymous_7)
FNDA:0,(anonymous_8)
DA:22,0
DA:35,0
DA:36,0
DA:37,0
DA:38,0
DA:39,0
DA:40,0
DA:41,0
DA:42,0
DA:43,0
DA:45,0
DA:46,0
DA:47,0
DA:49,0
DA:50,0
DA:51,0
DA:52,0
DA:56,0
DA:57,0
DA:59,0
DA:60,0
DA:63,0
DA:64,0
DA:68,0
DA:71,0
DA:72,0
DA:73,0
DA:74,0
DA:77,0
DA:78,0
DA:79,0
DA:80,0
DA:81,0
DA:85,0
DA:87,0
DA:89,0
DA:97,0
DA:104,0
DA:107,0
DA:108,0
DA:109,0
DA:112,0
DA:120,0
DA:122,0
DA:130,0
DA:131,0
DA:137,0
DA:143,0
DA:145,0
DA:148,0
DA:153,0
DA:161,0
DA:173,0
DA:174,0
DA:177,0
DA:178,0
DA:181,0
DA:183,0
DA:187,0
DA:215,0
DA:222,0
DA:223,0
DA:242,0
DA:243,0
DA:244,0
DA:267,0
DA:289,0
LF:67
LH:0
BRDA:47,0,0,0
BRDA:47,0,1,0
BRDA:51,1,0,0
BRDA:51,1,1,0
BRDA:52,2,0,0
BRDA:52,2,1,0
BRDA:52,3,0,0
BRDA:52,3,1,0
BRDA:52,3,2,0
BRDA:72,4,0,0
BRDA:72,4,1,0
BRDA:79,5,0,0
BRDA:79,5,1,0
BRDA:85,6,0,0
BRDA:85,6,1,0
BRDA:85,6,2,0
BRDA:87,7,0,0
BRDA:87,7,1,0
BRDA:94,8,0,0
BRDA:94,8,1,0
BRDA:101,9,0,0
BRDA:101,9,1,0
BRDA:107,10,0,0
BRDA:107,10,1,0
BRDA:115,11,0,0
BRDA:115,11,1,0
BRDA:120,12,0,0
BRDA:120,12,1,0
BRDA:120,13,0,0
BRDA:120,13,1,0
BRDA:130,14,0,0
BRDA:130,14,1,0
BRDA:177,15,0,0
BRDA:177,15,1,0
BRDA:177,16,0,0
BRDA:177,16,1,0
BRDA:191,17,0,0
BRDA:191,17,1,0
BRDA:192,18,0,0
BRDA:192,18,1,0
BRDA:219,19,0,0
BRDA:219,19,1,0
BRDA:229,20,0,0
BRDA:229,20,1,0
BRDA:243,21,0,0
BRDA:243,21,1,0
BRDA:243,22,0,0
BRDA:243,22,1,0
BRDA:273,23,0,0
BRDA:273,23,1,0
BRDA:275,24,0,0
BRDA:275,24,1,0
BRDA:277,25,0,0
BRDA:277,25,1,0
BRDA:302,26,0,0
BRDA:302,26,1,0
BRDA:310,27,0,0
BRDA:310,27,1,0
BRDA:316,28,0,0
BRDA:316,28,1,0
BRDA:326,29,0,0
BRDA:326,29,1,0
BRDA:336,30,0,0
BRDA:336,30,1,0
BRDA:357,31,0,0
BRDA:357,31,1,0
BRDA:371,32,0,0
BRDA:371,32,1,0
BRDA:393,33,0,0
BRDA:393,33,1,0
BRDA:410,34,0,0
BRDA:410,34,1,0
BRF:72
BRH:0
end_of_record
TN:
SF:app/chat-room.tsx
FN:35,ChatRoomScreen
FN:69,(anonymous_1)
FN:80,(anonymous_2)
FN:107,(anonymous_3)
FN:120,(anonymous_4)
FN:121,(anonymous_5)
FN:140,(anonymous_6)
FN:141,(anonymous_7)
FN:152,(anonymous_8)
FN:157,(anonymous_9)
FN:180,(anonymous_10)
FN:181,(anonymous_11)
FN:191,(anonymous_12)
FN:196,(anonymous_13)
FN:211,(anonymous_14)
FN:221,(anonymous_15)
FN:229,(anonymous_16)
FN:238,(anonymous_17)
FN:276,(anonymous_18)
FN:279,(anonymous_19)
FN:286,(anonymous_20)
FN:293,(anonymous_21)
FN:295,(anonymous_22)
FN:335,(anonymous_23)
FN:341,(anonymous_24)
FN:347,(anonymous_25)
FN:361,(anonymous_26)
FN:393,(anonymous_27)
FN:404,(anonymous_28)
FN:460,(anonymous_29)
FN:477,(anonymous_30)
FN:560,(anonymous_31)
FN:575,(anonymous_32)
FN:599,(anonymous_33)
FN:609,(anonymous_34)
FN:629,(anonymous_35)
FN:630,(anonymous_36)
FN:660,(anonymous_37)
FN:661,(anonymous_38)
FN:665,(anonymous_39)
FN:692,(anonymous_40)
FN:709,(anonymous_41)
FN:711,(anonymous_42)
FN:729,(anonymous_43)
FN:754,(anonymous_44)
FN:781,(anonymous_45)
FNF:46
FNH:0
FNDA:0,ChatRoomScreen
FNDA:0,(anonymous_1)
FNDA:0,(anonymous_2)
FNDA:0,(anonymous_3)
FNDA:0,(anonymous_4)
FNDA:0,(anonymous_5)
FNDA:0,(anonymous_6)
FNDA:0,(anonymous_7)
FNDA:0,(anonymous_8)
FNDA:0,(anonymous_9)
FNDA:0,(anonymous_10)
FNDA:0,(anonymous_11)
FNDA:0,(anonymous_12)
FNDA:0,(anonymous_13)
FNDA:0,(anonymous_14)
FNDA:0,(anonymous_15)
FNDA:0,(anonymous_16)
FNDA:0,(anonymous_17)
FNDA:0,(anonymous_18)
FNDA:0,(anonymous_19)
FNDA:0,(anonymous_20)
FNDA:0,(anonymous_21)
FNDA:0,(anonymous_22)
FNDA:0,(anonymous_23)
FNDA:0,(anonymous_24)
FNDA:0,(anonymous_25)
FNDA:0,(anonymous_26)
FNDA:0,(anonymous_27)
FNDA:0,(anonymous_28)
FNDA:0,(anonymous_29)
FNDA:0,(anonymous_30)
FNDA:0,(anonymous_31)
FNDA:0,(anonymous_32)
FNDA:0,(anonymous_33)
FNDA:0,(anonymous_34)
FNDA:0,(anonymous_35)
FNDA:0,(anonymous_36)
FNDA:0,(anonymous_37)
FNDA:0,(anonymous_38)
FNDA:0,(anonymous_39)
FNDA:0,(anonymous_40)
FNDA:0,(anonymous_41)
FNDA:0,(anonymous_42)
FNDA:0,(anonymous_43)
FNDA:0,(anonymous_44)
FNDA:0,(anonymous_45)
DA:32,0
DA:36,0
DA:37,0
DA:38,0
DA:39,0
DA:40,0
DA:41,0
DA:42,0
DA:43,0
DA:44,0
DA:45,0
DA:46,0
DA:47,0
DA:50,0
DA:51,0
DA:52,0
DA:53,0
DA:56,0
DA:57,0
DA:58,0
DA:59,0
DA:62,0
DA:63,0
DA:66,0
DA:69,0
DA:70,0
DA:72,0
DA:73,0
DA:74,0
DA:75,0
DA:80,0
DA:81,0
DA:82,0
DA:83,0
DA:84,0
DA:87,0
DA:89,0
DA:92,0
DA:93,0
DA:95,0
DA:99,0
DA:102,0
DA:107,0
DA:108,0
DA:109,0
DA:110,0
DA:111,0
DA:114,0
DA:115,0
DA:117,0
DA:118,0
DA:119,0
DA:120,0
DA:121,0
DA:122,0
DA:124,0
DA:127,0
DA:128,0
DA:129,0
DA:130,0
DA:132,0
DA:134,0
DA:135,0
DA:136,0
DA:138,0
DA:139,0
DA:140,0
DA:141,0
DA:142,0
DA:144,0
DA:146,0
DA:152,0
DA:158,0
DA:159,0
DA:164,0
DA:168,0
DA:170,0
DA:171,0
DA:172,0
DA:173,0
DA:175,0
DA:176,0
DA:178,0
DA:179,0
DA:180,0
DA:181,0
DA:182,0
DA:185,0
DA:191,0
DA:197,0
DA:198,0
DA:205,0
DA:210,0
DA:213,0
DA:214,0
DA:215,0
DA:219,0
DA:221,0
DA:223,0
DA:229,0
DA:230,0
DA:231,0
DA:232,0
DA:233,0
DA:238,0
DA:239,0
DA:240,0
DA:243,0
DA:244,0
DA:247,0
DA:254,0
DA:255,0
DA:263,0
DA:266,0
DA:268,0
DA:269,0
DA:271,0
DA:276,0
DA:277,0
DA:279,0
DA:280,0
DA:286,0
DA:287,0
DA:288,0
DA:293,0
DA:295,0
DA:316,0
DA:317,0
DA:320,0
DA:326,0
DA:327,0
DA:335,0
DA:336,0
DA:341,0
DA:348,0
DA:350,0
DA:352,0
DA:361,0
DA:393,0
DA:404,0
DA:405,0
DA:407,0
DA:408,0
DA:409,0
DA:413,0
DA:416,0
DA:428,0
DA:429,0
DA:434,0
DA:438,0
DA:439,0
DA:440,0
DA:444,0
DA:445,0
DA:450,0
DA:454,0
DA:455,0
DA:460,0
DA:463,0
DA:467,0
DA:469,0
DA:470,0
DA:472,0
DA:477,0
DA:478,0
DA:480,0
DA:481,0
DA:484,0
DA:492,0
DA:498,0
DA:504,0
DA:507,0
DA:510,0
DA:519,0
DA:527,0
DA:529,0
DA:530,0
DA:531,0
DA:535,0
DA:543,0
DA:546,0
DA:554,0
DA:557,0
DA:560,0
DA:561,0
DA:562,0
DA:567,0
DA:568,0
DA:570,0
DA:575,0
DA:576,0
DA:578,0
DA:599,0
DA:600,0
DA:609,0
DA:610,0
DA:613,0
DA:614,0
DA:630,0
DA:645,0
DA:661,0
DA:666,0
DA:693,0
DA:694,0
DA:709,0
DA:712,0
DA:713,0
DA:729,0
DA:754,0
DA:781,0
DA:809,0
LF:211
LH:0
BRDA:59,0,0,0
BRDA:59,0,1,0
BRDA:72,1,0,0
BRDA:72,1,1,0
BRDA:83,2,0,0
BRDA:83,2,1,0
BRDA:87,3,0,0
BRDA:87,3,1,0
BRDA:89,4,0,0
BRDA:89,4,1,0
BRDA:92,5,0,0
BRDA:92,5,1,0
BRDA:108,6,0,0
BRDA:108,6,1,0
BRDA:114,7,0,0
BRDA:114,7,1,0
BRDA:117,8,0,0
BRDA:117,8,1,0
BRDA:134,9,0,0
BRDA:134,9,1,0
BRDA:138,10,0,0
BRDA:138,10,1,0
BRDA:178,11,0,0
BRDA:178,11,1,0
BRDA:213,12,0,0
BRDA:213,12,1,0
BRDA:213,13,0,0
BRDA:213,13,1,0
BRDA:213,13,2,0
BRDA:230,14,0,0
BRDA:230,14,1,0
BRDA:239,15,0,0
BRDA:239,15,1,0
BRDA:239,16,0,0
BRDA:239,16,1,0
BRDA:239,16,2,0
BRDA:277,17,0,0
BRDA:277,17,1,0
BRDA:287,18,0,0
BRDA:287,18,1,0
BRDA:287,19,0,0
BRDA:287,19,1,0
BRDA:320,20,0,0
BRDA:320,20,1,0
BRDA:326,21,0,0
BRDA:326,21,1,0
BRDA:357,22,0,0
BRDA:357,22,1,0
BRDA:358,23,0,0
BRDA:358,23,1,0
BRDA:359,24,0,0
BRDA:359,24,1,0
BRDA:365,25,0,0
BRDA:365,25,1,0
BRDA:380,26,0,0
BRDA:380,26,1,0
BRDA:384,27,0,0
BRDA:384,27,1,0
BRDA:405,28,0,0
BRDA:405,28,1,0
BRDA:405,29,0,0
BRDA:405,29,1,0
BRDA:421,30,0,0
BRDA:421,30,1,0
BRDA:422,31,0,0
BRDA:422,31,1,0
BRDA:428,32,0,0
BRDA:428,32,1,0
BRDA:438,33,0,0
BRDA:438,33,1,0
BRDA:444,34,0,0
BRDA:444,34,1,0
BRDA:444,35,0,0
BRDA:444,35,1,0
BRDA:454,36,0,0
BRDA:454,36,1,0
BRDA:454,37,0,0
BRDA:454,37,1,0
BRDA:478,38,0,0
BRDA:478,38,1,0
BRDA:493,39,0,0
BRDA:493,39,1,0
BRDA:507,40,0,0
BRDA:507,40,1,0
BRDA:512,41,0,0
BRDA:512,41,1,0
BRDA:521,42,0,0
BRDA:521,42,1,0
BRDA:529,43,0,0
BRDA:529,43,1,0
BRDA:529,44,0,0
BRDA:529,44,1,0
BRDA:531,45,0,0
BRDA:531,45,1,0
BRDA:536,46,0,0
BRDA:536,46,1,0
BRDA:543,47,0,0
BRDA:543,47,1,0
BRDA:561,48,0,0
BRDA:561,48,1,0
BRDA:581,49,0,0
BRDA:581,49,1,0
BRDA:585,50,0,0
BRDA:585,50,1,0
BRDA:589,51,0,0
BRDA:589,51,1,0
BRDA:613,52,0,0
BRDA:613,52,1,0
BRDA:621,53,0,0
BRDA:621,53,1,0
BRDA:652,54,0,0
BRDA:652,54,1,0
BRDA:667,55,0,0
BRDA:667,55,1,0
BRDA:682,56,0,0
BRDA:682,56,1,0
BRDA:683,57,0,0
BRDA:683,57,1,0
BRDA:685,58,0,0
BRDA:685,58,1,0
BRDA:704,59,0,0
BRDA:704,59,1,0
BRDA:704,60,0,0
BRDA:704,60,1,0
BRDA:704,60,2,0
BRDA:712,61,0,0
BRDA:712,61,1,0
BRDA:721,62,0,0
BRDA:721,62,1,0
BRDA:729,63,0,0
BRDA:729,63,1,0
BRDA:741,64,0,0
BRDA:741,64,1,0
BRDA:742,65,0,0
BRDA:742,65,1,0
BRDA:790,66,0,0
BRDA:790,66,1,0
BRDA:790,66,2,0
BRDA:792,67,0,0
BRDA:792,67,1,0
BRDA:908,68,0,0
BRDA:908,68,1,0
BRDA:920,69,0,0
BRDA:920,69,1,0
BRDA:948,70,0,0
BRDA:948,70,1,0
BRDA:954,71,0,0
BRDA:954,71,1,0
BRF:148
BRH:0
end_of_record
TN:
SF:app/consult-ai.tsx
FN:57,ConsultAIScreen
FN:71,(anonymous_1)
FN:92,(anonymous_2)
FN:93,(anonymous_3)
FN:109,(anonymous_4)
FN:110,(anonymous_5)
FN:122,(anonymous_6)
FN:138,(anonymous_7)
FN:143,(anonymous_8)
FN:147,(anonymous_9)
FN:147,(anonymous_10)
FN:174,(anonymous_11)
FN:199,(anonymous_12)
FN:243,(anonymous_13)
FN:255,(anonymous_14)
FN:367,(anonymous_15)
FN:418,(anonymous_16)
FN:460,(anonymous_17)
FN:475,(anonymous_18)
FNF:19
FNH:0
FNDA:0,ConsultAIScreen
FNDA:0,(anonymous_1)
FNDA:0,(anonymous_2)
FNDA:0,(anonymous_3)
FNDA:0,(anonymous_4)
FNDA:0,(anonymous_5)
FNDA:0,(anonymous_6)
FNDA:0,(anonymous_7)
FNDA:0,(anonymous_8)
FNDA:0,(anonymous_9)
FNDA:0,(anonymous_10)
FNDA:0,(anonymous_11)
FNDA:0,(anonymous_12)
FNDA:0,(anonymous_13)
FNDA:0,(anonymous_14)
FNDA:0,(anonymous_15)
FNDA:0,(anonymous_16)
FNDA:0,(anonymous_17)
FNDA:0,(anonymous_18)
DA:28,0
DA:58,0
DA:59,0
DA:60,0
DA:61,0
DA:62,0
DA:63,0
DA:64,0
DA:65,0
DA:66,0
DA:67,0
DA:68,0
DA:71,0
DA:72,0
DA:73,0
DA:77,0
DA:78,0
DA:79,0
DA:80,0
DA:81,0
DA:82,0
DA:83,0
DA:84,0
DA:85,0
DA:86,0
DA:92,0
DA:93,0
DA:94,0
DA:96,0
DA:97,0
DA:98,0
DA:100,0
DA:101,0
DA:102,0
DA:105,0
DA:106,0
DA:109,0
DA:110,0
DA:111,0
DA:114,0
DA:118,0
DA:122,0
DA:123,0
DA:124,0
DA:125,0
DA:129,0
DA:130,0
DA:132,0
DA:133,0
DA:134,0
DA:138,0
DA:139,0
DA:141,0
DA:143,0
DA:146,0
DA:147,0
DA:149,0
DA:150,0
DA:151,0
DA:152,0
DA:153,0
DA:172,0
DA:174,0
DA:175,0
DA:176,0
DA:177,0
DA:178,0
DA:181,0
DA:182,0
DA:183,0
DA:186,0
DA:187,0
DA:189,0
DA:190,0
DA:191,0
DA:195,0
DA:199,0
DA:200,0
DA:201,0
DA:202,0
DA:206,0
DA:207,0
DA:208,0
DA:211,0
DA:212,0
DA:213,0
DA:216,0
DA:217,0
DA:218,0
DA:221,0
DA:222,0
DA:223,0
DA:226,0
DA:228,0
DA:230,0
DA:233,0
DA:234,0
DA:243,0
DA:252,0
DA:255,0
DA:269,0
DA:277,0
DA:278,0
DA:280,0
DA:283,0
DA:286,0
DA:294,0
DA:302,0
DA:304,0
DA:312,0
DA:313,0
DA:319,0
DA:325,0
DA:327,0
DA:329,0
DA:337,0
DA:340,0
DA:342,0
DA:350,0
DA:355,0
DA:360,0
DA:361,0
DA:362,0
DA:367,0
DA:368,0
DA:370,0
DA:371,0
DA:372,0
DA:380,0
DA:381,0
DA:389,0
DA:390,0
DA:394,0
DA:395,0
DA:396,0
DA:397,0
DA:406,0
DA:408,0
DA:409,0
DA:413,0
DA:420,0
DA:424,0
DA:425,0
DA:431,0
DA:461,0
DA:476,0
DA:584,0
LF:147
LH:0
BRDA:72,0,0,0
BRDA:72,0,1,0
BRDA:77,1,0,0
BRDA:77,1,1,0
BRDA:77,2,0,0
BRDA:77,2,1,0
BRDA:79,3,0,0
BRDA:79,3,1,0
BRDA:79,4,0,0
BRDA:79,4,1,0
BRDA:81,5,0,0
BRDA:81,5,1,0
BRDA:81,6,0,0
BRDA:81,6,1,0
BRDA:83,7,0,0
BRDA:83,7,1,0
BRDA:85,8,0,0
BRDA:85,8,1,0
BRDA:94,9,0,0
BRDA:94,9,1,0
BRDA:98,10,0,0
BRDA:98,10,1,0
BRDA:100,11,0,0
BRDA:100,11,1,0
BRDA:101,12,0,0
BRDA:101,12,1,0
BRDA:102,13,0,0
BRDA:102,13,1,0
BRDA:111,14,0,0
BRDA:111,14,1,0
BRDA:123,15,0,0
BRDA:123,15,1,0
BRDA:123,16,0,0
BRDA:123,16,1,0
BRDA:129,17,0,0
BRDA:129,17,1,0
BRDA:146,18,0,0
BRDA:146,18,1,0
BRDA:151,19,0,0
BRDA:151,19,1,0
BRDA:155,20,0,0
BRDA:155,20,1,0
BRDA:155,20,2,0
BRDA:156,21,0,0
BRDA:156,21,1,0
BRDA:157,22,0,0
BRDA:157,22,1,0
BRDA:158,23,0,0
BRDA:158,23,1,0
BRDA:159,24,0,0
BRDA:159,24,1,0
BRDA:160,25,0,0
BRDA:160,25,1,0
BRDA:161,26,0,0
BRDA:161,26,1,0
BRDA:161,26,2,0
BRDA:162,27,0,0
BRDA:162,27,1,0
BRDA:162,27,2,0
BRDA:163,28,0,0
BRDA:163,28,1,0
BRDA:164,29,0,0
BRDA:164,29,1,0
BRDA:165,30,0,0
BRDA:165,30,1,0
BRDA:172,31,0,0
BRDA:172,31,1,0
BRDA:175,32,0,0
BRDA:175,32,1,0
BRDA:175,33,0,0
BRDA:175,33,1,0
BRDA:176,34,0,0
BRDA:176,34,1,0
BRDA:177,35,0,0
BRDA:177,35,1,0
BRDA:200,36,0,0
BRDA:200,36,1,0
BRDA:206,37,0,0
BRDA:206,37,1,0
BRDA:206,38,0,0
BRDA:206,38,1,0
BRDA:211,39,0,0
BRDA:211,39,1,0
BRDA:216,40,0,0
BRDA:216,40,1,0
BRDA:221,41,0,0
BRDA:221,41,1,0
BRDA:233,42,0,0
BRDA:233,42,1,0
BRDA:259,43,0,0
BRDA:259,43,1,0
BRDA:260,44,0,0
BRDA:260,44,1,0
BRDA:261,45,0,0
BRDA:261,45,1,0
BRDA:273,46,0,0
BRDA:273,46,1,0
BRDA:277,47,0,0
BRDA:277,47,1,0
BRDA:297,48,0,0
BRDA:297,48,1,0
BRDA:302,49,0,0
BRDA:302,49,1,0
BRDA:302,50,0,0
BRDA:302,50,1,0
BRDA:312,51,0,0
BRDA:312,51,1,0
BRDA:370,52,0,0
BRDA:370,52,1,0
BRDA:370,53,0,0
BRDA:370,53,1,0
BRDA:370,53,2,0
BRDA:380,54,0,0
BRDA:380,54,1,0
BRDA:389,55,0,0
BRDA:389,55,1,0
BRDA:389,56,0,0
BRDA:389,56,1,0
BRDA:394,57,0,0
BRDA:394,57,1,0
BRDA:394,58,0,0
BRDA:394,58,1,0
BRDA:396,59,0,0
BRDA:396,59,1,0
BRDA:420,60,0,0
BRDA:420,60,1,0
BRDA:421,61,0,0
BRDA:421,61,1,0
BRDA:424,62,0,0
BRDA:424,62,1,0
BRDA:443,63,0,0
BRDA:443,63,1,0
BRDA:475,64,0,0
BRDA:475,64,1,0
BRDA:487,65,0,0
BRDA:487,65,1,0
BRDA:555,66,0,0
BRDA:555,66,1,0
BRDA:556,67,0,0
BRDA:556,67,1,0
BRDA:556,67,2,0
BRDA:556,67,3,0
BRDA:559,68,0,0
BRDA:559,68,1,0
BRDA:559,68,2,0
BRDA:559,68,3,0
BRDA:561,69,0,0
BRDA:561,69,1,0
BRDA:593,70,0,0
BRDA:593,70,1,0
BRF:150
BRH:0
end_of_record
TN:
SF:app/generate-tasks.tsx
FN:27,GenerateTasksScreen
FN:39,(anonymous_1)
FN:40,(anonymous_2)
FN:51,(anonymous_3)
FN:52,(anonymous_4)
FN:63,(anonymous_5)
FN:67,(anonymous_6)
FN:67,(anonymous_7)
FN:110,(anonymous_8)
FN:129,(anonymous_9)
FN:136,(anonymous_10)
FN:148,(anonymous_11)
FN:203,(anonymous_12)
FN:204,(anonymous_13)
FN:212,(anonymous_14)
FN:217,(anonymous_15)
FN:256,(anonymous_16)
FN:372,(anonymous_17)
FN:413,(anonymous_18)
FN:451,(anonymous_19)
FN:455,(anonymous_20)
FN:458,(anonymous_21)
FN:461,(anonymous_22)
FN:464,(anonymous_23)
FN:474,(anonymous_24)
FN:527,(anonymous_25)
FN:554,(anonymous_26)
FN:569,(anonymous_27)
FNF:28
FNH:0
FNDA:0,GenerateTasksScreen
FNDA:0,(anonymous_1)
FNDA:0,(anonymous_2)
FNDA:0,(anonymous_3)
FNDA:0,(anonymous_4)
FNDA:0,(anonymous_5)
FNDA:0,(anonymous_6)
FNDA:0,(anonymous_7)
FNDA:0,(anonymous_8)
FNDA:0,(anonymous_9)
FNDA:0,(anonymous_10)
FNDA:0,(anonymous_11)
FNDA:0,(anonymous_12)
FNDA:0,(anonymous_13)
FNDA:0,(anonymous_14)
FNDA:0,(anonymous_15)
FNDA:0,(anonymous_16)
FNDA:0,(anonymous_17)
FNDA:0,(anonymous_18)
FNDA:0,(anonymous_19)
FNDA:0,(anonymous_20)
FNDA:0,(anonymous_21)
FNDA:0,(anonymous_22)
FNDA:0,(anonymous_23)
FNDA:0,(anonymous_24)
FNDA:0,(anonymous_25)
FNDA:0,(anonymous_26)
FNDA:0,(anonymous_27)
DA:28,0
DA:29,0
DA:30,0
DA:31,0
DA:32,0
DA:33,0
DA:34,0
DA:35,0
DA:36,0
DA:39,0
DA:40,0
DA:41,0
DA:43,0
DA:44,0
DA:47,0
DA:51,0
DA:52,0
DA:53,0
DA:54,0
DA:55,0
DA:56,0
DA:59,0
DA:61,0
DA:63,0
DA:66,0
DA:67,0
DA:69,0
DA:71,0
DA:72,0
DA:73,0
DA:76,0
DA:77,0
DA:78,0
DA:79,0
DA:97,0
DA:98,0
DA:100,0
DA:101,0
DA:102,0
DA:106,0
DA:110,0
DA:111,0
DA:112,0
DA:113,0
DA:116,0
DA:117,0
DA:118,0
DA:121,0
DA:123,0
DA:125,0
DA:126,0
DA:129,0
DA:134,0
DA:136,0
DA:140,0
DA:141,0
DA:144,0
DA:147,0
DA:148,0
DA:152,0
DA:155,0
DA:156,0
DA:158,0
DA:159,0
DA:161,0
DA:163,0
DA:164,0
DA:169,0
DA:172,0
DA:176,0
DA:177,0
DA:185,0
DA:186,0
DA:187,0
DA:188,0
DA:191,0
DA:192,0
DA:194,0
DA:195,0
DA:196,0
DA:199,0
DA:200,0
DA:203,0
DA:204,0
DA:208,0
DA:211,0
DA:213,0
DA:214,0
DA:218,0
DA:220,0
DA:221,0
DA:223,0
DA:224,0
DA:226,0
DA:227,0
DA:229,0
DA:233,0
DA:234,0
DA:235,0
DA:236,0
DA:238,0
DA:240,0
DA:243,0
DA:246,0
DA:250,0
DA:251,0
DA:252,0
DA:255,0
DA:256,0
DA:257,0
DA:258,0
DA:262,0
DA:263,0
DA:272,0
DA:283,0
DA:285,0
DA:292,0
DA:293,0
DA:296,0
DA:297,0
DA:302,0
DA:307,0
DA:308,0
DA:309,0
DA:311,0
DA:312,0
DA:315,0
DA:316,0
DA:317,0
DA:318,0
DA:320,0
DA:321,0
DA:324,0
DA:326,0
DA:329,0
DA:335,0
DA:337,0
DA:340,0
DA:342,0
DA:369,0
DA:372,0
DA:373,0
DA:374,0
DA:379,0
DA:389,0
DA:390,0
DA:393,0
DA:398,0
DA:399,0
DA:402,0
DA:404,0
DA:405,0
DA:407,0
DA:413,0
DA:423,0
DA:425,0
DA:426,0
DA:427,0
DA:431,0
DA:432,0
DA:433,0
DA:436,0
DA:437,0
DA:438,0
DA:441,0
DA:442,0
DA:443,0
DA:446,0
DA:447,0
DA:448,0
DA:451,0
DA:452,0
DA:454,0
DA:455,0
DA:458,0
DA:461,0
DA:464,0
DA:474,0
DA:475,0
DA:477,0
DA:478,0
DA:479,0
DA:487,0
DA:488,0
DA:496,0
DA:498,0
DA:499,0
DA:503,0
DA:504,0
DA:505,0
DA:508,0
DA:515,0
DA:517,0
DA:518,0
DA:522,0
DA:527,0
DA:555,0
DA:570,0
DA:631,0
LF:199
LH:0
BRDA:53,0,0,0
BRDA:53,0,1,0
BRDA:66,1,0,0
BRDA:66,1,1,0
BRDA:72,2,0,0
BRDA:72,2,1,0
BRDA:77,3,0,0
BRDA:77,3,1,0
BRDA:81,4,0,0
BRDA:81,4,1,0
BRDA:81,4,2,0
BRDA:82,5,0,0
BRDA:82,5,1,0
BRDA:83,6,0,0
BRDA:83,6,1,0
BRDA:84,7,0,0
BRDA:84,7,1,0
BRDA:85,8,0,0
BRDA:85,8,1,0
BRDA:86,9,0,0
BRDA:86,9,1,0
BRDA:87,10,0,0
BRDA:87,10,1,0
BRDA:87,10,2,0
BRDA:88,11,0,0
BRDA:88,11,1,0
BRDA:88,11,2,0
BRDA:89,12,0,0
BRDA:89,12,1,0
BRDA:90,13,0,0
BRDA:90,13,1,0
BRDA:91,14,0,0
BRDA:91,14,1,0
BRDA:111,15,0,0
BRDA:111,15,1,0
BRDA:116,16,0,0
BRDA:116,16,1,0
BRDA:130,17,0,0
BRDA:130,17,1,0
BRDA:144,18,0,0
BRDA:144,18,1,0
BRDA:161,19,0,0
BRDA:161,19,1,0
BRDA:176,20,0,0
BRDA:176,20,1,0
BRDA:178,21,0,0
BRDA:178,21,1,0
BRDA:179,22,0,0
BRDA:179,22,1,0
BRDA:180,23,0,0
BRDA:180,23,1,0
BRDA:186,24,0,0
BRDA:186,24,1,0
BRDA:194,25,0,0
BRDA:194,25,1,0
BRDA:220,26,0,0
BRDA:220,26,1,0
BRDA:223,27,0,0
BRDA:223,27,1,0
BRDA:226,28,0,0
BRDA:226,28,1,0
BRDA:233,29,0,0
BRDA:233,29,1,0
BRDA:250,30,0,0
BRDA:250,30,1,0
BRDA:296,31,0,0
BRDA:296,31,1,0
BRDA:315,32,0,0
BRDA:315,32,1,0
BRDA:315,33,0,0
BRDA:315,33,1,0
BRDA:335,34,0,0
BRDA:335,34,1,0
BRDA:335,35,0,0
BRDA:335,35,1,0
BRDA:372,36,0,0
BRDA:372,36,1,0
BRDA:374,37,0,0
BRDA:374,37,1,0
BRDA:402,38,0,0
BRDA:402,38,1,0
BRDA:404,39,0,0
BRDA:404,39,1,0
BRDA:425,40,0,0
BRDA:425,40,1,0
BRDA:431,41,0,0
BRDA:431,41,1,0
BRDA:436,42,0,0
BRDA:436,42,1,0
BRDA:441,43,0,0
BRDA:441,43,1,0
BRDA:446,44,0,0
BRDA:446,44,1,0
BRDA:451,45,0,0
BRDA:451,45,1,0
BRDA:477,46,0,0
BRDA:477,46,1,0
BRDA:477,47,0,0
BRDA:477,47,1,0
BRDA:477,47,2,0
BRDA:487,48,0,0
BRDA:487,48,1,0
BRDA:496,49,0,0
BRDA:496,49,1,0
BRDA:498,50,0,0
BRDA:498,50,1,0
BRDA:498,51,0,0
BRDA:498,51,1,0
BRDA:498,51,2,0
BRDA:504,52,0,0
BRDA:504,52,1,0
BRDA:537,53,0,0
BRDA:537,53,1,0
BRDA:569,54,0,0
BRDA:569,54,1,0
BRDA:581,55,0,0
BRDA:581,55,1,0
BRDA:598,56,0,0
BRDA:598,56,1,0
BRDA:603,57,0,0
BRDA:603,57,1,0
BRDA:640,58,0,0
BRDA:640,58,1,0
BRF:123
BRH:0
end_of_record
TN:
SF:app/help-support.tsx
FN:15,(anonymous_0)
FN:19,(anonymous_1)
FN:29,(anonymous_2)
FN:148,(anonymous_3)
FNF:4
FNH:0
FNDA:0,(anonymous_0)
FNDA:0,(anonymous_1)
FNDA:0,(anonymous_2)
FNDA:0,(anonymous_3)
DA:15,0
DA:16,0
DA:17,0
DA:19,0
DA:20,0
DA:23,0
DA:29,0
DA:148,0
DA:158,0
LF:9
LH:0
BRF:0
BRH:0
end_of_record
TN:
SF:app/index.tsx
FN:14,Root
FN:20,(anonymous_1)
FN:21,(anonymous_2)
FNF:3
FNH:0
FNDA:0,Root
FNDA:0,(anonymous_1)
FNDA:0,(anonymous_2)
DA:15,0
DA:16,0
DA:17,0
DA:20,0
DA:21,0
DA:22,0
DA:23,0
DA:25,0
DA:27,0
DA:28,0
DA:29,0
DA:30,0
DA:31,0
DA:32,0
DA:35,0
DA:36,0
DA:38,0
DA:42,0
DA:43,0
DA:47,0
DA:48,0
DA:56,0
DA:57,0
DA:59,0
LF:24
LH:0
BRDA:27,0,0,0
BRDA:27,0,1,0
BRDA:27,1,0,0
BRDA:27,1,1,0
BRDA:30,2,0,0
BRDA:30,2,1,0
BRDA:30,3,0,0
BRDA:30,3,1,0
BRDA:42,4,0,0
BRDA:42,4,1,0
BRDA:42,5,0,0
BRDA:42,5,1,0
BRDA:47,6,0,0
BRDA:47,6,1,0
BRDA:47,7,0,0
BRDA:47,7,1,0
BRDA:47,7,2,0
BRDA:56,8,0,0
BRDA:56,8,1,0
BRF:19
BRH:0
end_of_record
TN:
SF:app/instrument-settings.tsx
FN:30,InstrumentSettingsScreen
FN:42,(anonymous_1)
FN:43,(anonymous_2)
FN:55,(anonymous_3)
FN:60,(anonymous_4)
FN:79,(anonymous_5)
FN:106,(anonymous_6)
FN:125,(anonymous_7)
FN:130,(anonymous_8)
FN:146,(anonymous_9)
FN:160,(anonymous_10)
FN:178,(anonymous_11)
FN:203,(anonymous_12)
FN:213,(anonymous_13)
FN:219,(anonymous_14)
FN:224,(anonymous_15)
FN:247,(anonymous_16)
FN:250,(anonymous_17)
FN:297,(anonymous_18)
FN:315,(anonymous_19)
FN:355,(anonymous_20)
FN:366,(anonymous_21)
FN:381,(anonymous_22)
FN:414,(anonymous_23)
FN:429,(anonymous_24)
FN:454,(anonymous_25)
FN:477,(anonymous_26)
FN:495,(anonymous_27)
FN:519,(anonymous_28)
FN:547,(anonymous_29)
FNF:30
FNH:0
FNDA:0,InstrumentSettingsScreen
FNDA:0,(anonymous_1)
FNDA:0,(anonymous_2)
FNDA:0,(anonymous_3)
FNDA:0,(anonymous_4)
FNDA:0,(anonymous_5)
FNDA:0,(anonymous_6)
FNDA:0,(anonymous_7)
FNDA:0,(anonymous_8)
FNDA:0,(anonymous_9)
FNDA:0,(anonymous_10)
FNDA:0,(anonymous_11)
FNDA:0,(anonymous_12)
FNDA:0,(anonymous_13)
FNDA:0,(anonymous_14)
FNDA:0,(anonymous_15)
FNDA:0,(anonymous_16)
FNDA:0,(anonymous_17)
FNDA:0,(anonymous_18)
FNDA:0,(anonymous_19)
FNDA:0,(anonymous_20)
FNDA:0,(anonymous_21)
FNDA:0,(anonymous_22)
FNDA:0,(anonymous_23)
FNDA:0,(anonymous_24)
FNDA:0,(anonymous_25)
FNDA:0,(anonymous_26)
FNDA:0,(anonymous_27)
FNDA:0,(anonymous_28)
FNDA:0,(anonymous_29)
DA:31,0
DA:32,0
DA:33,0
DA:34,0
DA:35,0
DA:36,0
DA:37,0
DA:38,0
DA:39,0
DA:42,0
DA:43,0
DA:44,0
DA:45,0
DA:46,0
DA:48,0
DA:51,0
DA:52,0
DA:55,0
DA:56,0
DA:57,0
DA:60,0
DA:62,0
DA:64,0
DA:65,0
DA:68,0
DA:69,0
DA:72,0
DA:73,0
DA:75,0
DA:79,0
DA:80,0
DA:81,0
DA:85,0
DA:89,0
DA:92,0
DA:95,0
DA:96,0
DA:98,0
DA:102,0
DA:106,0
DA:107,0
DA:109,0
DA:110,0
DA:111,0
DA:114,0
DA:115,0
DA:117,0
DA:119,0
DA:122,0
DA:125,0
DA:126,0
DA:127,0
DA:130,0
DA:132,0
DA:134,0
DA:135,0
DA:136,0
DA:139,0
DA:142,0
DA:143,0
DA:146,0
DA:147,0
DA:151,0
DA:154,0
DA:155,0
DA:156,0
DA:157,0
DA:160,0
DA:161,0
DA:164,0
DA:168,0
DA:171,0
DA:173,0
DA:178,0
DA:179,0
DA:181,0
DA:182,0
DA:183,0
DA:186,0
DA:188,0
DA:189,0
DA:192,0
DA:194,0
DA:196,0
DA:199,0
DA:202,0
DA:203,0
DA:204,0
DA:205,0
DA:208,0
DA:211,0
DA:213,0
DA:214,0
DA:216,0
DA:219,0
DA:220,0
DA:224,0
DA:225,0
DA:229,0
DA:230,0
DA:232,0
DA:237,0
DA:240,0
DA:242,0
DA:247,0
DA:248,0
DA:250,0
DA:272,0
DA:274,0
DA:275,0
DA:278,0
DA:280,0
DA:282,0
DA:284,0
DA:285,0
DA:287,0
DA:290,0
DA:292,0
DA:297,0
DA:298,0
DA:300,0
DA:302,0
DA:304,0
DA:306,0
DA:308,0
DA:310,0
DA:315,0
DA:316,0
DA:318,0
DA:320,0
DA:322,0
DA:324,0
DA:326,0
DA:328,0
DA:330,0
DA:332,0
DA:334,0
DA:336,0
DA:338,0
DA:340,0
DA:342,0
DA:344,0
DA:346,0
DA:348,0
DA:350,0
DA:355,0
DA:356,0
DA:358,0
DA:368,0
DA:370,0
DA:371,0
DA:373,0
DA:381,0
DA:407,0
DA:416,0
DA:418,0
DA:419,0
DA:421,0
DA:429,0
DA:454,0
DA:463,0
DA:477,0
DA:497,0
DA:498,0
DA:519,0
DA:529,0
DA:547,0
DA:557,0
LF:168
LH:0
BRDA:48,0,0,0
BRDA:48,0,1,0
BRDA:56,1,0,0
BRDA:56,1,1,0
BRDA:62,2,0,0
BRDA:62,2,1,0
BRDA:68,3,0,0
BRDA:68,3,1,0
BRDA:72,4,0,0
BRDA:72,4,1,0
BRDA:79,5,0,0
BRDA:79,5,1,0
BRDA:109,6,0,0
BRDA:109,6,1,0
BRDA:117,7,0,0
BRDA:117,7,1,0
BRDA:126,8,0,0
BRDA:126,8,1,0
BRDA:132,9,0,0
BRDA:132,9,1,0
BRDA:142,10,0,0
BRDA:142,10,1,0
BRDA:142,11,0,0
BRDA:142,11,1,0
BRDA:142,11,2,0
BRDA:146,12,0,0
BRDA:146,12,1,0
BRDA:160,13,0,0
BRDA:160,13,1,0
BRDA:171,14,0,0
BRDA:171,14,1,0
BRDA:181,15,0,0
BRDA:181,15,1,0
BRDA:188,16,0,0
BRDA:188,16,1,0
BRDA:194,17,0,0
BRDA:194,17,1,0
BRDA:202,18,0,0
BRDA:202,18,1,0
BRDA:204,19,0,0
BRDA:204,19,1,0
BRDA:211,20,0,0
BRDA:211,20,1,0
BRDA:211,21,0,0
BRDA:211,21,1,0
BRDA:211,21,2,0
BRDA:214,22,0,0
BRDA:214,22,1,0
BRDA:219,23,0,0
BRDA:219,23,1,0
BRDA:224,24,0,0
BRDA:224,24,1,0
BRDA:229,25,0,0
BRDA:229,25,1,0
BRDA:240,26,0,0
BRDA:240,26,1,0
BRDA:274,27,0,0
BRDA:274,27,1,0
BRDA:274,28,0,0
BRDA:274,28,1,0
BRDA:280,29,0,0
BRDA:280,29,1,0
BRDA:290,30,0,0
BRDA:290,30,1,0
BRDA:298,31,0,0
BRDA:298,31,1,0
BRDA:298,31,2,0
BRDA:298,31,3,0
BRDA:298,31,4,0
BRDA:298,31,5,0
BRDA:316,32,0,0
BRDA:316,32,1,0
BRDA:316,32,2,0
BRDA:316,32,3,0
BRDA:316,32,4,0
BRDA:316,32,5,0
BRDA:316,32,6,0
BRDA:316,32,7,0
BRDA:316,32,8,0
BRDA:316,32,9,0
BRDA:316,32,10,0
BRDA:316,32,11,0
BRDA:316,32,12,0
BRDA:316,32,13,0
BRDA:316,32,14,0
BRDA:316,32,15,0
BRDA:316,32,16,0
BRDA:356,33,0,0
BRDA:356,33,1,0
BRDA:356,33,2,0
BRDA:370,34,0,0
BRDA:370,34,1,0
BRDA:371,35,0,0
BRDA:371,35,1,0
BRDA:378,36,0,0
BRDA:378,36,1,0
BRDA:379,37,0,0
BRDA:379,37,1,0
BRDA:382,38,0,0
BRDA:382,38,1,0
BRDA:389,39,0,0
BRDA:389,39,1,0
BRDA:393,40,0,0
BRDA:393,40,1,0
BRDA:400,41,0,0
BRDA:400,41,1,0
BRDA:418,42,0,0
BRDA:418,42,1,0
BRDA:419,43,0,0
BRDA:419,43,1,0
BRDA:426,44,0,0
BRDA:426,44,1,0
BRDA:427,45,0,0
BRDA:427,45,1,0
BRDA:430,46,0,0
BRDA:430,46,1,0
BRDA:437,47,0,0
BRDA:437,47,1,0
BRDA:441,48,0,0
BRDA:441,48,1,0
BRDA:448,49,0,0
BRDA:448,49,1,0
BRDA:475,50,0,0
BRDA:475,50,1,0
BRDA:483,51,0,0
BRDA:483,51,1,0
BRDA:492,52,0,0
BRDA:492,52,1,0
BRDA:497,53,0,0
BRDA:497,53,1,0
BRDA:508,54,0,0
BRDA:508,54,1,0
BRDA:513,55,0,0
BRDA:513,55,1,0
BRDA:532,56,0,0
BRDA:532,56,1,0
BRDA:532,57,0,0
BRDA:532,57,1,0
BRDA:585,58,0,0
BRDA:585,58,1,0
BRDA:593,59,0,0
BRDA:593,59,1,0
BRDA:601,60,0,0
BRDA:601,60,1,0
BRDA:642,61,0,0
BRDA:642,61,1,0
BRDA:655,62,0,0
BRDA:655,62,1,0
BRDA:674,63,0,0
BRDA:674,63,1,0
BRDA:702,64,0,0
BRDA:702,64,1,0
BRF:152
BRH:0
end_of_record
TN:
SF:app/language.tsx
FN:7,(anonymous_0)
FN:18,(anonymous_1)
FN:26,(anonymous_2)
FNF:3
FNH:0
FNDA:0,(anonymous_0)
FNDA:0,(anonymous_1)
FNDA:0,(anonymous_2)
DA:7,0
DA:8,0
DA:9,0
DA:11,0
DA:16,0
DA:19,0
DA:26,0
DA:48,0
LF:8
LH:0
BRDA:23,0,0,0
BRDA:23,0,1,0
BRDA:31,1,0,0
BRDA:31,1,1,0
BRDA:34,2,0,0
BRDA:34,2,1,0
BRF:6
BRH:0
end_of_record
TN:
SF:app/lesson-form.tsx
FN:61,LessonForm
FN:84,(anonymous_1)
FN:85,(anonymous_2)
FN:123,(anonymous_3)
FN:129,(anonymous_4)
FN:130,(anonymous_5)
FN:137,(anonymous_6)
FN:144,(anonymous_7)
FN:163,(anonymous_8)
FN:169,(anonymous_9)
FN:188,(anonymous_10)
FN:256,(anonymous_11)
FN:288,(anonymous_12)
FN:314,(anonymous_13)
FN:343,(anonymous_14)
FN:355,(anonymous_15)
FN:366,(anonymous_16)
FN:371,(anonymous_17)
FN:395,(anonymous_18)
FN:410,(anonymous_19)
FN:432,(anonymous_20)
FNF:21
FNH:0
FNDA:0,LessonForm
FNDA:0,(anonymous_1)
FNDA:0,(anonymous_2)
FNDA:0,(anonymous_3)
FNDA:0,(anonymous_4)
FNDA:0,(anonymous_5)
FNDA:0,(anonymous_6)
FNDA:0,(anonymous_7)
FNDA:0,(anonymous_8)
FNDA:0,(anonymous_9)
FNDA:0,(anonymous_10)
FNDA:0,(anonymous_11)
FNDA:0,(anonymous_12)
FNDA:0,(anonymous_13)
FNDA:0,(anonymous_14)
FNDA:0,(anonymous_15)
FNDA:0,(anonymous_16)
FNDA:0,(anonymous_17)
FNDA:0,(anonymous_18)
FNDA:0,(anonymous_19)
FNDA:0,(anonymous_20)
DA:28,0
DA:29,0
DA:30,0
DA:62,0
DA:63,0
DA:64,0
DA:65,0
DA:73,0
DA:74,0
DA:75,0
DA:76,0
DA:77,0
DA:84,0
DA:85,0
DA:86,0
DA:87,0
DA:88,0
DA:89,0
DA:94,0
DA:101,0
DA:105,0
DA:112,0
DA:123,0
DA:124,0
DA:125,0
DA:129,0
DA:130,0
DA:137,0
DA:138,0
DA:144,0
DA:145,0
DA:146,0
DA:147,0
DA:149,0
DA:150,0
DA:151,0
DA:153,0
DA:155,0
DA:157,0
DA:158,0
DA:163,0
DA:165,0
DA:166,0
DA:169,0
DA:170,0
DA:171,0
DA:172,0
DA:173,0
DA:174,0
DA:176,0
DA:179,0
DA:180,0
DA:181,0
DA:182,0
DA:184,0
DA:188,0
DA:190,0
DA:191,0
DA:192,0
DA:196,0
DA:197,0
DA:198,0
DA:201,0
DA:203,0
DA:204,0
DA:205,0
DA:206,0
DA:208,0
DA:211,0
DA:212,0
DA:213,0
DA:217,0
DA:222,0
DA:223,0
DA:226,0
DA:253,0
DA:256,0
DA:258,0
DA:261,0
DA:262,0
DA:265,0
DA:268,0
DA:269,0
DA:270,0
DA:271,0
DA:274,0
DA:275,0
DA:279,0
DA:282,0
DA:285,0
DA:289,0
DA:290,0
DA:294,0
DA:295,0
DA:298,0
DA:309,0
DA:310,0
DA:311,0
DA:314,0
DA:315,0
DA:316,0
DA:322,0
DA:323,0
DA:326,0
DA:329,0
DA:330,0
DA:336,0
DA:339,0
DA:343,0
DA:344,0
DA:345,0
DA:352,0
DA:353,0
DA:355,0
DA:356,0
DA:357,0
DA:358,0
DA:359,0
DA:360,0
DA:366,0
DA:367,0
DA:371,0
DA:372,0
DA:375,0
DA:395,0
DA:410,0
DA:433,0
DA:434,0
DA:450,0
LF:129
LH:0
BRDA:88,0,0,0
BRDA:88,0,1,0
BRDA:138,1,0,0
BRDA:138,1,1,0
BRDA:138,1,2,0
BRDA:147,2,0,0
BRDA:147,2,1,0
BRDA:153,3,0,0
BRDA:153,3,1,0
BRDA:153,4,0,0
BRDA:153,4,1,0
BRDA:153,4,2,0
BRDA:190,5,0,0
BRDA:190,5,1,0
BRDA:190,6,0,0
BRDA:190,6,1,0
BRDA:196,7,0,0
BRDA:196,7,1,0
BRDA:212,8,0,0
BRDA:212,8,1,0
BRDA:217,9,0,0
BRDA:217,9,1,0
BRDA:230,10,0,0
BRDA:230,10,1,0
BRDA:231,11,0,0
BRDA:231,11,1,0
BRDA:232,12,0,0
BRDA:232,12,1,0
BRDA:233,13,0,0
BRDA:233,13,1,0
BRDA:234,14,0,0
BRDA:234,14,1,0
BRDA:268,15,0,0
BRDA:268,15,1,0
BRDA:294,16,0,0
BRDA:294,16,1,0
BRDA:305,17,0,0
BRDA:305,17,1,0
BRDA:332,18,0,0
BRDA:332,18,1,0
BRDA:353,19,0,0
BRDA:353,19,1,0
BRDA:379,20,0,0
BRDA:379,20,1,0
BRDA:380,21,0,0
BRDA:380,21,1,0
BRDA:399,22,0,0
BRDA:399,22,1,0
BRDA:401,23,0,0
BRDA:401,23,1,0
BRDA:427,24,0,0
BRDA:427,24,1,0
BRDA:439,25,0,0
BRDA:439,25,1,0
BRF:54
BRH:0
end_of_record
TN:
SF:app/notifications.tsx
FN:9,(anonymous_0)
FN:36,(anonymous_1)
FN:42,(anonymous_2)
FN:60,(anonymous_3)
FNF:4
FNH:0
FNDA:0,(anonymous_0)
FNDA:0,(anonymous_1)
FNDA:0,(anonymous_2)
FNDA:0,(anonymous_3)
DA:9,0
DA:10,0
DA:11,0
DA:12,0
DA:14,0
DA:32,0
DA:36,0
DA:43,0
DA:61,0
DA:76,0
LF:10
LH:0
BRDA:67,0,0,0
BRDA:67,0,1,0
BRF:2
BRH:0
end_of_record
TN:
SF:app/onboarding.tsx
FN:37,(anonymous_0)
FN:57,(anonymous_1)
FN:87,(anonymous_2)
FN:111,(anonymous_3)
FN:139,(anonymous_4)
FN:231,OnboardingScreen
FN:243,(anonymous_6)
FN:244,(anonymous_7)
FN:253,(anonymous_8)
FN:257,(anonymous_9)
FN:272,(anonymous_10)
FN:285,(anonymous_11)
FN:300,(anonymous_12)
FN:319,(anonymous_13)
FN:341,(anonymous_14)
FN:371,(anonymous_15)
FN:394,(anonymous_16)
FN:412,(anonymous_17)
FN:452,(anonymous_18)
FN:467,(anonymous_19)
FN:485,(anonymous_20)
FN:497,(anonymous_21)
FN:533,(anonymous_22)
FN:545,(anonymous_23)
FN:571,(anonymous_24)
FN:595,(anonymous_25)
FN:614,(anonymous_26)
FN:634,(anonymous_27)
FN:682,(anonymous_28)
FN:720,(anonymous_29)
FN:735,(anonymous_30)
FN:777,(anonymous_31)
FNF:32
FNH:0
FNDA:0,(anonymous_0)
FNDA:0,(anonymous_1)
FNDA:0,(anonymous_2)
FNDA:0,(anonymous_3)
FNDA:0,(anonymous_4)
FNDA:0,OnboardingScreen
FNDA:0,(anonymous_6)
FNDA:0,(anonymous_7)
FNDA:0,(anonymous_8)
FNDA:0,(anonymous_9)
FNDA:0,(anonymous_10)
FNDA:0,(anonymous_11)
FNDA:0,(anonymous_12)
FNDA:0,(anonymous_13)
FNDA:0,(anonymous_14)
FNDA:0,(anonymous_15)
FNDA:0,(anonymous_16)
FNDA:0,(anonymous_17)
FNDA:0,(anonymous_18)
FNDA:0,(anonymous_19)
FNDA:0,(anonymous_20)
FNDA:0,(anonymous_21)
FNDA:0,(anonymous_22)
FNDA:0,(anonymous_23)
FNDA:0,(anonymous_24)
FNDA:0,(anonymous_25)
FNDA:0,(anonymous_26)
FNDA:0,(anonymous_27)
FNDA:0,(anonymous_28)
FNDA:0,(anonymous_29)
FNDA:0,(anonymous_30)
FNDA:0,(anonymous_31)
DA:31,0
DA:37,0
DA:38,0
DA:57,0
DA:58,0
DA:87,0
DA:88,0
DA:111,0
DA:112,0
DA:139,0
DA:140,0
DA:188,0
DA:232,0
DA:233,0
DA:234,0
DA:235,0
DA:236,0
DA:237,0
DA:238,0
DA:239,0
DA:240,0
DA:243,0
DA:244,0
DA:245,0
DA:246,0
DA:247,0
DA:248,0
DA:249,0
DA:250,0
DA:253,0
DA:254,0
DA:255,0
DA:257,0
DA:258,0
DA:259,0
DA:264,0
DA:268,0
DA:272,0
DA:273,0
DA:275,0
DA:276,0
DA:277,0
DA:280,0
DA:281,0
DA:282,0
DA:285,0
DA:286,0
DA:287,0
DA:291,0
DA:293,0
DA:295,0
DA:300,0
DA:301,0
DA:303,0
DA:304,0
DA:305,0
DA:308,0
DA:309,0
DA:311,0
DA:312,0
DA:315,0
DA:318,0
DA:319,0
DA:320,0
DA:321,0
DA:324,0
DA:325,0
DA:328,0
DA:329,0
DA:334,0
DA:336,0
DA:341,0
DA:342,0
DA:343,0
DA:345,0
DA:346,0
DA:350,0
DA:352,0
DA:353,0
DA:354,0
DA:357,0
DA:358,0
DA:362,0
DA:364,0
DA:366,0
DA:371,0
DA:372,0
DA:373,0
DA:376,0
DA:379,0
DA:382,0
DA:383,0
DA:384,0
DA:386,0
DA:387,0
DA:389,0
DA:394,0
DA:395,0
DA:397,0
DA:399,0
DA:401,0
DA:403,0
DA:405,0
DA:407,0
DA:412,0
DA:413,0
DA:415,0
DA:417,0
DA:419,0
DA:421,0
DA:423,0
DA:425,0
DA:427,0
DA:429,0
DA:431,0
DA:433,0
DA:435,0
DA:437,0
DA:439,0
DA:441,0
DA:443,0
DA:445,0
DA:447,0
DA:452,0
DA:453,0
DA:455,0
DA:467,0
DA:476,0
DA:487,0
DA:489,0
DA:497,0
DA:524,0
DA:535,0
DA:537,0
DA:545,0
DA:571,0
DA:580,0
DA:595,0
DA:614,0
DA:634,0
DA:643,0
DA:682,0
DA:706,0
DA:721,0
DA:736,0
DA:777,0
DA:778,0
DA:780,0
DA:782,0
DA:784,0
DA:786,0
DA:788,0
DA:790,0
DA:794,0
DA:796,0
DA:850,0
LF:156
LH:0
BRDA:247,0,0,0
BRDA:247,0,1,0
BRDA:254,1,0,0
BRDA:254,1,1,0
BRDA:258,2,0,0
BRDA:258,2,1,0
BRDA:275,3,0,0
BRDA:275,3,1,0
BRDA:286,4,0,0
BRDA:286,4,1,0
BRDA:293,5,0,0
BRDA:293,5,1,0
BRDA:303,6,0,0
BRDA:303,6,1,0
BRDA:311,7,0,0
BRDA:311,7,1,0
BRDA:318,8,0,0
BRDA:318,8,1,0
BRDA:320,9,0,0
BRDA:320,9,1,0
BRDA:324,10,0,0
BRDA:324,10,1,0
BRDA:334,11,0,0
BRDA:334,11,1,0
BRDA:345,12,0,0
BRDA:345,12,1,0
BRDA:345,13,0,0
BRDA:345,13,1,0
BRDA:350,14,0,0
BRDA:350,14,1,0
BRDA:364,15,0,0
BRDA:364,15,1,0
BRDA:395,16,0,0
BRDA:395,16,1,0
BRDA:395,16,2,0
BRDA:395,16,3,0
BRDA:395,16,4,0
BRDA:395,16,5,0
BRDA:413,17,0,0
BRDA:413,17,1,0
BRDA:413,17,2,0
BRDA:413,17,3,0
BRDA:413,17,4,0
BRDA:413,17,5,0
BRDA:413,17,6,0
BRDA:413,17,7,0
BRDA:413,17,8,0
BRDA:413,17,9,0
BRDA:413,17,10,0
BRDA:413,17,11,0
BRDA:413,17,12,0
BRDA:413,17,13,0
BRDA:413,17,14,0
BRDA:413,17,15,0
BRDA:413,17,16,0
BRDA:453,18,0,0
BRDA:453,18,1,0
BRDA:453,18,2,0
BRDA:453,18,3,0
BRDA:453,18,4,0
BRDA:453,18,5,0
BRDA:494,19,0,0
BRDA:494,19,1,0
BRDA:495,20,0,0
BRDA:495,20,1,0
BRDA:497,21,0,0
BRDA:497,21,1,0
BRDA:498,22,0,0
BRDA:498,22,1,0
BRDA:504,23,0,0
BRDA:504,23,1,0
BRDA:507,24,0,0
BRDA:507,24,1,0
BRDA:510,25,0,0
BRDA:510,25,1,0
BRDA:517,26,0,0
BRDA:517,26,1,0
BRDA:542,27,0,0
BRDA:542,27,1,0
BRDA:543,28,0,0
BRDA:543,28,1,0
BRDA:545,29,0,0
BRDA:545,29,1,0
BRDA:546,30,0,0
BRDA:546,30,1,0
BRDA:552,31,0,0
BRDA:552,31,1,0
BRDA:555,32,0,0
BRDA:555,32,1,0
BRDA:558,33,0,0
BRDA:558,33,1,0
BRDA:565,34,0,0
BRDA:565,34,1,0
BRDA:593,35,0,0
BRDA:593,35,1,0
BRDA:601,36,0,0
BRDA:601,36,1,0
BRDA:611,37,0,0
BRDA:611,37,1,0
BRDA:623,38,0,0
BRDA:623,38,1,0
BRDA:628,39,0,0
BRDA:628,39,1,0
BRDA:685,40,0,0
BRDA:685,40,1,0
BRDA:695,41,0,0
BRDA:695,41,1,0
BRDA:695,41,2,0
BRDA:740,42,0,0
BRDA:740,42,1,0
BRDA:754,43,0,0
BRDA:754,43,1,0
BRDA:764,44,0,0
BRDA:764,44,1,0
BRDA:778,45,0,0
BRDA:778,45,1,0
BRDA:778,45,2,0
BRDA:778,45,3,0
BRDA:778,45,4,0
BRDA:778,45,5,0
BRDA:812,46,0,0
BRDA:812,46,1,0
BRDA:818,47,0,0
BRDA:818,47,1,0
BRDA:824,48,0,0
BRDA:824,48,1,0
BRDA:830,49,0,0
BRDA:830,49,1,0
BRDA:830,49,2,0
BRDA:830,49,3,0
BRDA:836,50,0,0
BRDA:836,50,1,0
BRDA:842,51,0,0
BRDA:842,51,1,0
BRDA:884,52,0,0
BRDA:884,52,1,0
BRDA:892,53,0,0
BRDA:892,53,1,0
BRDA:910,54,0,0
BRDA:910,54,1,0
BRDA:926,55,0,0
BRDA:926,55,1,0
BRDA:967,56,0,0
BRDA:967,56,1,0
BRDA:980,57,0,0
BRDA:980,57,1,0
BRDA:1040,58,0,0
BRDA:1040,58,1,0
BRDA:1046,59,0,0
BRDA:1046,59,1,0
BRDA:1057,60,0,0
BRDA:1057,60,1,0
BRDA:1123,61,0,0
BRDA:1123,61,1,0
BRDA:1129,62,0,0
BRDA:1129,62,1,0
BRF:156
BRH:0
end_of_record
TN:
SF:app/privacy-policy.tsx
FN:14,(anonymous_0)
FN:24,(anonymous_1)
FN:182,(anonymous_2)
FNF:3
FNH:0
FNDA:0,(anonymous_0)
FNDA:0,(anonymous_1)
FNDA:0,(anonymous_2)
DA:14,0
DA:15,0
DA:16,0
DA:18,0
DA:24,0
DA:182,0
DA:192,0
LF:7
LH:0
BRF:0
BRH:0
end_of_record
TN:
SF:app/profile.tsx
FN:15,ProfileScreen
FN:27,(anonymous_1)
FN:41,(anonymous_2)
FN:57,(anonymous_3)
FN:63,(anonymous_4)
FN:99,(anonymous_5)
FN:104,(anonymous_6)
FN:142,(anonymous_7)
FN:173,(anonymous_8)
FN:222,(anonymous_9)
FN:238,(anonymous_10)
FN:243,(anonymous_11)
FN:263,(anonymous_12)
FNF:13
FNH:0
FNDA:0,ProfileScreen
FNDA:0,(anonymous_1)
FNDA:0,(anonymous_2)
FNDA:0,(anonymous_3)
FNDA:0,(anonymous_4)
FNDA:0,(anonymous_5)
FNDA:0,(anonymous_6)
FNDA:0,(anonymous_7)
FNDA:0,(anonymous_8)
FNDA:0,(anonymous_9)
FNDA:0,(anonymous_10)
FNDA:0,(anonymous_11)
FNDA:0,(anonymous_12)
DA:13,0
DA:16,0
DA:17,0
DA:18,0
DA:19,0
DA:20,0
DA:21,0
DA:22,0
DA:23,0
DA:24,0
DA:27,0
DA:28,0
DA:29,0
DA:31,0
DA:32,0
DA:33,0
DA:35,0
DA:37,0
DA:41,0
DA:43,0
DA:44,0
DA:46,0
DA:49,0
DA:52,0
DA:56,0
DA:59,0
DA:63,0
DA:64,0
DA:65,0
DA:66,0
DA:69,0
DA:70,0
DA:73,0
DA:74,0
DA:75,0
DA:80,0
DA:81,0
DA:87,0
DA:88,0
DA:91,0
DA:92,0
DA:94,0
DA:99,0
DA:100,0
DA:104,0
DA:105,0
DA:106,0
DA:109,0
DA:110,0
DA:113,0
DA:116,0
DA:143,0
DA:145,0
DA:146,0
DA:148,0
DA:173,0
DA:222,0
DA:239,0
DA:243,0
DA:263,0
DA:272,0
LF:61
LH:0
BRDA:43,0,0,0
BRDA:43,0,1,0
BRDA:64,1,0,0
BRDA:64,1,1,0
BRDA:74,2,0,0
BRDA:74,2,1,0
BRDA:80,3,0,0
BRDA:80,3,1,0
BRDA:100,4,0,0
BRDA:100,4,1,0
BRDA:105,5,0,0
BRDA:105,5,1,0
BRDA:105,6,0,0
BRDA:105,6,1,0
BRDA:109,7,0,0
BRDA:109,7,1,0
BRDA:129,8,0,0
BRDA:129,8,1,0
BRDA:145,9,0,0
BRDA:145,9,1,0
BRDA:161,10,0,0
BRDA:161,10,1,0
BRDA:180,11,0,0
BRDA:180,11,1,0
BRDA:198,12,0,0
BRDA:198,12,1,0
BRDA:200,13,0,0
BRDA:200,13,1,0
BRDA:214,14,0,0
BRDA:214,14,1,0
BRDA:237,15,0,0
BRDA:237,15,1,0
BRF:32
BRH:0
end_of_record
TN:
SF:app/settings.tsx
FN:30,SettingsScreen
FN:37,(anonymous_1)
FN:51,(anonymous_2)
FN:62,(anonymous_3)
FN:72,(anonymous_4)
FN:94,(anonymous_5)
FN:98,(anonymous_6)
FN:102,(anonymous_7)
FN:111,(anonymous_8)
FN:161,(anonymous_9)
FN:167,(anonymous_10)
FN:179,(anonymous_11)
FN:185,(anonymous_12)
FN:191,(anonymous_13)
FN:267,(anonymous_14)
FNF:15
FNH:0
FNDA:0,SettingsScreen
FNDA:0,(anonymous_1)
FNDA:0,(anonymous_2)
FNDA:0,(anonymous_3)
FNDA:0,(anonymous_4)
FNDA:0,(anonymous_5)
FNDA:0,(anonymous_6)
FNDA:0,(anonymous_7)
FNDA:0,(anonymous_8)
FNDA:0,(anonymous_9)
FNDA:0,(anonymous_10)
FNDA:0,(anonymous_11)
FNDA:0,(anonymous_12)
FNDA:0,(anonymous_13)
FNDA:0,(anonymous_14)
DA:31,0
DA:32,0
DA:33,0
DA:34,0
DA:35,0
DA:37,0
DA:38,0
DA:39,0
DA:40,0
DA:41,0
DA:42,0
DA:44,0
DA:45,0
DA:47,0
DA:51,0
DA:52,0
DA:62,0
DA:63,0
DA:64,0
DA:65,0
DA:73,0
DA:74,0
DA:75,0
DA:77,0
DA:78,0
DA:80,0
DA:87,0
DA:88,0
DA:90,0
DA:94,0
DA:95,0
DA:98,0
DA:99,0
DA:102,0
DA:103,0
DA:108,0
DA:111,0
DA:112,0
DA:124,0
DA:161,0
DA:167,0
DA:179,0
DA:185,0
DA:191,0
DA:267,0
DA:276,0
LF:46
LH:0
BRDA:111,0,0,0
BRDA:130,1,0,0
BRDA:130,1,1,0
BRDA:140,2,0,0
BRDA:140,2,1,0
BRDA:143,3,0,0
BRDA:143,3,1,0
BRDA:147,4,0,0
BRDA:147,4,1,0
BRDA:147,4,2,0
BRDA:152,5,0,0
BRDA:152,5,1,0
BRDA:153,6,0,0
BRDA:153,6,1,0
BRDA:239,7,0,0
BRDA:239,7,1,0
BRDA:286,8,0,0
BRDA:286,8,1,0
BRDA:294,9,0,0
BRDA:294,9,1,0
BRDA:310,10,0,0
BRDA:310,10,1,0
BRDA:373,11,0,0
BRDA:373,11,1,0
BRDA:378,12,0,0
BRDA:378,12,1,0
BRDA:410,13,0,0
BRDA:410,13,1,0
BRDA:415,14,0,0
BRDA:415,14,1,0
BRDA:430,15,0,0
BRDA:430,15,1,0
BRF:32
BRH:0
end_of_record
TN:
SF:app/shared-audio.tsx
FN:11,SharedAudioScreen
FN:18,(anonymous_1)
FN:25,(anonymous_2)
FNF:3
FNH:0
FNDA:0,SharedAudioScreen
FNDA:0,(anonymous_1)
FNDA:0,(anonymous_2)
DA:12,0
DA:13,0
DA:14,0
DA:15,0
DA:16,0
DA:18,0
DA:20,0
DA:21,0
DA:25,0
DA:26,0
DA:29,0
DA:30,0
DA:38,0
DA:39,0
DA:47,0
DA:48,0
DA:56,0
DA:57,0
DA:65,0
DA:73,0
LF:20
LH:0
BRDA:20,0,0,0
BRDA:20,0,1,0
BRDA:20,1,0,0
BRDA:20,1,1,0
BRDA:29,2,0,0
BRDA:29,2,1,0
BRDA:38,3,0,0
BRDA:38,3,1,0
BRDA:47,4,0,0
BRDA:47,4,1,0
BRDA:56,5,0,0
BRDA:56,5,1,0
BRDA:68,6,0,0
BRDA:68,6,1,0
BRF:14
BRH:0
end_of_record
TN:
SF:app/subscription.tsx
FN:10,SubscriptionScreen
FN:31,(anonymous_1)
FNF:2
FNH:0
FNDA:0,SubscriptionScreen
FNDA:0,(anonymous_1)
DA:11,0
DA:12,0
DA:13,0
DA:15,0
DA:31,0
DA:88,0
LF:6
LH:0
BRDA:55,0,0,0
BRDA:55,0,1,0
BRDA:66,1,0,0
BRDA:66,1,1,0
BRF:4
BRH:0
end_of_record
TN:
SF:app/sync.tsx
FN:17,(anonymous_0)
FN:28,(anonymous_1)
FNF:2
FNH:0
FNDA:0,(anonymous_0)
FNDA:0,(anonymous_1)
DA:17,0
DA:18,0
DA:19,0
DA:20,0
DA:22,0
DA:28,0
DA:63,0
LF:7
LH:0
BRDA:49,0,0,0
BRDA:49,0,1,0
BRF:2
BRH:0
end_of_record
TN:
SF:app/task-detail.tsx
FN:14,TaskDetail
FN:26,(anonymous_1)
FN:28,(anonymous_2)
FN:41,(anonymous_3)
FN:61,(anonymous_4)
FN:72,(anonymous_5)
FN:76,(anonymous_6)
FN:95,(anonymous_7)
FN:104,(anonymous_8)
FN:141,(anonymous_9)
FNF:10
FNH:0
FNDA:0,TaskDetail
FNDA:0,(anonymous_1)
FNDA:0,(anonymous_2)
FNDA:0,(anonymous_3)
FNDA:0,(anonymous_4)
FNDA:0,(anonymous_5)
FNDA:0,(anonymous_6)
FNDA:0,(anonymous_7)
FNDA:0,(anonymous_8)
FNDA:0,(anonymous_9)
DA:15,0
DA:16,0
DA:17,0
DA:18,0
DA:19,0
DA:20,0
DA:21,0
DA:22,0
DA:23,0
DA:24,0
DA:26,0
DA:27,0
DA:28,0
DA:29,0
DA:30,0
DA:33,0
DA:34,0
DA:35,0
DA:36,0
DA:39,0
DA:40,0
DA:41,0
DA:44,0
DA:45,0
DA:46,0
DA:47,0
DA:49,0
DA:52,0
DA:55,0
DA:61,0
DA:62,0
DA:63,0
DA:64,0
DA:66,0
DA:68,0
DA:72,0
DA:73,0
DA:76,0
DA:77,0
DA:79,0
DA:82,0
DA:84,0
DA:85,0
DA:86,0
DA:87,0
DA:90,0
DA:95,0
DA:96,0
DA:97,0
DA:104,0
DA:105,0
DA:108,0
DA:109,0
DA:117,0
DA:119,0
DA:141,0
DA:177,0
LF:57
LH:0
BRDA:27,0,0,0
BRDA:27,0,1,0
BRDA:29,1,0,0
BRDA:29,1,1,0
BRDA:39,2,0,0
BRDA:39,2,1,0
BRDA:39,3,0,0
BRDA:39,3,1,0
BRDA:41,4,0,0
BRDA:41,4,1,0
BRDA:44,5,0,0
BRDA:44,5,1,0
BRDA:46,6,0,0
BRDA:46,6,1,0
BRDA:77,7,0,0
BRDA:77,7,1,0
BRDA:82,8,0,0
BRDA:82,8,1,0
BRDA:85,9,0,0
BRDA:85,9,1,0
BRDA:96,10,0,0
BRDA:96,10,1,0
BRDA:108,11,0,0
BRDA:108,11,1,0
BRDA:117,12,0,0
BRDA:117,12,1,0
BRDA:117,13,0,0
BRDA:117,13,1,0
BRDA:123,14,0,0
BRDA:123,14,1,0
BRDA:125,15,0,0
BRDA:125,15,1,0
BRDA:133,16,0,0
BRDA:133,16,1,0
BRDA:144,17,0,0
BRDA:144,17,1,0
BRDA:149,18,0,0
BRDA:149,18,1,0
BRDA:160,19,0,0
BRDA:160,19,1,0
BRDA:193,20,0,0
BRDA:193,20,1,0
BRF:42
BRH:0
end_of_record
TN:
SF:app/task-form.tsx
FN:46,PracticeMenuGenerator
FN:72,(anonymous_1)
FN:73,(anonymous_2)
FN:78,(anonymous_3)
FN:92,(anonymous_4)
FN:125,(anonymous_5)
FN:130,(anonymous_6)
FN:145,(anonymous_7)
FN:155,(anonymous_8)
FN:156,(anonymous_9)
FN:170,(anonymous_10)
FN:206,(anonymous_11)
FN:213,(anonymous_12)
FN:231,(anonymous_13)
FN:245,(anonymous_14)
FN:279,(anonymous_15)
FNF:16
FNH:0
FNDA:0,PracticeMenuGenerator
FNDA:0,(anonymous_1)
FNDA:0,(anonymous_2)
FNDA:0,(anonymous_3)
FNDA:0,(anonymous_4)
FNDA:0,(anonymous_5)
FNDA:0,(anonymous_6)
FNDA:0,(anonymous_7)
FNDA:0,(anonymous_8)
FNDA:0,(anonymous_9)
FNDA:0,(anonymous_10)
FNDA:0,(anonymous_11)
FNDA:0,(anonymous_12)
FNDA:0,(anonymous_13)
FNDA:0,(anonymous_14)
FNDA:0,(anonymous_15)
DA:22,0
DA:25,0
DA:28,0
DA:47,0
DA:54,0
DA:55,0
DA:56,0
DA:57,0
DA:58,0
DA:59,0
DA:60,0
DA:63,0
DA:72,0
DA:73,0
DA:74,0
DA:75,0
DA:76,0
DA:77,0
DA:78,0
DA:84,0
DA:88,0
DA:92,0
DA:93,0
DA:94,0
DA:95,0
DA:98,0
DA:99,0
DA:102,0
DA:103,0
DA:104,0
DA:121,0
DA:122,0
DA:125,0
DA:126,0
DA:127,0
DA:130,0
DA:138,0
DA:139,0
DA:140,0
DA:145,0
DA:147,0
DA:155,0
DA:156,0
DA:162,0
DA:170,0
DA:207,0
DA:213,0
DA:232,0
DA:233,0
DA:245,0
DA:280,0
DA:303,0
LF:52
LH:0
BRDA:76,0,0,0
BRDA:76,0,1,0
BRDA:76,1,0,0
BRDA:76,1,1,0
BRDA:93,2,0,0
BRDA:93,2,1,0
BRDA:112,3,0,0
BRDA:112,3,1,0
BRDA:113,4,0,0
BRDA:113,4,1,0
BRDA:166,5,0,0
BRDA:166,5,1,0
BRDA:167,6,0,0
BRDA:167,6,1,0
BRDA:176,7,0,0
BRDA:176,7,1,0
BRDA:182,8,0,0
BRDA:182,8,1,0
BRDA:192,9,0,0
BRDA:192,9,1,0
BRDA:211,10,0,0
BRDA:211,10,1,0
BRDA:217,11,0,0
BRDA:217,11,1,0
BRDA:259,12,0,0
BRDA:259,12,1,0
BRDA:285,13,0,0
BRDA:285,13,1,0
BRDA:319,14,0,0
BRDA:319,14,1,0
BRDA:340,15,0,0
BRDA:340,15,1,0
BRDA:365,16,0,0
BRDA:365,16,1,0
BRDA:374,17,0,0
BRDA:374,17,1,0
BRDA:428,18,0,0
BRDA:428,18,1,0
BRDA:441,19,0,0
BRDA:441,19,1,0
BRDA:466,20,0,0
BRDA:466,20,1,0
BRDA:472,21,0,0
BRDA:472,21,1,0
BRDA:479,22,0,0
BRDA:479,22,1,0
BRDA:505,23,0,0
BRDA:505,23,1,0
BRDA:515,24,0,0
BRDA:515,24,1,0
BRDA:527,25,0,0
BRDA:527,25,1,0
BRDA:533,26,0,0
BRDA:533,26,1,0
BRDA:553,27,0,0
BRDA:553,27,1,0
BRDA:574,28,0,0
BRDA:574,28,1,0
BRDA:595,29,0,0
BRDA:595,29,1,0
BRF:60
BRH:0
end_of_record
TN:
SF:app/terms-of-service.tsx
FN:14,(anonymous_0)
FN:24,(anonymous_1)
FN:194,(anonymous_2)
FNF:3
FNH:0
FNDA:0,(anonymous_0)
FNDA:0,(anonymous_1)
FNDA:0,(anonymous_2)
DA:14,0
DA:15,0
DA:16,0
DA:18,0
DA:24,0
DA:194,0
DA:204,0
LF:7
LH:0
BRF:0
BRH:0
end_of_record
TN:
SF:app/theme-settings.tsx
FN:8,(anonymous_0)
FN:23,(anonymous_1)
FN:28,(anonymous_2)
FN:36,(anonymous_3)
FNF:4
FNH:0
FNDA:0,(anonymous_0)
FNDA:0,(anonymous_1)
FNDA:0,(anonymous_2)
FNDA:0,(anonymous_3)
DA:8,0
DA:9,0
DA:10,0
DA:11,0
DA:13,0
DA:19,0
DA:23,0
DA:29,0
DA:36,0
DA:59,0
LF:10
LH:0
BRDA:33,0,0,0
BRDA:33,0,1,0
BRDA:41,1,0,0
BRDA:41,1,1,0
BRDA:44,2,0,0
BRDA:44,2,1,0
BRF:6
BRH:0
end_of_record
TN:
SF:app/(lesson-detail)/[id].tsx
FN:19,LessonDetail
FN:60,(anonymous_1)
FN:76,(anonymous_2)
FN:127,(anonymous_3)
FN:156,(anonymous_4)
FN:162,(anonymous_5)
FN:208,(anonymous_6)
FN:238,(anonymous_7)
FN:239,(anonymous_8)
FN:242,(anonymous_9)
FN:250,(anonymous_10)
FN:271,(anonymous_11)
FN:299,(anonymous_12)
FN:304,(anonymous_13)
FN:315,(anonymous_14)
FN:335,(anonymous_15)
FN:349,(anonymous_16)
FN:379,(anonymous_17)
FN:390,(anonymous_18)
FN:393,(anonymous_19)
FN:451,(anonymous_20)
FN:459,(anonymous_21)
FN:467,(anonymous_22)
FN:475,(anonymous_23)
FNF:24
FNH:0
FNDA:0,LessonDetail
FNDA:0,(anonymous_1)
FNDA:0,(anonymous_2)
FNDA:0,(anonymous_3)
FNDA:0,(anonymous_4)
FNDA:0,(anonymous_5)
FNDA:0,(anonymous_6)
FNDA:0,(anonymous_7)
FNDA:0,(anonymous_8)
FNDA:0,(anonymous_9)
FNDA:0,(anonymous_10)
FNDA:0,(anonymous_11)
FNDA:0,(anonymous_12)
FNDA:0,(anonymous_13)
FNDA:0,(anonymous_14)
FNDA:0,(anonymous_15)
FNDA:0,(anonymous_16)
FNDA:0,(anonymous_17)
FNDA:0,(anonymous_18)
FNDA:0,(anonymous_19)
FNDA:0,(anonymous_20)
FNDA:0,(anonymous_21)
FNDA:0,(anonymous_22)
FNDA:0,(anonymous_23)
DA:20,0
DA:21,0
DA:22,0
DA:23,0
DA:24,0
DA:36,0
DA:37,0
DA:40,0
DA:42,0
DA:60,0
DA:61,0
DA:63,0
DA:66,0
DA:67,0
DA:68,0
DA:69,0
DA:73,0
DA:74,0
DA:76,0
DA:77,0
DA:78,0
DA:79,0
DA:88,0
DA:109,0
DA:110,0
DA:111,0
DA:112,0
DA:115,0
DA:118,0
DA:127,0
DA:128,0
DA:143,0
DA:151,0
DA:156,0
DA:157,0
DA:158,0
DA:162,0
DA:163,0
DA:165,0
DA:168,0
DA:169,0
DA:170,0
DA:171,0
DA:172,0
DA:176,0
DA:177,0
DA:180,0
DA:200,0
DA:201,0
DA:203,0
DA:204,0
DA:208,0
DA:209,0
DA:211,0
DA:212,0
DA:213,0
DA:214,0
DA:215,0
DA:219,0
DA:222,0
DA:225,0
DA:231,0
DA:233,0
DA:234,0
DA:238,0
DA:239,0
DA:242,0
DA:243,0
DA:244,0
DA:246,0
DA:250,0
DA:252,0
DA:268,0
DA:271,0
DA:272,0
DA:274,0
DA:275,0
DA:276,0
DA:277,0
DA:278,0
DA:282,0
DA:285,0
DA:290,0
DA:291,0
DA:293,0
DA:294,0
DA:299,0
DA:300,0
DA:304,0
DA:305,0
DA:306,0
DA:315,0
DA:316,0
DA:318,0
DA:319,0
DA:328,0
DA:335,0
DA:336,0
DA:338,0
DA:344,0
DA:345,0
DA:349,0
DA:350,0
DA:352,0
DA:353,0
DA:354,0
DA:355,0
DA:356,0
DA:360,0
DA:363,0
DA:366,0
DA:372,0
DA:374,0
DA:375,0
DA:379,0
DA:381,0
DA:390,0
DA:391,0
DA:393,0
DA:395,0
DA:399,0
DA:451,0
DA:459,0
DA:467,0
DA:475,0
DA:486,0
LF:126
LH:0
BRDA:61,0,0,0
BRDA:61,0,1,0
BRDA:67,1,0,0
BRDA:67,1,1,0
BRDA:77,2,0,0
BRDA:77,2,1,0
BRDA:82,3,0,0
BRDA:82,3,1,0
BRDA:83,4,0,0
BRDA:83,4,1,0
BRDA:84,5,0,0
BRDA:84,5,1,0
BRDA:84,6,0,0
BRDA:84,6,1,0
BRDA:90,7,0,0
BRDA:90,7,1,0
BRDA:90,7,2,0
BRDA:91,8,0,0
BRDA:91,8,1,0
BRDA:92,9,0,0
BRDA:92,9,1,0
BRDA:93,10,0,0
BRDA:93,10,1,0
BRDA:94,11,0,0
BRDA:94,11,1,0
BRDA:95,12,0,0
BRDA:95,12,1,0
BRDA:96,13,0,0
BRDA:96,13,1,0
BRDA:97,14,0,0
BRDA:97,14,1,0
BRDA:98,15,0,0
BRDA:98,15,1,0
BRDA:99,16,0,0
BRDA:99,16,1,0
BRDA:100,17,0,0
BRDA:100,17,1,0
BRDA:100,17,2,0
BRDA:101,18,0,0
BRDA:101,18,1,0
BRDA:102,19,0,0
BRDA:102,19,1,0
BRDA:102,19,2,0
BRDA:103,20,0,0
BRDA:103,20,1,0
BRDA:104,21,0,0
BRDA:104,21,1,0
BRDA:105,22,0,0
BRDA:105,22,1,0
BRDA:109,23,0,0
BRDA:109,23,1,0
BRDA:119,24,0,0
BRDA:119,24,1,0
BRDA:120,25,0,0
BRDA:120,25,1,0
BRDA:122,26,0,0
BRDA:122,26,1,0
BRDA:130,27,0,0
BRDA:130,27,1,0
BRDA:130,27,2,0
BRDA:131,28,0,0
BRDA:131,28,1,0
BRDA:132,29,0,0
BRDA:132,29,1,0
BRDA:133,30,0,0
BRDA:133,30,1,0
BRDA:134,31,0,0
BRDA:134,31,1,0
BRDA:135,32,0,0
BRDA:135,32,1,0
BRDA:136,33,0,0
BRDA:136,33,1,0
BRDA:137,34,0,0
BRDA:137,34,1,0
BRDA:138,35,0,0
BRDA:138,35,1,0
BRDA:139,36,0,0
BRDA:139,36,1,0
BRDA:140,37,0,0
BRDA:140,37,1,0
BRDA:145,38,0,0
BRDA:145,38,1,0
BRDA:147,39,0,0
BRDA:147,39,1,0
BRDA:165,40,0,0
BRDA:165,40,1,0
BRDA:169,41,0,0
BRDA:169,41,1,0
BRDA:188,42,0,0
BRDA:188,42,1,0
BRDA:189,43,0,0
BRDA:189,43,1,0
BRDA:194,44,0,0
BRDA:194,44,1,0
BRDA:212,45,0,0
BRDA:212,45,1,0
BRDA:243,46,0,0
BRDA:243,46,1,0
BRDA:254,47,0,0
BRDA:254,47,1,0
BRDA:255,48,0,0
BRDA:255,48,1,0
BRDA:256,49,0,0
BRDA:256,49,1,0
BRDA:257,50,0,0
BRDA:257,50,1,0
BRDA:258,51,0,0
BRDA:258,51,1,0
BRDA:259,52,0,0
BRDA:259,52,1,0
BRDA:260,53,0,0
BRDA:260,53,1,0
BRDA:261,54,0,0
BRDA:261,54,1,0
BRDA:262,55,0,0
BRDA:262,55,1,0
BRDA:263,56,0,0
BRDA:263,56,1,0
BRDA:264,57,0,0
BRDA:264,57,1,0
BRDA:265,58,0,0
BRDA:265,58,1,0
BRDA:266,59,0,0
BRDA:266,59,1,0
BRDA:275,60,0,0
BRDA:275,60,1,0
BRDA:318,61,0,0
BRDA:318,61,1,0
BRDA:324,62,0,0
BRDA:324,62,1,0
BRDA:324,63,0,0
BRDA:324,63,1,0
BRDA:353,64,0,0
BRDA:353,64,1,0
BRDA:406,65,0,0
BRDA:406,65,1,0
BRDA:407,66,0,0
BRDA:407,66,1,0
BRDA:422,67,0,0
BRDA:422,67,1,0
BRF:140
BRH:0
end_of_record
TN:
SF:app/(lesson-detail)/index.tsx
FN:19,LessonDetail
FN:48,(anonymous_1)
FN:64,(anonymous_2)
FN:107,(anonymous_3)
FN:136,(anonymous_4)
FN:142,(anonymous_5)
FN:190,(anonymous_6)
FN:220,(anonymous_7)
FN:221,(anonymous_8)
FN:224,(anonymous_9)
FN:232,(anonymous_10)
FN:260,(anonymous_11)
FN:265,(anonymous_12)
FN:276,(anonymous_13)
FN:293,(anonymous_14)
FN:323,(anonymous_15)
FN:375,(anonymous_16)
FN:399,(anonymous_17)
FNF:18
FNH:0
FNDA:0,LessonDetail
FNDA:0,(anonymous_1)
FNDA:0,(anonymous_2)
FNDA:0,(anonymous_3)
FNDA:0,(anonymous_4)
FNDA:0,(anonymous_5)
FNDA:0,(anonymous_6)
FNDA:0,(anonymous_7)
FNDA:0,(anonymous_8)
FNDA:0,(anonymous_9)
FNDA:0,(anonymous_10)
FNDA:0,(anonymous_11)
FNDA:0,(anonymous_12)
FNDA:0,(anonymous_13)
FNDA:0,(anonymous_14)
FNDA:0,(anonymous_15)
FNDA:0,(anonymous_16)
FNDA:0,(anonymous_17)
DA:20,0
DA:21,0
DA:22,0
DA:23,0
DA:24,0
DA:25,0
DA:28,0
DA:30,0
DA:48,0
DA:49,0
DA:51,0
DA:54,0
DA:55,0
DA:56,0
DA:57,0
DA:61,0
DA:62,0
DA:64,0
DA:65,0
DA:66,0
DA:67,0
DA:76,0
DA:95,0
DA:98,0
DA:107,0
DA:108,0
DA:123,0
DA:131,0
DA:136,0
DA:137,0
DA:138,0
DA:142,0
DA:143,0
DA:145,0
DA:148,0
DA:149,0
DA:150,0
DA:151,0
DA:152,0
DA:156,0
DA:157,0
DA:160,0
DA:179,0
DA:183,0
DA:185,0
DA:186,0
DA:190,0
DA:191,0
DA:193,0
DA:194,0
DA:195,0
DA:196,0
DA:197,0
DA:201,0
DA:204,0
DA:207,0
DA:213,0
DA:215,0
DA:216,0
DA:220,0
DA:221,0
DA:224,0
DA:225,0
DA:226,0
DA:228,0
DA:232,0
DA:233,0
DA:235,0
DA:236,0
DA:237,0
DA:238,0
DA:239,0
DA:243,0
DA:246,0
DA:251,0
DA:252,0
DA:254,0
DA:255,0
DA:260,0
DA:261,0
DA:265,0
DA:266,0
DA:267,0
DA:276,0
DA:277,0
DA:279,0
DA:280,0
DA:289,0
DA:293,0
DA:294,0
DA:296,0
DA:297,0
DA:298,0
DA:299,0
DA:300,0
DA:304,0
DA:307,0
DA:310,0
DA:316,0
DA:318,0
DA:319,0
DA:323,0
DA:325,0
DA:333,0
DA:375,0
DA:399,0
DA:410,0
LF:107
LH:0
BRDA:49,0,0,0
BRDA:49,0,1,0
BRDA:55,1,0,0
BRDA:55,1,1,0
BRDA:65,2,0,0
BRDA:65,2,1,0
BRDA:70,3,0,0
BRDA:70,3,1,0
BRDA:71,4,0,0
BRDA:71,4,1,0
BRDA:72,5,0,0
BRDA:72,5,1,0
BRDA:72,6,0,0
BRDA:72,6,1,0
BRDA:78,7,0,0
BRDA:78,7,1,0
BRDA:78,7,2,0
BRDA:79,8,0,0
BRDA:79,8,1,0
BRDA:80,9,0,0
BRDA:80,9,1,0
BRDA:81,10,0,0
BRDA:81,10,1,0
BRDA:82,11,0,0
BRDA:82,11,1,0
BRDA:83,12,0,0
BRDA:83,12,1,0
BRDA:84,13,0,0
BRDA:84,13,1,0
BRDA:85,14,0,0
BRDA:85,14,1,0
BRDA:86,15,0,0
BRDA:86,15,1,0
BRDA:87,16,0,0
BRDA:87,16,1,0
BRDA:87,16,2,0
BRDA:88,17,0,0
BRDA:88,17,1,0
BRDA:89,18,0,0
BRDA:89,18,1,0
BRDA:89,18,2,0
BRDA:90,19,0,0
BRDA:90,19,1,0
BRDA:91,20,0,0
BRDA:91,20,1,0
BRDA:92,21,0,0
BRDA:92,21,1,0
BRDA:99,22,0,0
BRDA:99,22,1,0
BRDA:100,23,0,0
BRDA:100,23,1,0
BRDA:102,24,0,0
BRDA:102,24,1,0
BRDA:110,25,0,0
BRDA:110,25,1,0
BRDA:110,25,2,0
BRDA:111,26,0,0
BRDA:111,26,1,0
BRDA:112,27,0,0
BRDA:112,27,1,0
BRDA:113,28,0,0
BRDA:113,28,1,0
BRDA:114,29,0,0
BRDA:114,29,1,0
BRDA:115,30,0,0
BRDA:115,30,1,0
BRDA:116,31,0,0
BRDA:116,31,1,0
BRDA:117,32,0,0
BRDA:117,32,1,0
BRDA:118,33,0,0
BRDA:118,33,1,0
BRDA:119,34,0,0
BRDA:119,34,1,0
BRDA:120,35,0,0
BRDA:120,35,1,0
BRDA:125,36,0,0
BRDA:125,36,1,0
BRDA:127,37,0,0
BRDA:127,37,1,0
BRDA:145,38,0,0
BRDA:145,38,1,0
BRDA:149,39,0,0
BRDA:149,39,1,0
BRDA:169,40,0,0
BRDA:169,40,1,0
BRDA:170,41,0,0
BRDA:170,41,1,0
BRDA:175,42,0,0
BRDA:175,42,1,0
BRDA:180,43,0,0
BRDA:180,43,1,0
BRDA:194,44,0,0
BRDA:194,44,1,0
BRDA:225,45,0,0
BRDA:225,45,1,0
BRDA:236,46,0,0
BRDA:236,46,1,0
BRDA:279,47,0,0
BRDA:279,47,1,0
BRDA:285,48,0,0
BRDA:285,48,1,0
BRDA:285,49,0,0
BRDA:285,49,1,0
BRDA:297,50,0,0
BRDA:297,50,1,0
BRDA:361,51,0,0
BRDA:361,51,1,0
BRF:108
BRH:0
end_of_record
TN:
SF:app/admin/db-migration.tsx
FN:13,DatabaseMigrationScreen
FN:25,(anonymous_1)
FN:26,(anonymous_2)
FN:44,(anonymous_3)
FN:51,(anonymous_4)
FN:72,(anonymous_5)
FN:96,(anonymous_6)
FN:106,(anonymous_7)
FNF:8
FNH:0
FNDA:0,DatabaseMigrationScreen
FNDA:0,(anonymous_1)
FNDA:0,(anonymous_2)
FNDA:0,(anonymous_3)
FNDA:0,(anonymous_4)
FNDA:0,(anonymous_5)
FNDA:0,(anonymous_6)
FNDA:0,(anonymous_7)
DA:14,0
DA:15,0
DA:16,0
DA:17,0
DA:18,0
DA:19,0
DA:21,0
DA:22,0
DA:25,0
DA:26,0
DA:27,0
DA:28,0
DA:29,0
DA:30,0
DA:36,0
DA:39,0
DA:40,0
DA:44,0
DA:45,0
DA:51,0
DA:52,0
DA:53,0
DA:54,0
DA:56,0
DA:57,0
DA:59,0
DA:61,0
DA:63,0
DA:65,0
DA:66,0
DA:67,0
DA:72,0
DA:73,0
DA:74,0
DA:75,0
DA:77,0
DA:78,0
DA:79,0
DA:82,0
DA:83,0
DA:85,0
DA:87,0
DA:89,0
DA:90,0
DA:91,0
DA:96,0
DA:97,0
DA:99,0
DA:107,0
DA:108,0
DA:109,0
DA:111,0
DA:112,0
DA:113,0
DA:115,0
DA:116,0
DA:117,0
DA:118,0
DA:120,0
DA:123,0
DA:125,0
DA:126,0
DA:127,0
DA:134,0
DA:135,0
DA:139,0
DA:213,0
LF:67
LH:0
BRDA:28,0,0,0
BRDA:28,0,1,0
BRDA:45,1,0,0
BRDA:45,1,1,0
BRDA:59,2,0,0
BRDA:59,2,1,0
BRDA:61,3,0,0
BRDA:61,3,1,0
BRDA:65,4,0,0
BRDA:65,4,1,0
BRDA:78,5,0,0
BRDA:78,5,1,0
BRDA:89,6,0,0
BRDA:89,6,1,0
BRDA:115,7,0,0
BRDA:115,7,1,0
BRDA:125,8,0,0
BRDA:125,8,1,0
BRDA:134,9,0,0
BRDA:134,9,1,0
BRDA:155,10,0,0
BRDA:155,10,1,0
BRDA:160,11,0,0
BRDA:160,11,1,0
BRDA:169,12,0,0
BRDA:169,12,1,0
BRDA:177,13,0,0
BRDA:177,13,1,0
BRDA:185,14,0,0
BRDA:185,14,1,0
BRDA:192,15,0,0
BRDA:192,15,1,0
BRDA:196,16,0,0
BRDA:196,16,1,0
BRDA:204,17,0,0
BRDA:204,17,1,0
BRF:36
BRH:0
end_of_record
TN:
SF:app/analysis/detailed-report.tsx
FN:8,DetailedReportScreen
FN:19,(anonymous_1)
FNF:2
FNH:0
FNDA:0,DetailedReportScreen
FNDA:0,(anonymous_1)
DA:9,0
DA:10,0
DA:12,0
DA:19,0
DA:34,0
LF:5
LH:0
BRDA:38,0,0,0
BRDA:38,0,1,0
BRF:2
BRH:0
end_of_record
TN:
SF:app/auth/forgot-password.tsx
FN:5,ForgotPasswordScreen
FN:8,(anonymous_1)
FN:38,(anonymous_2)
FNF:3
FNH:0
FNDA:0,ForgotPasswordScreen
FNDA:0,(anonymous_1)
FNDA:0,(anonymous_2)
DA:6,0
DA:8,0
DA:10,0
DA:13,0
DA:38,0
DA:46,0
LF:6
LH:0
BRF:0
BRH:0
end_of_record
TN:
SF:app/auth/login.tsx
FN:28,LoginScreen
FN:42,(anonymous_1)
FN:59,(anonymous_2)
FN:60,(anonymous_3)
FN:61,(anonymous_4)
FN:64,(anonymous_5)
FN:68,(anonymous_6)
FN:82,(anonymous_7)
FN:85,(anonymous_8)
FN:93,(anonymous_9)
FN:94,(anonymous_10)
FN:95,(anonymous_11)
FN:132,(anonymous_12)
FN:137,(anonymous_13)
FN:140,(anonymous_14)
FN:146,(anonymous_15)
FN:151,(anonymous_16)
FN:159,(anonymous_17)
FN:168,(anonymous_18)
FN:173,(anonymous_19)
FN:227,(anonymous_20)
FN:317,(anonymous_21)
FNF:22
FNH:0
FNDA:0,LoginScreen
FNDA:0,(anonymous_1)
FNDA:0,(anonymous_2)
FNDA:0,(anonymous_3)
FNDA:0,(anonymous_4)
FNDA:0,(anonymous_5)
FNDA:0,(anonymous_6)
FNDA:0,(anonymous_7)
FNDA:0,(anonymous_8)
FNDA:0,(anonymous_9)
FNDA:0,(anonymous_10)
FNDA:0,(anonymous_11)
FNDA:0,(anonymous_12)
FNDA:0,(anonymous_13)
FNDA:0,(anonymous_14)
FNDA:0,(anonymous_15)
FNDA:0,(anonymous_16)
FNDA:0,(anonymous_17)
FNDA:0,(anonymous_18)
FNDA:0,(anonymous_19)
FNDA:0,(anonymous_20)
FNDA:0,(anonymous_21)
DA:26,0
DA:29,0
DA:30,0
DA:32,0
DA:33,0
DA:34,0
DA:35,0
DA:36,0
DA:37,0
DA:40,0
DA:41,0
DA:42,0
DA:49,0
DA:56,0
DA:59,0
DA:60,0
DA:61,0
DA:64,0
DA:68,0
DA:70,0
DA:80,0
DA:82,0
DA:84,0
DA:85,0
DA:86,0
DA:87,0
DA:93,0
DA:94,0
DA:95,0
DA:96,0
DA:101,0
DA:102,0
DA:104,0
DA:132,0
DA:137,0
DA:138,0
DA:140,0
DA:141,0
DA:146,0
DA:147,0
DA:148,0
DA:151,0
DA:152,0
DA:153,0
DA:154,0
DA:156,0
DA:159,0
DA:160,0
DA:161,0
DA:163,0
DA:164,0
DA:168,0
DA:169,0
DA:170,0
DA:173,0
DA:174,0
DA:175,0
DA:176,0
DA:179,0
DA:180,0
DA:181,0
DA:182,0
DA:183,0
DA:185,0
DA:186,0
DA:190,0
DA:191,0
DA:194,0
DA:228,0
DA:317,0
DA:421,0
LF:71
LH:0
BRDA:138,0,0,0
BRDA:138,0,1,0
BRDA:147,1,0,0
BRDA:147,1,1,0
BRDA:147,2,0,0
BRDA:147,2,1,0
BRDA:148,3,0,0
BRDA:148,3,1,0
BRDA:152,4,0,0
BRDA:152,4,1,0
BRDA:174,5,0,0
BRDA:174,5,1,0
BRDA:174,6,0,0
BRDA:174,6,1,0
BRDA:186,7,0,0
BRDA:186,7,1,0
BRDA:190,8,0,0
BRDA:190,8,1,0
BRDA:238,9,0,0
BRDA:238,9,1,0
BRDA:247,10,0,0
BRDA:247,10,1,0
BRDA:248,11,0,0
BRDA:248,11,1,0
BRDA:274,12,0,0
BRDA:274,12,1,0
BRDA:277,13,0,0
BRDA:277,13,1,0
BRDA:321,14,0,0
BRDA:321,14,1,0
BRDA:328,15,0,0
BRDA:328,15,1,0
BRDA:352,16,0,0
BRDA:352,16,1,0
BRDA:356,17,0,0
BRDA:356,17,1,0
BRDA:400,18,0,0
BRDA:400,18,1,0
BRDA:409,19,0,0
BRDA:409,19,1,0
BRDA:483,20,0,0
BRDA:483,20,1,0
BRDA:489,21,0,0
BRDA:489,21,1,0
BRDA:518,22,0,0
BRDA:518,22,1,0
BRDA:531,23,0,0
BRDA:531,23,1,0
BRDA:555,24,0,0
BRDA:555,24,1,0
BRDA:568,25,0,0
BRDA:568,25,1,0
BRDA:590,26,0,0
BRDA:590,26,1,0
BRDA:606,27,0,0
BRDA:606,27,1,0
BRDA:640,28,0,0
BRDA:640,28,1,0
BRDA:646,29,0,0
BRDA:646,29,1,0
BRDA:657,30,0,0
BRDA:657,30,1,0
BRDA:663,31,0,0
BRDA:663,31,1,0
BRF:64
BRH:0
end_of_record
TN:
SF:app/auth/register.tsx
FN:5,RegisterScreen
FN:11,(anonymous_1)
FNF:2
FNH:0
FNDA:0,RegisterScreen
FNDA:0,(anonymous_1)
DA:6,0
DA:11,0
DA:19,0
LF:3
LH:0
BRF:0
BRH:0
end_of_record
TN:
SF:app/components/TaskCard.tsx
FN:33,TaskCard
FN:37,(anonymous_1)
FN:64,isAIGeneratedTask
FN:65,(anonymous_3)
FN:73,renderAIIndicator
FN:87,renderCardHeader
FN:103,renderTaskDescription
FN:114,renderDueDate
FNF:8
FNH:0
FNDA:0,TaskCard
FNDA:0,(anonymous_1)
FNDA:0,isAIGeneratedTask
FNDA:0,(anonymous_3)
FNDA:0,renderAIIndicator
FNDA:0,renderCardHeader
FNDA:0,renderTaskDescription
FNDA:0,renderDueDate
DA:19,0
DA:37,0
DA:38,0
DA:45,0
DA:47,0
DA:65,0
DA:66,0
DA:74,0
DA:76,0
DA:88,0
DA:104,0
DA:115,0
DA:125,0
LF:13
LH:0
BRDA:49,0,0,0
BRDA:49,0,1,0
BRDA:65,1,0,0
BRDA:65,1,1,0
BRDA:66,2,0,0
BRDA:66,2,1,0
BRDA:74,3,0,0
BRDA:74,3,1,0
BRDA:92,4,0,0
BRDA:92,4,1,0
BRDA:94,5,0,0
BRDA:94,5,1,0
BRDA:117,6,0,0
BRDA:117,6,1,0
BRDA:158,7,0,0
BRDA:158,7,1,0
BRDA:170,8,0,0
BRDA:170,8,1,0
BRDA:176,9,0,0
BRDA:176,9,1,0
BRDA:181,10,0,0
BRDA:181,10,1,0
BRF:22
BRH:0
end_of_record
TN:
SF:app/features/analysis/components/AnalysisScreen.tsx
FN:27,AnalysisScreen
FN:35,(anonymous_1)
FN:36,(anonymous_2)
FN:46,(anonymous_3)
FN:52,(anonymous_4)
FN:56,(anonymous_5)
FN:58,(anonymous_6)
FN:61,(anonymous_7)
FN:80,(anonymous_8)
FN:100,(anonymous_9)
FN:138,(anonymous_10)
FNF:11
FNH:0
FNDA:0,AnalysisScreen
FNDA:0,(anonymous_1)
FNDA:0,(anonymous_2)
FNDA:0,(anonymous_3)
FNDA:0,(anonymous_4)
FNDA:0,(anonymous_5)
FNDA:0,(anonymous_6)
FNDA:0,(anonymous_7)
FNDA:0,(anonymous_8)
FNDA:0,(anonymous_9)
FNDA:0,(anonymous_10)
DA:28,0
DA:29,0
DA:30,0
DA:31,0
DA:32,0
DA:33,0
DA:35,0
DA:36,0
DA:37,0
DA:38,0
DA:39,0
DA:43,0
DA:46,0
DA:47,0
DA:48,0
DA:49,0
DA:52,0
DA:53,0
DA:56,0
DA:57,0
DA:58,0
DA:61,0
DA:63,0
DA:70,0
DA:80,0
DA:100,0
DA:138,0
DA:193,0
LF:28
LH:0
BRDA:38,0,0,0
BRDA:38,0,1,0
BRDA:78,1,0,0
BRDA:78,1,1,0
BRDA:85,2,0,0
BRDA:85,2,1,0
BRDA:89,3,0,0
BRDA:89,3,1,0
BRDA:98,4,0,0
BRDA:98,4,1,0
BRDA:105,5,0,0
BRDA:105,5,1,0
BRDA:109,6,0,0
BRDA:109,6,1,0
BRDA:121,7,0,0
BRDA:121,7,1,0
BRDA:138,8,0,0
BRDA:138,8,1,0
BRDA:175,9,0,0
BRDA:175,9,1,0
BRDA:197,10,0,0
BRDA:197,10,1,0
BRDA:321,11,0,0
BRDA:321,11,1,0
BRF:24
BRH:0
end_of_record
TN:
SF:app/features/analysis/components/ChartSection.tsx
FN:18,(anonymous_0)
FN:32,(anonymous_1)
FN:50,ChartSection
FN:57,(anonymous_3)
FN:69,(anonymous_4)
FN:79,(anonymous_5)
FN:81,(anonymous_6)
FN:89,(anonymous_7)
FN:93,(anonymous_8)
FN:110,(anonymous_9)
FN:122,(anonymous_10)
FN:139,(anonymous_11)
FN:159,(anonymous_12)
FN:194,(anonymous_13)
FN:195,(anonymous_14)
FNF:15
FNH:0
FNDA:0,(anonymous_0)
FNDA:0,(anonymous_1)
FNDA:0,ChartSection
FNDA:0,(anonymous_3)
FNDA:0,(anonymous_4)
FNDA:0,(anonymous_5)
FNDA:0,(anonymous_6)
FNDA:0,(anonymous_7)
FNDA:0,(anonymous_8)
FNDA:0,(anonymous_9)
FNDA:0,(anonymous_10)
FNDA:0,(anonymous_11)
FNDA:0,(anonymous_12)
FNDA:0,(anonymous_13)
FNDA:0,(anonymous_14)
DA:18,0
DA:19,0
DA:20,0
DA:22,0
DA:23,0
DA:24,0
DA:25,0
DA:28,0
DA:32,0
DA:33,0
DA:36,0
DA:37,0
DA:38,0
DA:42,0
DA:43,0
DA:44,0
DA:47,0
DA:51,0
DA:52,0
DA:53,0
DA:54,0
DA:57,0
DA:58,0
DA:59,0
DA:62,0
DA:68,0
DA:69,0
DA:70,0
DA:72,0
DA:73,0
DA:75,0
DA:79,0
DA:80,0
DA:81,0
DA:83,0
DA:84,0
DA:89,0
DA:90,0
DA:91,0
DA:93,0
DA:94,0
DA:95,0
DA:99,0
DA:105,0
DA:107,0
DA:110,0
DA:117,0
DA:122,0
DA:129,0
DA:139,0
DA:159,0
DA:194,0
DA:195,0
DA:217,0
LF:54
LH:0
BRDA:18,0,0,0
BRDA:33,1,0,0
BRDA:33,1,1,0
BRDA:37,2,0,0
BRDA:37,2,1,0
BRDA:37,3,0,0
BRDA:37,3,1,0
BRDA:43,4,0,0
BRDA:43,4,1,0
BRDA:70,5,0,0
BRDA:70,5,1,0
BRDA:83,6,0,0
BRDA:83,6,1,0
BRDA:91,7,0,0
BRDA:91,7,1,0
BRDA:94,8,0,0
BRDA:94,8,1,0
BRDA:110,9,0,0
BRDA:121,10,0,0
BRDA:121,10,1,0
BRDA:122,11,0,0
BRDA:122,12,0,0
BRDA:122,12,1,0
BRDA:137,13,0,0
BRDA:137,13,1,0
BRDA:144,14,0,0
BRDA:144,14,1,0
BRDA:148,15,0,0
BRDA:148,15,1,0
BRDA:157,16,0,0
BRDA:157,16,1,0
BRDA:164,17,0,0
BRDA:164,17,1,0
BRDA:168,18,0,0
BRDA:168,18,1,0
BRDA:193,19,0,0
BRDA:193,19,1,0
BRDA:198,20,0,0
BRDA:198,20,1,0
BRDA:206,21,0,0
BRDA:206,21,1,0
BRF:41
BRH:0
end_of_record
TN:
SF:app/features/analysis/components/DetailedReport.tsx
FN:15,(anonymous_0)
FN:21,(anonymous_1)
FN:22,(anonymous_2)
FN:23,(anonymous_3)
FN:34,(anonymous_4)
FN:36,(anonymous_5)
FN:46,(anonymous_6)
FN:48,(anonymous_7)
FN:54,(anonymous_8)
FN:64,(anonymous_9)
FN:66,(anonymous_10)
FN:72,(anonymous_11)
FN:74,(anonymous_12)
FN:91,(anonymous_13)
FNF:14
FNH:0
FNDA:0,(anonymous_0)
FNDA:0,(anonymous_1)
FNDA:0,(anonymous_2)
FNDA:0,(anonymous_3)
FNDA:0,(anonymous_4)
FNDA:0,(anonymous_5)
FNDA:0,(anonymous_6)
FNDA:0,(anonymous_7)
FNDA:0,(anonymous_8)
FNDA:0,(anonymous_9)
FNDA:0,(anonymous_10)
FNDA:0,(anonymous_11)
FNDA:0,(anonymous_12)
FNDA:0,(anonymous_13)
DA:15,0
DA:16,0
DA:17,0
DA:18,0
DA:21,0
DA:22,0
DA:23,0
DA:24,0
DA:25,0
DA:27,0
DA:29,0
DA:33,0
DA:34,0
DA:36,0
DA:46,0
DA:47,0
DA:48,0
DA:49,0
DA:50,0
DA:51,0
DA:54,0
DA:55,0
DA:56,0
DA:57,0
DA:59,0
DA:60,0
DA:63,0
DA:64,0
DA:66,0
DA:72,0
DA:73,0
DA:74,0
DA:75,0
DA:76,0
DA:77,0
DA:79,0
DA:88,0
DA:91,0
DA:97,0
DA:154,0
LF:40
LH:0
BRDA:24,0,0,0
BRDA:24,0,1,0
BRDA:56,1,0,0
BRDA:56,1,1,0
BRDA:66,2,0,0
BRDA:66,2,1,0
BRDA:75,3,0,0
BRDA:75,3,1,0
BRDA:77,4,0,0
BRDA:77,4,1,0
BRDA:91,5,0,0
BRF:11
BRH:0
end_of_record
TN:
SF:app/features/chat/components/ChatHeader.tsx
FN:12,(anonymous_0)
FN:17,(anonymous_1)
FNF:2
FNH:0
FNDA:0,(anonymous_0)
FNDA:0,(anonymous_1)
DA:12,0
DA:13,0
DA:15,0
DA:17,0
DA:40,0
LF:5
LH:0
BRDA:33,0,0,0
BRDA:33,0,1,0
BRDA:45,1,0,0
BRDA:45,1,1,0
BRF:4
BRH:0
end_of_record
TN:
SF:app/features/chat/components/ChatInput.tsx
FN:16,ChatInput
FN:29,(anonymous_1)
FN:34,(anonymous_2)
FNF:3
FNH:0
FNDA:0,ChatInput
FNDA:0,(anonymous_1)
FNDA:0,(anonymous_2)
DA:24,0
DA:25,0
DA:26,0
DA:29,0
DA:30,0
DA:34,0
DA:35,0
DA:36,0
DA:39,0
DA:70,0
LF:10
LH:0
BRDA:55,0,0,0
BRDA:55,0,1,0
BRDA:57,1,0,0
BRDA:57,1,1,0
BRDA:59,2,0,0
BRDA:59,2,1,0
BRF:6
BRH:0
end_of_record
TN:
SF:app/features/chat/components/ChatMessages.tsx
FN:10,(anonymous_0)
FN:13,(anonymous_1)
FN:33,(anonymous_2)
FNF:3
FNH:0
FNDA:0,(anonymous_0)
FNDA:0,(anonymous_1)
FNDA:0,(anonymous_2)
DA:10,0
DA:11,0
DA:13,0
DA:14,0
DA:15,0
DA:19,0
DA:20,0
DA:27,0
DA:34,0
DA:48,0
LF:10
LH:0
BRDA:14,0,0,0
BRDA:14,0,1,0
BRDA:19,1,0,0
BRDA:19,1,1,0
BRDA:38,2,0,0
BRDA:38,2,1,0
BRF:6
BRH:0
end_of_record
TN:
SF:app/features/chat/components/PracticeMenuModal.tsx
FN:15,(anonymous_0)
FN:40,(anonymous_1)
FN:47,(anonymous_2)
FN:56,(anonymous_3)
FN:65,(anonymous_4)
FNF:5
FNH:0
FNDA:0,(anonymous_0)
FNDA:0,(anonymous_1)
FNDA:0,(anonymous_2)
FNDA:0,(anonymous_3)
FNDA:0,(anonymous_4)
DA:15,0
DA:23,0
DA:41,0
DA:48,0
DA:57,0
DA:66,0
DA:101,0
LF:7
LH:0
BRDA:44,0,0,0
BRDA:44,0,1,0
BRDA:53,1,0,0
BRDA:53,1,1,0
BRDA:62,2,0,0
BRDA:62,2,1,0
BRDA:88,3,0,0
BRDA:88,3,1,0
BRF:8
BRH:0
end_of_record
TN:
SF:app/features/home/components/AIPracticeCoach.tsx
FN:22,(anonymous_0)
FN:33,(anonymous_1)
FN:37,(anonymous_2)
FN:74,(anonymous_3)
FN:78,(anonymous_4)
FN:86,(anonymous_5)
FN:163,(anonymous_6)
FNF:7
FNH:0
FNDA:0,(anonymous_0)
FNDA:0,(anonymous_1)
FNDA:0,(anonymous_2)
FNDA:0,(anonymous_3)
FNDA:0,(anonymous_4)
FNDA:0,(anonymous_5)
FNDA:0,(anonymous_6)
DA:22,0
DA:23,0
DA:24,0
DA:25,0
DA:26,0
DA:31,0
DA:33,0
DA:34,0
DA:37,0
DA:38,0
DA:39,0
DA:40,0
DA:43,0
DA:54,0
DA:56,0
DA:57,0
DA:58,0
DA:63,0
DA:65,0
DA:68,0
DA:70,0
DA:74,0
DA:75,0
DA:78,0
DA:79,0
DA:80,0
DA:81,0
DA:82,0
DA:86,0
DA:87,0
DA:88,0
DA:89,0
DA:90,0
DA:91,0
DA:95,0
DA:164,0
DA:196,0
LF:37
LH:0
BRDA:56,0,0,0
BRDA:56,0,1,0
BRDA:56,1,0,0
BRDA:56,1,1,0
BRDA:57,2,0,0
BRDA:57,2,1,0
BRDA:59,3,0,0
BRDA:59,3,1,0
BRDA:60,4,0,0
BRDA:60,4,1,0
BRDA:61,5,0,0
BRDA:61,5,1,0
BRDA:87,6,0,0
BRDA:87,6,1,0
BRDA:87,6,2,0
BRDA:87,6,3,0
BRDA:104,7,0,0
BRDA:104,7,1,0
BRDA:123,8,0,0
BRDA:123,8,1,0
BRF:20
BRH:0
end_of_record
TN:
SF:app/features/home/components/ActionButton.tsx
FN:8,(anonymous_0)
FN:19,(anonymous_1)
FN:33,(anonymous_2)
FN:38,(anonymous_3)
FNF:4
FNH:0
FNDA:0,(anonymous_0)
FNDA:0,(anonymous_1)
FNDA:0,(anonymous_2)
FNDA:0,(anonymous_3)
DA:8,0
DA:9,0
DA:10,0
DA:13,0
DA:14,0
DA:19,0
DA:20,0
DA:22,0
DA:25,0
DA:33,0
DA:35,0
DA:38,0
DA:39,0
DA:40,0
DA:48,0
DA:49,0
DA:50,0
DA:54,0
DA:101,0
LF:19
LH:0
BRDA:91,0,0,0
BRDA:91,0,1,0
BRF:2
BRH:0
end_of_record
TN:
SF:app/features/home/components/EmptyOrLoading.tsx
FN:12,(anonymous_0)
FNF:1
FNH:0
FNDA:0,(anonymous_0)
DA:12,0
DA:16,0
DA:18,0
DA:19,0
DA:35,0
DA:74,0
LF:6
LH:0
BRDA:18,0,0,0
BRDA:18,0,1,0
BRF:2
BRH:0
end_of_record
TN:
SF:app/features/home/components/HomeHeader.tsx
FN:11,(anonymous_0)
FN:15,(anonymous_1)
FN:19,(anonymous_2)
FN:23,(anonymous_3)
FN:35,(anonymous_4)
FN:42,(anonymous_5)
FNF:6
FNH:0
FNDA:0,(anonymous_0)
FNDA:0,(anonymous_1)
FNDA:0,(anonymous_2)
FNDA:0,(anonymous_3)
FNDA:0,(anonymous_4)
FNDA:0,(anonymous_5)
DA:11,0
DA:12,0
DA:13,0
DA:15,0
DA:16,0
DA:19,0
DA:20,0
DA:23,0
DA:24,0
DA:25,0
DA:26,0
DA:27,0
DA:28,0
DA:30,0
DA:35,0
DA:36,0
DA:37,0
DA:39,0
DA:42,0
DA:43,0
DA:44,0
DA:67,0
DA:84,0
DA:136,0
LF:24
LH:0
BRDA:25,0,0,0
BRDA:25,0,1,0
BRDA:27,1,0,0
BRDA:27,1,1,0
BRDA:36,2,0,0
BRDA:36,2,1,0
BRDA:36,3,0,0
BRDA:36,3,1,0
BRDA:43,4,0,0
BRDA:43,4,1,0
BRDA:47,5,0,0
BRDA:47,5,1,0
BRDA:52,6,0,0
BRDA:52,6,1,0
BRDA:55,7,0,0
BRDA:55,7,1,0
BRDA:70,8,0,0
BRDA:70,8,1,0
BRDA:73,9,0,0
BRDA:73,9,1,0
BRF:20
BRH:0
end_of_record
TN:
SF:app/features/home/components/TaskCard.tsx
FN:24,(anonymous_0)
FN:35,(anonymous_1)
FN:61,(anonymous_2)
FN:69,(anonymous_3)
FN:77,(anonymous_4)
FN:83,(anonymous_5)
FN:126,(anonymous_6)
FN:134,(anonymous_7)
FN:141,(anonymous_8)
FN:158,(anonymous_9)
FN:183,(anonymous_10)
FN:249,(anonymous_11)
FN:313,(anonymous_12)
FNF:13
FNH:0
FNDA:0,(anonymous_0)
FNDA:0,(anonymous_1)
FNDA:0,(anonymous_2)
FNDA:0,(anonymous_3)
FNDA:0,(anonymous_4)
FNDA:0,(anonymous_5)
FNDA:0,(anonymous_6)
FNDA:0,(anonymous_7)
FNDA:0,(anonymous_8)
FNDA:0,(anonymous_9)
FNDA:0,(anonymous_10)
FNDA:0,(anonymous_11)
FNDA:0,(anonymous_12)
DA:12,0
DA:13,0
DA:14,0
DA:16,0
DA:24,0
DA:29,0
DA:30,0
DA:33,0
DA:35,0
DA:37,0
DA:46,0
DA:61,0
DA:62,0
DA:69,0
DA:70,0
DA:77,0
DA:78,0
DA:81,0
DA:83,0
DA:85,0
DA:86,0
DA:93,0
DA:94,0
DA:101,0
DA:102,0
DA:103,0
DA:111,0
DA:112,0
DA:116,0
DA:126,0
DA:127,0
DA:129,0
DA:130,0
DA:131,0
DA:134,0
DA:135,0
DA:138,0
DA:139,0
DA:141,0
DA:144,0
DA:145,0
DA:146,0
DA:148,0
DA:152,0
DA:155,0
DA:158,0
DA:160,0
DA:161,0
DA:162,0
DA:163,0
DA:167,0
DA:168,0
DA:172,0
DA:175,0
DA:176,0
DA:177,0
DA:183,0
DA:184,0
DA:205,0
DA:249,0
DA:313,0
DA:332,0
LF:62
LH:0
BRDA:78,0,0,0
BRDA:78,0,1,0
BRDA:85,1,0,0
BRDA:85,1,1,0
BRDA:93,2,0,0
BRDA:93,2,1,0
BRDA:101,3,0,0
BRDA:101,3,1,0
BRDA:102,4,0,0
BRDA:102,4,1,0
BRDA:111,5,0,0
BRDA:111,5,1,0
BRDA:127,6,0,0
BRDA:127,6,1,0
BRDA:135,7,0,0
BRDA:135,7,1,0
BRDA:135,7,2,0
BRDA:138,8,0,0
BRDA:138,8,1,0
BRDA:144,9,0,0
BRDA:144,9,1,0
BRDA:155,10,0,0
BRDA:155,10,1,0
BRDA:160,11,0,0
BRDA:160,11,1,0
BRDA:162,12,0,0
BRDA:162,12,1,0
BRDA:167,13,0,0
BRDA:167,13,1,0
BRDA:167,14,0,0
BRDA:167,14,1,0
BRDA:176,15,0,0
BRDA:176,15,1,0
BRDA:186,16,0,0
BRDA:186,16,1,0
BRDA:191,17,0,0
BRDA:191,17,1,0
BRDA:197,18,0,0
BRDA:197,18,1,0
BRDA:199,19,0,0
BRDA:199,19,1,0
BRDA:205,20,0,0
BRDA:205,20,1,0
BRDA:218,21,0,0
BRDA:218,21,1,0
BRDA:249,22,0,0
BRDA:249,22,1,0
BRDA:282,23,0,0
BRDA:282,23,1,0
BRDA:313,24,0,0
BRDA:313,24,1,0
BRF:51
BRH:0
end_of_record
TN:
SF:app/features/home/components/TaskPagination.tsx
FN:11,(anonymous_0)
FN:20,(anonymous_1)
FN:24,(anonymous_2)
FN:39,(anonymous_3)
FN:56,(anonymous_4)
FNF:5
FNH:0
FNDA:0,(anonymous_0)
FNDA:0,(anonymous_1)
FNDA:0,(anonymous_2)
FNDA:0,(anonymous_3)
FNDA:0,(anonymous_4)
DA:11,0
DA:16,0
DA:17,0
DA:20,0
DA:22,0
DA:23,0
DA:24,0
DA:29,0
DA:40,0
DA:41,0
DA:48,0
DA:54,0
DA:58,0
DA:63,0
DA:68,0
DA:89,0
LF:16
LH:0
BRDA:14,0,0,0
BRDA:22,1,0,0
BRDA:22,1,1,0
BRDA:40,2,0,0
BRDA:40,2,1,0
BRDA:58,3,0,0
BRDA:58,3,1,0
BRDA:63,4,0,0
BRDA:63,4,1,0
BRDA:74,5,0,0
BRDA:74,5,1,0
BRDA:80,6,0,0
BRDA:80,6,1,0
BRF:13
BRH:0
end_of_record
TN:
SF:app/features/lessons/components/Calendar.tsx
FN:24,(anonymous_0)
FN:31,(anonymous_1)
FN:48,(anonymous_2)
FN:55,(anonymous_3)
FN:58,(anonymous_4)
FN:61,(anonymous_5)
FN:65,(anonymous_6)
FN:70,(anonymous_7)
FN:80,(anonymous_8)
FN:84,(anonymous_9)
FN:120,(anonymous_10)
FN:134,(anonymous_11)
FN:141,(anonymous_12)
FN:151,(anonymous_13)
FN:162,(anonymous_14)
FN:177,(anonymous_15)
FN:193,(anonymous_16)
FNF:17
FNH:0
FNDA:0,(anonymous_0)
FNDA:0,(anonymous_1)
FNDA:0,(anonymous_2)
FNDA:0,(anonymous_3)
FNDA:0,(anonymous_4)
FNDA:0,(anonymous_5)
FNDA:0,(anonymous_6)
FNDA:0,(anonymous_7)
FNDA:0,(anonymous_8)
FNDA:0,(anonymous_9)
FNDA:0,(anonymous_10)
FNDA:0,(anonymous_11)
FNDA:0,(anonymous_12)
FNDA:0,(anonymous_13)
FNDA:0,(anonymous_14)
FNDA:0,(anonymous_15)
FNDA:0,(anonymous_16)
DA:13,0
DA:14,0
DA:24,0
DA:31,0
DA:32,0
DA:33,0
DA:34,0
DA:36,0
DA:39,0
DA:40,0
DA:42,0
DA:43,0
DA:45,0
DA:46,0
DA:48,0
DA:49,0
DA:50,0
DA:51,0
DA:54,0
DA:56,0
DA:59,0
DA:62,0
DA:63,0
DA:64,0
DA:65,0
DA:66,0
DA:67,0
DA:70,0
DA:71,0
DA:72,0
DA:76,0
DA:80,0
DA:84,0
DA:85,0
DA:86,0
DA:87,0
DA:88,0
DA:89,0
DA:91,0
DA:92,0
DA:93,0
DA:98,0
DA:100,0
DA:101,0
DA:107,0
DA:108,0
DA:109,0
DA:110,0
DA:117,0
DA:120,0
DA:121,0
DA:122,0
DA:125,0
DA:134,0
DA:141,0
DA:151,0
DA:163,0
DA:179,0
DA:184,0
DA:193,0
DA:214,0
LF:61
LH:0
BRDA:28,0,0,0
BRDA:32,1,0,0
BRDA:32,1,1,0
BRDA:32,2,0,0
BRDA:32,2,1,0
BRDA:42,3,0,0
BRDA:42,3,1,0
BRDA:63,4,0,0
BRDA:63,4,1,0
BRDA:63,5,0,0
BRDA:63,5,1,0
BRDA:64,6,0,0
BRDA:64,6,1,0
BRDA:64,7,0,0
BRDA:64,7,1,0
BRDA:108,8,0,0
BRDA:108,8,1,0
BRDA:128,9,0,0
BRDA:128,9,1,0
BRDA:168,10,0,0
BRDA:168,10,1,0
BRDA:169,11,0,0
BRDA:169,11,1,0
BRDA:179,12,0,0
BRDA:179,12,1,0
BRDA:179,12,2,0
BRDA:179,12,3,0
BRDA:190,13,0,0
BRDA:190,13,1,0
BRDA:191,14,0,0
BRDA:191,14,1,0
BRDA:197,15,0,0
BRDA:197,15,1,0
BRDA:198,16,0,0
BRDA:198,16,1,0
BRF:35
BRH:0
end_of_record
TN:
SF:app/features/lessons/components/SummaryDisplay.tsx
FN:14,(anonymous_0)
FN:19,(anonymous_1)
FN:24,(anonymous_2)
FN:28,(anonymous_3)
FN:76,(anonymous_4)
FN:84,(anonymous_5)
FNF:6
FNH:0
FNDA:0,(anonymous_0)
FNDA:0,(anonymous_1)
FNDA:0,(anonymous_2)
FNDA:0,(anonymous_3)
FNDA:0,(anonymous_4)
FNDA:0,(anonymous_5)
DA:14,0
DA:21,0
DA:22,0
DA:24,0
DA:25,0
DA:28,0
DA:30,0
DA:31,0
DA:44,0
DA:47,0
DA:48,0
DA:51,0
DA:52,0
DA:62,0
DA:76,0
DA:77,0
DA:79,0
DA:85,0
DA:95,0
DA:154,0
LF:20
LH:0
BRDA:17,0,0,0
BRDA:18,1,0,0
BRDA:19,2,0,0
BRDA:30,3,0,0
BRDA:30,3,1,0
BRDA:34,4,0,0
BRDA:34,4,1,0
BRDA:44,5,0,0
BRDA:44,5,1,0
BRDA:47,6,0,0
BRDA:47,6,1,0
BRDA:51,7,0,0
BRDA:51,7,1,0
BRDA:77,8,0,0
BRDA:77,8,1,0
BRDA:77,9,0,0
BRDA:77,9,1,0
BRDA:108,10,0,0
BRDA:108,10,1,0
BRDA:117,11,0,0
BRDA:117,11,1,0
BRDA:123,12,0,0
BRDA:123,12,1,0
BRDA:129,13,0,0
BRDA:129,13,1,0
BRDA:135,14,0,0
BRDA:135,14,1,0
BRDA:135,14,2,0
BRDA:141,15,0,0
BRDA:141,15,1,0
BRDA:185,16,0,0
BRDA:185,16,1,0
BRDA:203,17,0,0
BRDA:203,17,1,0
BRDA:215,18,0,0
BRDA:215,18,1,0
BRDA:221,19,0,0
BRDA:221,19,1,0
BRDA:224,20,0,0
BRDA:224,20,1,0
BRDA:245,21,0,0
BRDA:245,21,1,0
BRDA:255,22,0,0
BRDA:255,22,1,0
BRDA:275,23,0,0
BRDA:275,23,1,0
BRDA:293,24,0,0
BRDA:293,24,1,0
BRF:48
BRH:0
end_of_record
TN:
SF:app/features/lessons/components/TagManager.tsx
FN:12,(anonymous_0)
FN:20,(anonymous_1)
FN:49,(anonymous_2)
FN:55,(anonymous_3)
FNF:4
FNH:0
FNDA:0,(anonymous_0)
FNDA:0,(anonymous_1)
FNDA:0,(anonymous_2)
FNDA:0,(anonymous_3)
DA:12,0
DA:18,0
DA:20,0
DA:21,0
DA:22,0
DA:23,0
DA:27,0
DA:50,0
DA:55,0
DA:67,0
LF:10
LH:0
BRDA:21,0,0,0
BRDA:21,0,1,0
BRDA:21,1,0,0
BRDA:21,1,1,0
BRDA:29,2,0,0
BRDA:29,2,1,0
BRDA:40,3,0,0
BRDA:40,3,1,0
BRDA:52,4,0,0
BRDA:52,4,1,0
BRDA:81,5,0,0
BRDA:81,5,1,0
BRDA:96,6,0,0
BRDA:96,6,1,0
BRDA:119,7,0,0
BRDA:119,7,1,0
BRF:16
BRH:0
end_of_record
TN:
SF:app/features/lessons/components/detail/LessonDetailContent.tsx
FN:39,(anonymous_0)
FN:43,(anonymous_1)
FN:44,(anonymous_2)
FN:66,(anonymous_3)
FN:69,(anonymous_4)
FN:72,(anonymous_5)
FN:78,(anonymous_6)
FN:87,(anonymous_7)
FN:94,(anonymous_8)
FN:115,(anonymous_9)
FN:160,(anonymous_10)
FN:183,(anonymous_11)
FN:212,(anonymous_12)
FN:230,(anonymous_13)
FN:245,(anonymous_14)
FN:266,(anonymous_15)
FN:275,(anonymous_16)
FN:287,(anonymous_17)
FN:296,(anonymous_18)
FNF:19
FNH:0
FNDA:0,(anonymous_0)
FNDA:0,(anonymous_1)
FNDA:0,(anonymous_2)
FNDA:0,(anonymous_3)
FNDA:0,(anonymous_4)
FNDA:0,(anonymous_5)
FNDA:0,(anonymous_6)
FNDA:0,(anonymous_7)
FNDA:0,(anonymous_8)
FNDA:0,(anonymous_9)
FNDA:0,(anonymous_10)
FNDA:0,(anonymous_11)
FNDA:0,(anonymous_12)
FNDA:0,(anonymous_13)
FNDA:0,(anonymous_14)
FNDA:0,(anonymous_15)
FNDA:0,(anonymous_16)
FNDA:0,(anonymous_17)
FNDA:0,(anonymous_18)
DA:39,0
DA:47,0
DA:48,0
DA:49,0
DA:50,0
DA:51,0
DA:52,0
DA:64,0
DA:69,0
DA:70,0
DA:72,0
DA:73,0
DA:78,0
DA:79,0
DA:80,0
DA:82,0
DA:87,0
DA:88,0
DA:90,0
DA:94,0
DA:115,0
DA:116,0
DA:119,0
DA:120,0
DA:123,0
DA:125,0
DA:127,0
DA:129,0
DA:130,0
DA:133,0
DA:134,0
DA:139,0
DA:140,0
DA:141,0
DA:145,0
DA:149,0
DA:150,0
DA:151,0
DA:152,0
DA:160,0
DA:161,0
DA:166,0
DA:171,0
DA:174,0
DA:183,0
DA:212,0
DA:230,0
DA:245,0
DA:266,0
DA:275,0
DA:287,0
DA:296,0
DA:297,0
DA:298,0
DA:299,0
DA:302,0
DA:304,0
DA:305,0
DA:306,0
DA:307,0
DA:308,0
DA:310,0
DA:312,0
DA:313,0
DA:314,0
DA:316,0
DA:320,0
DA:321,0
DA:322,0
DA:323,0
DA:327,0
DA:328,0
DA:330,0
DA:331,0
DA:335,0
LF:75
LH:0
BRDA:43,0,0,0
BRDA:44,1,0,0
BRDA:79,2,0,0
BRDA:79,2,1,0
BRDA:99,3,0,0
BRDA:99,3,1,0
BRDA:105,4,0,0
BRDA:105,4,1,0
BRDA:119,5,0,0
BRDA:119,5,1,0
BRDA:119,6,0,0
BRDA:119,6,1,0
BRDA:125,7,0,0
BRDA:125,7,1,0
BRDA:125,8,0,0
BRDA:125,8,1,0
BRDA:125,8,2,0
BRDA:127,9,0,0
BRDA:127,9,1,0
BRDA:139,10,0,0
BRDA:139,10,1,0
BRDA:139,11,0,0
BRDA:139,11,1,0
BRDA:177,12,0,0
BRDA:177,12,1,0
BRDA:178,13,0,0
BRDA:178,13,1,0
BRDA:184,14,0,0
BRDA:184,14,1,0
BRDA:208,15,0,0
BRDA:208,15,1,0
BRDA:209,16,0,0
BRDA:209,16,1,0
BRDA:210,17,0,0
BRDA:210,17,1,0
BRDA:228,18,0,0
BRDA:228,18,1,0
BRDA:229,19,0,0
BRDA:229,19,1,0
BRDA:242,20,0,0
BRDA:242,20,1,0
BRDA:247,21,0,0
BRDA:247,21,1,0
BRDA:248,22,0,0
BRDA:248,22,1,0
BRDA:249,23,0,0
BRDA:249,23,1,0
BRDA:254,24,0,0
BRDA:254,24,1,0
BRDA:256,25,0,0
BRDA:256,25,1,0
BRDA:273,26,0,0
BRDA:273,26,1,0
BRDA:297,27,0,0
BRDA:297,27,1,0
BRDA:297,28,0,0
BRDA:297,28,1,0
BRDA:305,29,0,0
BRDA:305,29,1,0
BRDA:312,30,0,0
BRDA:312,30,1,0
BRDA:320,31,0,0
BRDA:320,31,1,0
BRDA:322,32,0,0
BRDA:322,32,1,0
BRF:65
BRH:0
end_of_record
TN:
SF:app/features/lessons/components/detail/LessonDetailHeader.tsx
FN:22,(anonymous_0)
FN:37,(anonymous_1)
FN:63,(anonymous_2)
FNF:3
FNH:0
FNDA:0,(anonymous_0)
FNDA:0,(anonymous_1)
FNDA:0,(anonymous_2)
DA:22,0
DA:35,0
DA:37,0
DA:38,0
DA:39,0
DA:41,0
DA:42,0
DA:43,0
DA:44,0
DA:46,0
DA:47,0
DA:48,0
DA:52,0
DA:54,0
DA:58,0
DA:63,0
DA:141,0
LF:17
LH:0
BRDA:24,0,0,0
BRDA:25,1,0,0
BRDA:27,2,0,0
BRDA:28,3,0,0
BRDA:39,4,0,0
BRDA:39,4,1,0
BRDA:41,5,0,0
BRDA:41,5,1,0
BRDA:76,6,0,0
BRDA:76,6,1,0
BRDA:94,7,0,0
BRDA:94,7,1,0
BRDA:96,8,0,0
BRDA:96,8,1,0
BRDA:105,9,0,0
BRDA:105,9,1,0
BRF:16
BRH:0
end_of_record
TN:
SF:app/features/lessons/components/form/AudioUploader.tsx
FN:18,(anonymous_0)
FNF:1
FNH:0
FNDA:0,(anonymous_0)
DA:18,0
DA:23,0
DA:25,0
DA:64,0
LF:4
LH:0
BRDA:32,0,0,0
BRDA:32,0,1,0
BRF:2
BRH:0
end_of_record
TN:
SF:app/features/lessons/components/form/CalendarModal.tsx
FN:40,(anonymous_0)
FN:58,(anonymous_1)
FN:81,(anonymous_2)
FN:88,(anonymous_3)
FN:117,(anonymous_4)
FN:126,(anonymous_5)
FN:134,(anonymous_6)
FN:150,(anonymous_7)
FN:152,(anonymous_8)
FN:174,(anonymous_9)
FNF:10
FNH:0
FNDA:0,(anonymous_0)
FNDA:0,(anonymous_1)
FNDA:0,(anonymous_2)
FNDA:0,(anonymous_3)
FNDA:0,(anonymous_4)
FNDA:0,(anonymous_5)
FNDA:0,(anonymous_6)
FNDA:0,(anonymous_7)
FNDA:0,(anonymous_8)
FNDA:0,(anonymous_9)
DA:6,0
DA:7,0
DA:8,0
DA:11,0
DA:40,0
DA:48,0
DA:58,0
DA:59,0
DA:61,0
DA:64,0
DA:65,0
DA:67,0
DA:71,0
DA:74,0
DA:75,0
DA:76,0
DA:80,0
DA:81,0
DA:82,0
DA:88,0
DA:89,0
DA:91,0
DA:96,0
DA:117,0
DA:126,0
DA:135,0
DA:151,0
DA:154,0
DA:159,0
DA:160,0
DA:161,0
DA:162,0
DA:163,0
DA:165,0
DA:174,0
DA:201,0
LF:36
LH:0
BRDA:48,0,0,0
BRDA:48,0,1,0
BRDA:48,1,0,0
BRDA:48,1,1,0
BRDA:82,2,0,0
BRDA:82,2,1,0
BRDA:82,2,2,0
BRDA:89,3,0,0
BRDA:89,3,1,0
BRDA:91,4,0,0
BRDA:91,4,1,0
BRDA:91,4,2,0
BRDA:139,5,0,0
BRDA:139,5,1,0
BRDA:140,6,0,0
BRDA:140,6,1,0
BRDA:154,7,0,0
BRDA:154,7,1,0
BRDA:154,7,2,0
BRDA:154,7,3,0
BRDA:170,8,0,0
BRDA:170,8,1,0
BRDA:171,9,0,0
BRDA:171,9,1,0
BRDA:172,10,0,0
BRDA:172,10,1,0
BRDA:179,11,0,0
BRDA:179,11,1,0
BRDA:180,12,0,0
BRDA:180,12,1,0
BRDA:181,13,0,0
BRDA:181,13,1,0
BRDA:182,14,0,0
BRDA:182,14,1,0
BRDA:183,15,0,0
BRDA:183,15,1,0
BRDA:188,16,0,0
BRDA:188,16,1,0
BRDA:237,17,0,0
BRDA:237,17,1,0
BRDA:259,18,0,0
BRDA:259,18,1,0
BRDA:275,19,0,0
BRDA:275,19,1,0
BRF:44
BRH:0
end_of_record
TN:
SF:app/features/lessons/components/form/FormHeader.tsx
FN:20,(anonymous_0)
FN:28,(anonymous_1)
FN:36,(anonymous_2)
FN:44,(anonymous_3)
FN:57,(anonymous_4)
FNF:5
FNH:0
FNDA:0,(anonymous_0)
FNDA:0,(anonymous_1)
FNDA:0,(anonymous_2)
FNDA:0,(anonymous_3)
FNDA:0,(anonymous_4)
DA:20,0
DA:25,0
DA:26,0
DA:28,0
DA:29,0
DA:36,0
DA:44,0
DA:45,0
DA:46,0
DA:47,0
DA:50,0
DA:58,0
DA:59,0
DA:66,0
DA:103,0
LF:15
LH:0
BRDA:22,0,0,0
BRDA:23,1,0,0
BRDA:45,2,0,0
BRDA:45,2,1,0
BRDA:93,3,0,0
BRDA:93,3,1,0
BRDA:117,4,0,0
BRDA:117,4,1,0
BRF:8
BRH:0
end_of_record
TN:
SF:app/features/lessons/components/form/FormInputs.tsx
FN:31,(anonymous_0)
FN:40,(anonymous_1)
FN:47,(anonymous_2)
FN:59,(anonymous_3)
FN:91,(anonymous_4)
FN:97,(anonymous_5)
FN:107,(anonymous_6)
FN:116,(anonymous_7)
FN:126,(anonymous_8)
FN:135,(anonymous_9)
FN:138,(anonymous_10)
FN:148,(anonymous_11)
FN:153,(anonymous_12)
FN:157,(anonymous_13)
FN:162,(anonymous_14)
FN:177,(anonymous_15)
FN:205,(anonymous_16)
FN:217,(anonymous_17)
FN:250,(anonymous_18)
FN:258,(anonymous_19)
FNF:20
FNH:0
FNDA:0,(anonymous_0)
FNDA:0,(anonymous_1)
FNDA:0,(anonymous_2)
FNDA:0,(anonymous_3)
FNDA:0,(anonymous_4)
FNDA:0,(anonymous_5)
[...]
BRDA:44,5,0,0
BRDA:44,5,1,0
BRDA:45,6,0,0
BRDA:45,6,1,0
BRDA:45,7,0,0
BRDA:45,7,1,0
BRDA:49,8,0,0
BRDA:49,8,1,0
BRDA:52,9,0,0
BRDA:52,9,1,0
BRDA:52,10,0,0
BRDA:52,10,1,0
BRDA:57,11,0,0
BRDA:57,11,1,0
BRDA:77,12,0,0
BRDA:77,12,1,0
BRDA:77,13,0,0
BRDA:77,13,1,0
BRDA:90,14,0,0
BRDA:90,14,1,0
BRDA:102,15,0,0
BRDA:102,15,1,0
BRDA:105,16,0,0
BRDA:105,16,1,0
BRDA:126,17,0,0
BRDA:126,17,1,0
BRDA:146,18,0,0
BRDA:146,18,1,0
BRDA:174,19,0,0
BRDA:174,19,1,0
BRDA:181,20,0,0
BRDA:181,20,1,0
BRDA:201,21,0,0
BRDA:201,21,1,0
BRDA:209,22,0,0
BRDA:209,22,1,0
BRDA:217,23,0,0
BRDA:217,23,1,0
BRDA:246,24,0,0
BRDA:246,24,1,0
BRDA:251,25,0,0
BRDA:251,25,1,0
BRDA:287,26,0,0
BRDA:287,26,1,0
BRDA:292,27,0,0
BRDA:292,27,1,0
BRDA:298,28,0,0
BRDA:298,28,1,0
BRDA:307,29,0,0
BRDA:307,29,1,0
BRDA:313,30,0,0
BRDA:313,30,1,0
BRDA:332,31,0,0
BRDA:332,31,1,0
BRDA:336,32,0,0
BRDA:336,32,1,0
BRDA:341,33,0,0
BRDA:341,33,1,0
BRDA:343,34,0,0
BRDA:343,34,1,0
BRDA:509,35,0,0
BRDA:509,35,1,0
BRDA:518,36,0,0
BRDA:518,36,1,0
BRDA:538,37,0,0
BRDA:538,37,1,0
BRF:73
BRH:0
end_of_record
TN:
SF:app/features/tasks/components/TaskProgressBar.tsx
FN:12,(anonymous_0)
FN:21,(anonymous_1)
FNF:2
FNH:0
FNDA:0,(anonymous_0)
FNDA:0,(anonymous_1)
DA:12,0
DA:19,0
DA:21,0
DA:22,0
DA:23,0
DA:29,0
DA:33,0
DA:39,0
DA:55,0
LF:9
LH:0
BRDA:14,0,0,0
BRDA:15,1,0,0
BRDA:16,2,0,0
BRDA:17,3,0,0
BRDA:22,4,0,0
BRDA:22,4,1,0
BRF:6
BRH:0
end_of_record
TN:
SF:app/features/tasks/components/list/TaskActionButton.tsx
FN:18,(anonymous_0)
FN:35,(anonymous_1)
FN:58,(anonymous_2)
FN:79,(anonymous_3)
FN:88,(anonymous_4)
FN:96,(anonymous_5)
FN:103,(anonymous_6)
FN:107,(anonymous_7)
FNF:8
FNH:0
FNDA:0,(anonymous_0)
FNDA:0,(anonymous_1)
FNDA:0,(anonymous_2)
FNDA:0,(anonymous_3)
FNDA:0,(anonymous_4)
FNDA:0,(anonymous_5)
FNDA:0,(anonymous_6)
FNDA:0,(anonymous_7)
DA:18,0
DA:19,0
DA:22,0
DA:35,0
DA:36,0
DA:38,0
DA:39,0
DA:44,0
DA:46,0
DA:52,0
DA:53,0
DA:58,0
DA:59,0
DA:61,0
DA:62,0
DA:67,0
DA:70,0
DA:71,0
DA:75,0
DA:79,0
DA:88,0
DA:96,0
DA:104,0
DA:107,0
DA:135,0
LF:25
LH:0
BRDA:52,0,0,0
BRDA:52,0,1,0
BRDA:70,1,0,0
BRDA:70,1,1,0
BRDA:183,2,0,0
BRDA:183,2,1,0
BRDA:210,3,0,0
BRDA:210,3,1,0
BRF:8
BRH:0
end_of_record
TN:
SF:app/features/tasks/components/list/TaskHeader.tsx
FN:10,(anonymous_0)
FNF:1
FNH:0
FNDA:0,(anonymous_0)
DA:10,0
DA:14,0
DA:25,0
LF:3
LH:0
BRF:0
BRH:0
end_of_record
TN:
SF:app/features/tasks/components/list/TaskList.tsx
FN:14,(anonymous_0)
FN:20,(anonymous_1)
FN:23,(anonymous_2)
FN:57,(anonymous_3)
FN:71,(anonymous_4)
FNF:5
FNH:0
FNDA:0,(anonymous_0)
FNDA:0,(anonymous_1)
FNDA:0,(anonymous_2)
FNDA:0,(anonymous_3)
FNDA:0,(anonymous_4)
DA:14,0
DA:20,0
DA:21,0
DA:23,0
DA:24,0
DA:25,0
DA:27,0
DA:28,0
DA:31,0
DA:32,0
DA:35,0
DA:39,0
DA:42,0
DA:44,0
DA:58,0
DA:60,0
DA:64,0
DA:71,0
DA:85,0
LF:19
LH:0
BRDA:24,0,0,0
BRDA:24,0,1,0
BRDA:24,1,0,0
BRDA:24,1,1,0
BRDA:25,2,0,0
BRDA:25,2,1,0
BRDA:25,3,0,0
BRDA:25,3,1,0
BRDA:27,4,0,0
BRDA:27,4,1,0
BRDA:31,5,0,0
BRDA:31,5,1,0
BRDA:56,6,0,0
BRDA:56,6,1,0
BRDA:58,7,0,0
BRDA:58,7,1,0
BRDA:58,8,0,0
BRDA:58,8,1,0
BRDA:60,9,0,0
BRDA:60,9,1,0
BRDA:60,10,0,0
BRDA:60,10,1,0
BRDA:71,11,0,0
BRDA:71,11,1,0
BRF:24
BRH:0
end_of_record
TN:
SF:app/navigation/types.ts
FNF:0
FNH:0
LF:0
LH:0
BRF:0
BRH:0
end_of_record
TN:
SF:app/tabs/_layout.tsx
FN:13,(anonymous_0)
FN:23,(anonymous_1)
FN:37,(anonymous_2)
FN:67,(anonymous_3)
FN:109,(anonymous_4)
FN:123,TabLayout
FN:132,(anonymous_6)
FN:144,(anonymous_7)
FN:163,(anonymous_8)
FN:182,(anonymous_9)
FNF:10
FNH:0
FNDA:0,(anonymous_0)
FNDA:0,(anonymous_1)
FNDA:0,(anonymous_2)
FNDA:0,(anonymous_3)
FNDA:0,(anonymous_4)
FNDA:0,TabLayout
FNDA:0,(anonymous_6)
FNDA:0,(anonymous_7)
FNDA:0,(anonymous_8)
FNDA:0,(anonymous_9)
DA:13,0
DA:14,0
DA:16,0
DA:17,0
DA:19,0
DA:23,0
DA:34,0
DA:35,0
DA:37,0
DA:38,0
DA:53,0
DA:67,0
DA:72,0
DA:73,0
DA:89,0
DA:109,0
DA:118,0
DA:120,0
DA:124,0
DA:125,0
DA:126,0
DA:127,0
DA:128,0
DA:130,0
DA:132,0
DA:145,0
DA:166,0
DA:167,0
DA:168,0
DA:169,0
DA:170,0
DA:171,0
DA:172,0
DA:173,0
DA:174,0
DA:175,0
DA:176,0
DA:177,0
DA:180,0
DA:183,0
DA:242,0
LF:41
LH:0
BRDA:17,0,0,0
BRDA:17,0,1,0
BRDA:40,1,0,0
BRDA:40,1,1,0
BRDA:46,2,0,0
BRDA:46,2,1,0
BRDA:72,3,0,0
BRDA:72,3,1,0
BRDA:76,4,0,0
BRDA:76,4,1,0
BRDA:118,5,0,0
BRDA:118,5,1,0
BRDA:166,6,0,0
BRDA:166,6,1,0
BRDA:168,7,0,0
BRDA:168,7,1,0
BRDA:170,8,0,0
BRDA:170,8,1,0
BRDA:172,9,0,0
BRDA:172,9,1,0
BRDA:174,10,0,0
BRDA:174,10,1,0
BRDA:176,11,0,0
BRDA:176,11,1,0
BRDA:190,12,0,0
BRDA:190,12,1,0
BRDA:191,13,0,0
BRDA:191,13,1,0
BRF:28
BRH:0
end_of_record
TN:
SF:app/tabs/ai-lesson.tsx
FN:111,(anonymous_0)
FN:149,AILessonScreen
FN:163,(anonymous_2)
FN:172,(anonymous_3)
FN:197,(anonymous_4)
FN:206,(anonymous_5)
FN:211,(anonymous_6)
FN:217,(anonymous_7)
FN:246,(anonymous_8)
FN:250,(anonymous_9)
FN:252,(anonymous_10)
FN:277,(anonymous_11)
FN:283,(anonymous_12)
FN:297,(anonymous_13)
FN:327,(anonymous_14)
FN:332,(anonymous_15)
FN:339,(anonymous_16)
FN:364,(anonymous_17)
FN:386,(anonymous_18)
FN:394,(anonymous_19)
FN:395,(anonymous_20)
FN:441,(anonymous_21)
FN:446,(anonymous_22)
FN:466,(anonymous_23)
FN:503,(anonymous_24)
FN:549,(anonymous_25)
FN:579,(anonymous_26)
FN:590,(anonymous_27)
FNF:28
FNH:0
FNDA:0,(anonymous_0)
FNDA:0,AILessonScreen
FNDA:0,(anonymous_2)
FNDA:0,(anonymous_3)
FNDA:0,(anonymous_4)
FNDA:0,(anonymous_5)
FNDA:0,(anonymous_6)
FNDA:0,(anonymous_7)
FNDA:0,(anonymous_8)
FNDA:0,(anonymous_9)
FNDA:0,(anonymous_10)
FNDA:0,(anonymous_11)
FNDA:0,(anonymous_12)
FNDA:0,(anonymous_13)
FNDA:0,(anonymous_14)
FNDA:0,(anonymous_15)
FNDA:0,(anonymous_16)
FNDA:0,(anonymous_17)
FNDA:0,(anonymous_18)
FNDA:0,(anonymous_19)
FNDA:0,(anonymous_20)
FNDA:0,(anonymous_21)
FNDA:0,(anonymous_22)
FNDA:0,(anonymous_23)
FNDA:0,(anonymous_24)
FNDA:0,(anonymous_25)
FNDA:0,(anonymous_26)
FNDA:0,(anonymous_27)
DA:29,0
DA:48,0
DA:51,0
DA:57,0
DA:111,0
DA:112,0
DA:114,0
DA:116,0
DA:118,0
DA:119,0
DA:121,0
DA:122,0
DA:123,0
DA:126,0
DA:127,0
DA:128,0
DA:129,0
DA:130,0
DA:131,0
DA:132,0
DA:133,0
DA:142,0
DA:144,0
DA:145,0
DA:150,0
DA:151,0
DA:152,0
DA:153,0
DA:154,0
DA:155,0
DA:156,0
DA:157,0
DA:158,0
DA:159,0
DA:161,0
DA:163,0
DA:164,0
DA:165,0
DA:166,0
DA:167,0
DA:169,0
DA:170,0
DA:172,0
DA:173,0
DA:174,0
DA:175,0
DA:177,0
DA:180,0
DA:183,0
DA:184,0
DA:185,0
DA:186,0
DA:188,0
DA:189,0
DA:190,0
DA:197,0
DA:201,0
DA:202,0
DA:206,0
DA:207,0
DA:208,0
DA:211,0
DA:212,0
DA:213,0
DA:214,0
DA:217,0
DA:218,0
DA:219,0
DA:220,0
DA:221,0
DA:222,0
DA:226,0
DA:228,0
DA:229,0
DA:233,0
DA:236,0
DA:237,0
DA:241,0
DA:242,0
DA:246,0
DA:247,0
DA:250,0
DA:251,0
DA:252,0
DA:254,0
DA:257,0
DA:261,0
DA:262,0
DA:267,0
DA:271,0
DA:277,0
DA:279,0
DA:280,0
DA:283,0
DA:284,0
DA:286,0
DA:298,0
DA:299,0
DA:302,0
DA:303,0
DA:307,0
DA:310,0
DA:311,0
DA:314,0
DA:316,0
DA:317,0
DA:319,0
DA:327,0
DA:328,0
DA:329,0
DA:332,0
DA:333,0
DA:339,0
DA:364,0
DA:386,0
DA:387,0
DA:389,0
DA:394,0
DA:395,0
DA:441,0
DA:442,0
DA:446,0
DA:466,0
DA:467,0
DA:468,0
DA:503,0
DA:504,0
DA:549,0
DA:579,0
DA:580,0
DA:590,0
DA:604,0
DA:606,0
DA:620,0
LF:134
LH:0
BRDA:112,0,0,0
BRDA:112,0,1,0
BRDA:114,1,0,0
BRDA:114,1,1,0
BRDA:119,2,0,0
BRDA:119,2,1,0
BRDA:127,3,0,0
BRDA:127,3,1,0
BRDA:128,4,0,0
BRDA:128,4,1,0
BRDA:129,5,0,0
BRDA:129,5,1,0
BRDA:130,6,0,0
BRDA:130,6,1,0
BRDA:132,7,0,0
BRDA:132,7,1,0
BRDA:133,8,0,0
BRDA:133,8,1,0
BRDA:169,9,0,0
BRDA:169,9,1,0
BRDA:173,10,0,0
BRDA:173,10,1,0
BRDA:220,11,0,0
BRDA:220,11,1,0
BRDA:228,12,0,0
BRDA:228,12,1,0
BRDA:247,13,0,0
BRDA:247,13,1,0
BRDA:251,14,0,0
BRDA:251,14,1,0
BRDA:261,15,0,0
BRDA:261,15,1,0
BRDA:284,16,0,0
BRDA:284,16,1,0
BRDA:337,17,0,0
BRDA:337,17,1,0
BRDA:345,18,0,0
BRDA:345,18,1,0
BRDA:350,19,0,0
BRDA:350,19,1,0
BRDA:356,20,0,0
BRDA:356,20,1,0
BRDA:362,21,0,0
BRDA:362,21,1,0
BRDA:370,22,0,0
BRDA:370,22,1,0
BRDA:375,23,0,0
BRDA:375,23,1,0
BRDA:381,24,0,0
BRDA:381,24,1,0
BRDA:399,25,0,0
BRDA:399,25,1,0
BRDA:402,26,0,0
BRDA:402,26,1,0
BRDA:406,27,0,0
BRDA:406,27,1,0
BRDA:408,28,0,0
BRDA:408,28,1,0
BRDA:421,29,0,0
BRDA:421,29,1,0
BRDA:428,30,0,0
BRDA:428,30,1,0
BRDA:433,31,0,0
BRDA:433,31,1,0
BRDA:505,32,0,0
BRDA:505,32,1,0
BRDA:514,33,0,0
BRDA:514,33,1,0
BRDA:514,34,0,0
BRDA:514,34,1,0
BRDA:521,35,0,0
BRDA:521,35,1,0
BRDA:523,36,0,0
BRDA:523,36,1,0
BRDA:568,37,0,0
BRDA:568,37,1,0
BRDA:568,37,2,0
BRDA:611,38,0,0
BRDA:611,38,1,0
BRDA:631,39,0,0
BRDA:631,39,1,0
BRDA:640,40,0,0
BRDA:640,40,1,0
BRDA:671,41,0,0
BRDA:671,41,1,0
BRDA:695,42,0,0
BRDA:695,42,1,0
BRDA:707,43,0,0
BRDA:707,43,1,0
BRDA:718,44,0,0
BRDA:718,44,1,0
BRDA:753,45,0,0
BRDA:753,45,1,0
BRDA:779,46,0,0
BRDA:779,46,1,0
BRDA:820,47,0,0
BRDA:820,47,1,0
BRDA:829,48,0,0
BRDA:829,48,1,0
BRDA:849,49,0,0
BRDA:849,49,1,0
BRDA:905,50,0,0
BRDA:905,50,1,0
BRDA:920,51,0,0
BRDA:920,51,1,0
BRDA:939,52,0,0
BRDA:939,52,1,0
BRDA:965,53,0,0
BRDA:965,53,1,0
BRF:109
BRH:0
end_of_record
TN:
SF:app/tabs/index.tsx
FN:32,HomeScreen
FN:65,(anonymous_1)
FN:70,(anonymous_2)
FN:95,(anonymous_3)
FN:103,(anonymous_4)
FN:113,(anonymous_5)
FN:141,(anonymous_6)
FN:153,(anonymous_7)
FN:171,(anonymous_8)
FN:175,(anonymous_9)
FN:182,(anonymous_10)
FN:191,(anonymous_11)
FN:207,(anonymous_12)
FN:229,(anonymous_13)
FN:238,(anonymous_14)
FN:252,(anonymous_15)
FN:260,(anonymous_16)
FN:262,(anonymous_17)
FN:268,(anonymous_18)
FN:284,(anonymous_19)
FN:296,(anonymous_20)
FN:408,(anonymous_21)
FN:428,(anonymous_22)
FN:454,(anonymous_23)
FN:459,(anonymous_24)
FN:465,(anonymous_25)
FN:471,(anonymous_26)
FN:479,(anonymous_27)
FN:501,(anonymous_28)
FN:582,(anonymous_29)
FN:591,(anonymous_30)
FN:600,(anonymous_31)
FNF:32
FNH:0
FNDA:0,HomeScreen
FNDA:0,(anonymous_1)
FNDA:0,(anonymous_2)
FNDA:0,(anonymous_3)
FNDA:0,(anonymous_4)
FNDA:0,(anonymous_5)
FNDA:0,(anonymous_6)
FNDA:0,(anonymous_7)
FNDA:0,(anonymous_8)
FNDA:0,(anonymous_9)
FNDA:0,(anonymous_10)
FNDA:0,(anonymous_11)
FNDA:0,(anonymous_12)
FNDA:0,(anonymous_13)
FNDA:0,(anonymous_14)
FNDA:0,(anonymous_15)
FNDA:0,(anonymous_16)
FNDA:0,(anonymous_17)
FNDA:0,(anonymous_18)
FNDA:0,(anonymous_19)
FNDA:0,(anonymous_20)
FNDA:0,(anonymous_21)
FNDA:0,(anonymous_22)
FNDA:0,(anonymous_23)
FNDA:0,(anonymous_24)
FNDA:0,(anonymous_25)
FNDA:0,(anonymous_26)
FNDA:0,(anonymous_27)
FNDA:0,(anonymous_28)
FNDA:0,(anonymous_29)
FNDA:0,(anonymous_30)
FNDA:0,(anonymous_31)
DA:34,0
DA:35,0
DA:36,0
DA:38,0
DA:39,0
DA:40,0
DA:41,0
DA:42,0
DA:43,0
DA:46,0
DA:47,0
DA:48,0
DA:51,0
DA:54,0
DA:57,0
DA:58,0
DA:61,0
DA:62,0
DA:65,0
DA:66,0
DA:67,0
DA:70,0
DA:71,0
DA:95,0
DA:96,0
DA:97,0
DA:98,0
DA:103,0
DA:105,0
DA:106,0
DA:109,0
DA:110,0
DA:111,0
DA:113,0
DA:115,0
DA:116,0
DA:118,0
DA:119,0
DA:121,0
DA:125,0
DA:126,0
DA:127,0
DA:128,0
DA:133,0
DA:134,0
DA:137,0
DA:138,0
DA:141,0
DA:142,0
DA:143,0
DA:144,0
DA:145,0
DA:147,0
DA:148,0
DA:153,0
DA:154,0
DA:155,0
DA:156,0
DA:159,0
DA:160,0
DA:161,0
DA:162,0
DA:163,0
DA:165,0
DA:166,0
DA:167,0
DA:171,0
DA:172,0
DA:175,0
DA:176,0
DA:182,0
DA:184,0
DA:191,0
DA:192,0
DA:207,0
DA:208,0
DA:209,0
DA:229,0
DA:230,0
DA:231,0
DA:232,0
DA:233,0
DA:234,0
DA:238,0
DA:239,0
DA:241,0
DA:243,0
DA:245,0
DA:247,0
DA:252,0
DA:253,0
DA:254,0
DA:255,0
DA:256,0
DA:260,0
DA:262,0
DA:264,0
DA:268,0
DA:269,0
DA:272,0
DA:273,0
DA:275,0
DA:278,0
DA:279,0
DA:280,0
DA:284,0
DA:285,0
DA:286,0
DA:287,0
DA:288,0
DA:289,0
DA:290,0
DA:292,0
DA:296,0
DA:297,0
DA:298,0
DA:300,0
DA:301,0
DA:302,0
DA:303,0
DA:304,0
DA:305,0
DA:307,0
DA:310,0
DA:311,0
DA:312,0
DA:314,0
DA:408,0
DA:409,0
DA:411,0
DA:412,0
DA:413,0
DA:415,0
DA:416,0
DA:419,0
DA:421,0
DA:423,0
DA:428,0
DA:450,0
DA:454,0
DA:455,0
DA:459,0
DA:465,0
DA:471,0
DA:476,0
DA:480,0
DA:501,0
DA:507,0
DA:531,0
DA:582,0
DA:591,0
DA:600,0
DA:612,0
LF:153
LH:0
BRDA:73,0,0,0
BRDA:73,0,1,0
BRDA:73,1,0,0
BRDA:73,1,1,0
BRDA:76,2,0,0
BRDA:76,2,1,0
BRDA:76,3,0,0
BRDA:76,3,1,0
BRDA:77,4,0,0
BRDA:77,4,1,0
BRDA:77,5,0,0
BRDA:77,5,1,0
BRDA:78,6,0,0
BRDA:78,6,1,0
BRDA:78,7,0,0
BRDA:78,7,1,0
BRDA:79,8,0,0
BRDA:79,8,1,0
BRDA:79,9,0,0
BRDA:79,9,1,0
BRDA:82,10,0,0
BRDA:82,10,1,0
BRDA:82,11,0,0
BRDA:82,11,1,0
BRDA:83,12,0,0
BRDA:83,12,1,0
BRDA:83,13,0,0
BRDA:83,13,1,0
BRDA:86,14,0,0
BRDA:86,14,1,0
BRDA:86,15,0,0
BRDA:86,15,1,0
BRDA:87,16,0,0
BRDA:87,16,1,0
BRDA:87,17,0,0
BRDA:87,17,1,0
BRDA:90,18,0,0
BRDA:90,18,1,0
BRDA:90,19,0,0
BRDA:90,19,1,0
BRDA:96,20,0,0
BRDA:96,20,1,0
BRDA:116,21,0,0
BRDA:116,21,1,0
BRDA:118,22,0,0
BRDA:118,22,1,0
BRDA:118,23,0,0
BRDA:118,23,1,0
BRDA:125,24,0,0
BRDA:125,24,1,0
BRDA:125,25,0,0
BRDA:125,25,1,0
BRDA:125,25,2,0
BRDA:127,26,0,0
BRDA:127,26,1,0
BRDA:144,27,0,0
BRDA:144,27,1,0
BRDA:154,28,0,0
BRDA:154,28,1,0
BRDA:208,29,0,0
BRDA:208,29,1,0
BRDA:239,30,0,0
BRDA:239,30,1,0
BRDA:239,30,2,0
BRDA:239,30,3,0
BRDA:269,31,0,0
BRDA:269,31,1,0
BRDA:272,32,0,0
BRDA:272,32,1,0
BRDA:272,33,0,0
BRDA:272,33,1,0
BRDA:285,34,0,0
BRDA:285,34,1,0
BRDA:285,35,0,0
BRDA:285,35,1,0
BRDA:287,36,0,0
BRDA:287,36,1,0
BRDA:287,37,0,0
BRDA:287,37,1,0
BRDA:289,38,0,0
BRDA:289,38,1,0
BRDA:289,39,0,0
BRDA:289,39,1,0
BRDA:297,40,0,0
BRDA:297,40,1,0
BRDA:300,41,0,0
BRDA:300,41,1,0
BRDA:300,42,0,0
BRDA:300,42,1,0
BRDA:302,43,0,0
BRDA:302,43,1,0
BRDA:302,44,0,0
BRDA:302,44,1,0
BRDA:304,45,0,0
BRDA:304,45,1,0
BRDA:304,46,0,0
BRDA:304,46,1,0
BRDA:330,47,0,0
BRDA:330,47,1,0
BRDA:331,48,0,0
BRDA:331,48,1,0
BRDA:343,49,0,0
BRDA:343,49,1,0
BRDA:349,50,0,0
BRDA:349,50,1,0
BRDA:356,51,0,0
BRDA:356,51,1,0
BRDA:367,52,0,0
BRDA:367,52,1,0
BRDA:379,53,0,0
BRDA:379,53,1,0
BRDA:384,54,0,0
BRDA:384,54,1,0
BRDA:385,55,0,0
BRDA:385,55,1,0
BRDA:409,56,0,0
BRDA:409,56,1,0
BRDA:472,57,0,0
BRDA:472,57,1,0
BRDA:486,58,0,0
BRDA:486,58,1,0
BRDA:520,59,0,0
BRDA:520,59,1,0
BRDA:533,60,0,0
BRDA:533,60,1,0
BRDA:577,61,0,0
BRDA:577,61,1,0
BRDA:586,62,0,0
BRDA:586,62,1,0
BRDA:595,63,0,0
BRDA:595,63,1,0
BRF:131
BRH:0
end_of_record
TN:
SF:app/tabs/lessons.tsx
FN:35,LessonsScreen
FN:63,(anonymous_1)
FN:64,(anonymous_2)
FN:72,(anonymous_3)
FN:86,(anonymous_4)
FN:89,(anonymous_5)
FN:90,(anonymous_6)
FN:112,(anonymous_7)
FN:114,(anonymous_8)
FN:116,(anonymous_9)
FN:138,(anonymous_10)
FN:185,(anonymous_11)
FN:186,(anonymous_12)
FN:193,(anonymous_13)
FN:201,(anonymous_14)
FN:210,(anonymous_15)
FN:211,(anonymous_16)
FN:231,(anonymous_17)
FN:254,(anonymous_18)
FN:255,(anonymous_19)
FN:279,(anonymous_20)
FN:286,(anonymous_21)
FN:290,(anonymous_22)
FN:294,(anonymous_23)
FN:299,(anonymous_24)
FN:300,(anonymous_25)
FN:302,(anonymous_26)
FN:308,(anonymous_27)
FN:316,(anonymous_28)
FN:322,(anonymous_29)
FN:327,(anonymous_30)
FN:329,(anonymous_31)
FN:336,(anonymous_32)
FN:340,(anonymous_33)
FN:354,(anonymous_34)
FN:367,(anonymous_35)
FN:390,(anonymous_36)
FN:397,(anonymous_37)
FN:401,(anonymous_38)
FN:411,(anonymous_39)
FN:412,(anonymous_40)
FN:414,(anonymous_41)
FN:424,(anonymous_42)
FN:461,(anonymous_43)
FN:469,(anonymous_44)
FN:495,(anonymous_45)
FN:500,(anonymous_46)
FN:509,(anonymous_47)
FN:510,(anonymous_48)
FN:560,(anonymous_49)
FN:583,(anonymous_50)
FN:649,(anonymous_51)
FN:674,(anonymous_52)
FN:678,(anonymous_53)
FN:687,(anonymous_54)
FN:688,(anonymous_55)
FN:782,(anonymous_56)
FNF:57
FNH:0
FNDA:0,LessonsScreen
FNDA:0,(anonymous_1)
FNDA:0,(anonymous_2)
FNDA:0,(anonymous_3)
FNDA:0,(anonymous_4)
FNDA:0,(anonymous_5)
FNDA:0,(anonymous_6)
FNDA:0,(anonymous_7)
FNDA:0,(anonymous_8)
FNDA:0,(anonymous_9)
FNDA:0,(anonymous_10)
FNDA:0,(anonymous_11)
FNDA:0,(anonymous_12)
FNDA:0,(anonymous_13)
FNDA:0,(anonymous_14)
FNDA:0,(anonymous_15)
FNDA:0,(anonymous_16)
FNDA:0,(anonymous_17)
FNDA:0,(anonymous_18)
FNDA:0,(anonymous_19)
FNDA:0,(anonymous_20)
FNDA:0,(anonymous_21)
FNDA:0,(anonymous_22)
FNDA:0,(anonymous_23)
FNDA:0,(anonymous_24)
FNDA:0,(anonymous_25)
FNDA:0,(anonymous_26)
FNDA:0,(anonymous_27)
FNDA:0,(anonymous_28)
FNDA:0,(anonymous_29)
FNDA:0,(anonymous_30)
FNDA:0,(anonymous_31)
FNDA:0,(anonymous_32)
FNDA:0,(anonymous_33)
FNDA:0,(anonymous_34)
FNDA:0,(anonymous_35)
FNDA:0,(anonymous_36)
FNDA:0,(anonymous_37)
FNDA:0,(anonymous_38)
FNDA:0,(anonymous_39)
FNDA:0,(anonymous_40)
FNDA:0,(anonymous_41)
FNDA:0,(anonymous_42)
FNDA:0,(anonymous_43)
FNDA:0,(anonymous_44)
FNDA:0,(anonymous_45)
FNDA:0,(anonymous_46)
FNDA:0,(anonymous_47)
FNDA:0,(anonymous_48)
FNDA:0,(anonymous_49)
FNDA:0,(anonymous_50)
FNDA:0,(anonymous_51)
FNDA:0,(anonymous_52)
FNDA:0,(anonymous_53)
FNDA:0,(anonymous_54)
FNDA:0,(anonymous_55)
FNDA:0,(anonymous_56)
DA:30,0
DA:36,0
DA:37,0
DA:38,0
DA:39,0
DA:40,0
DA:41,0
DA:42,0
DA:43,0
DA:46,0
DA:49,0
DA:50,0
DA:51,0
DA:54,0
DA:60,0
DA:63,0
DA:64,0
DA:65,0
DA:69,0
DA:72,0
DA:76,0
DA:79,0
DA:80,0
DA:83,0
DA:86,0
DA:89,0
DA:90,0
DA:92,0
DA:93,0
DA:95,0
DA:103,0
DA:104,0
DA:105,0
DA:108,0
DA:112,0
DA:113,0
DA:114,0
DA:115,0
DA:116,0
DA:119,0
DA:123,0
DA:138,0
DA:139,0
DA:141,0
DA:142,0
DA:143,0
DA:151,0
DA:152,0
DA:160,0
DA:161,0
DA:165,0
DA:166,0
DA:167,0
DA:168,0
DA:177,0
DA:179,0
DA:180,0
DA:185,0
DA:186,0
DA:188,0
DA:191,0
DA:194,0
DA:200,0
DA:202,0
DA:205,0
DA:210,0
DA:211,0
DA:212,0
DA:213,0
DA:214,0
DA:215,0
DA:218,0
DA:219,0
DA:220,0
DA:223,0
DA:226,0
DA:227,0
DA:229,0
DA:231,0
DA:232,0
DA:242,0
DA:244,0
DA:245,0
DA:249,0
DA:253,0
DA:255,0
DA:256,0
DA:258,0
DA:260,0
DA:262,0
DA:263,0
DA:264,0
DA:267,0
DA:268,0
DA:270,0
DA:273,0
DA:277,0
DA:279,0
DA:286,0
DA:287,0
DA:290,0
DA:291,0
DA:294,0
DA:295,0
DA:299,0
DA:300,0
DA:301,0
DA:302,0
DA:308,0
DA:309,0
DA:311,0
DA:312,0
DA:316,0
DA:317,0
DA:318,0
DA:322,0
DA:323,0
DA:324,0
DA:325,0
DA:327,0
DA:328,0
DA:329,0
DA:336,0
DA:337,0
DA:340,0
DA:341,0
DA:345,0
DA:354,0
DA:355,0
DA:358,0
DA:367,0
DA:368,0
DA:370,0
DA:372,0
DA:373,0
DA:377,0
DA:378,0
DA:381,0
DA:382,0
DA:385,0
DA:390,0
DA:391,0
DA:393,0
DA:394,0
DA:396,0
DA:398,0
DA:399,0
DA:402,0
DA:403,0
DA:408,0
DA:411,0
DA:412,0
DA:413,0
DA:414,0
DA:420,0
DA:421,0
DA:424,0
DA:425,0
DA:430,0
DA:431,0
DA:450,0
DA:453,0
DA:462,0
DA:464,0
DA:469,0
DA:496,0
DA:501,0
DA:502,0
DA:504,0
DA:509,0
DA:510,0
DA:526,0
DA:560,0
DA:583,0
DA:649,0
DA:675,0
DA:679,0
DA:680,0
DA:682,0
DA:687,0
DA:688,0
DA:782,0
DA:791,0
LF:183
LH:0
BRDA:50,0,0,0
BRDA:50,0,1,0
BRDA:104,1,0,0
BRDA:104,1,1,0
BRDA:115,2,0,0
BRDA:115,2,1,0
BRDA:115,3,0,0
BRDA:115,3,1,0
BRDA:141,4,0,0
BRDA:141,4,1,0
BRDA:141,5,0,0
BRDA:141,5,1,0
BRDA:141,5,2,0
BRDA:151,6,0,0
BRDA:151,6,1,0
BRDA:160,7,0,0
BRDA:160,7,1,0
BRDA:160,8,0,0
BRDA:160,8,1,0
BRDA:165,9,0,0
BRDA:165,9,1,0
BRDA:165,10,0,0
BRDA:165,10,1,0
BRDA:167,11,0,0
BRDA:167,11,1,0
BRDA:191,12,0,0
BRDA:191,12,1,0
BRDA:191,12,2,0
BRDA:191,12,3,0
BRDA:191,12,4,0
BRDA:191,12,5,0
BRDA:191,12,6,0
BRDA:191,12,7,0
BRDA:191,12,8,0
BRDA:194,13,0,0
BRDA:194,13,1,0
BRDA:200,14,0,0
BRDA:200,14,1,0
BRDA:200,14,2,0
BRDA:200,14,3,0
BRDA:205,15,0,0
BRDA:205,15,1,0
BRDA:205,15,2,0
BRDA:212,16,0,0
BRDA:212,16,1,0
BRDA:226,17,0,0
BRDA:226,17,1,0
BRDA:236,18,0,0
BRDA:236,18,1,0
BRDA:237,19,0,0
BRDA:237,19,1,0
BRDA:256,20,0,0
BRDA:256,20,1,0
BRDA:262,21,0,0
BRDA:262,21,1,0
BRDA:301,22,0,0
BRDA:301,22,1,0
BRDA:323,23,0,0
BRDA:323,23,1,0
BRDA:328,24,0,0
BRDA:328,24,1,0
BRDA:337,25,0,0
BRDA:337,25,1,0
BRDA:355,26,0,0
BRDA:355,26,1,0
BRDA:368,27,0,0
BRDA:368,27,1,0
BRDA:381,28,0,0
BRDA:381,28,1,0
BRDA:391,29,0,0
BRDA:391,29,1,0
BRDA:413,30,0,0
BRDA:413,30,1,0
BRDA:430,31,0,0
BRDA:430,31,1,0
BRDA:474,32,0,0
BRDA:474,32,1,0
BRDA:484,33,0,0
BRDA:484,33,1,0
BRDA:501,34,0,0
BRDA:501,34,1,0
BRDA:521,35,0,0
BRDA:521,35,1,0
BRDA:541,36,0,0
BRDA:541,36,1,0
BRDA:541,36,2,0
BRDA:541,36,3,0
BRDA:558,37,0,0
BRDA:558,37,1,0
BRDA:565,38,0,0
BRDA:565,38,1,0
BRDA:571,39,0,0
BRDA:571,39,1,0
BRDA:581,40,0,0
BRDA:581,40,1,0
BRDA:588,41,0,0
BRDA:588,41,1,0
BRDA:594,42,0,0
BRDA:594,42,1,0
BRDA:604,43,0,0
BRDA:604,43,1,0
BRDA:620,44,0,0
BRDA:620,44,1,0
BRDA:623,45,0,0
BRDA:623,45,1,0
BRDA:628,46,0,0
BRDA:628,46,1,0
BRDA:638,47,0,0
BRDA:638,47,1,0
BRDA:638,48,0,0
BRDA:638,48,1,0
BRDA:662,49,0,0
BRDA:662,49,1,0
BRDA:679,50,0,0
BRDA:679,50,1,0
BRDA:695,51,0,0
BRDA:695,51,1,0
BRDA:702,52,0,0
BRDA:702,52,1,0
BRDA:704,53,0,0
BRDA:704,53,1,0
BRDA:715,54,0,0
BRDA:715,54,1,0
BRDA:715,54,2,0
BRDA:773,55,0,0
BRDA:773,55,1,0
BRDA:773,55,2,0
BRDA:773,55,3,0
BRF:128
BRH:0
end_of_record
TN:
SF:app/tabs/schedule.tsx
FN:4,ScheduleScreen
FNF:1
FNH:0
FNDA:0,ScheduleScreen
DA:5,0
LF:1
LH:0
BRF:0
BRH:0
end_of_record
TN:
SF:app/tabs/task.tsx
FN:7,TaskScreen
FNF:1
FNH:0
FNDA:0,TaskScreen
DA:8,0
DA:10,0
DA:23,0
LF:3
LH:0
BRF:0
BRH:0
end_of_record
